[2022/10/12 11:45:37.050] - Starting server with initial configuration: {"gasLimit":6721975,"gasPrice":20000000000,"hardfork":"muirGlacier","hostname":"127.0.0.1","port":7545,"network_id":5777,"default_balance_ether":100,"total_accounts":10,"unlocked_accounts":[],"locked":true,"vmErrorsOnRPCResponse":true,"verbose":false,"db_path":"C:\\Users\\Tanis\\AppData\\Roaming\\Ganache\\workspaces\\wallet\\chaindata","logDirectory":"C:\\Users\\Tanis\\Desktop\\Files\\projects\\wallet\\logs"}
[2022/10/12 11:45:37.194] - eth_getCode
[2022/10/12 11:45:37.196] - eth_subscribe
[2022/10/12 11:45:37.197] - eth_getLogs
[2022/10/12 11:45:37.203] - eth_subscribe
[2022/10/12 11:45:37.219] - eth_getCode
[2022/10/12 11:45:37.265] - eth_getCode
[2022/10/12 11:45:37.267] - eth_subscribe
[2022/10/12 11:45:37.269] - eth_getLogs
[2022/10/12 11:45:37.271] - eth_subscribe
[2022/10/12 11:45:37.293] - eth_getCode
[2022/10/12 11:45:37.406] - eth_blockNumber
[2022/10/12 11:45:37.407] - eth_blockNumber
[2022/10/12 11:45:37.409] - eth_accounts
[2022/10/12 11:45:37.410] - eth_accounts
[2022/10/12 11:45:37.412] - eth_gasPrice
[2022/10/12 11:45:37.415] - eth_gasPrice
[2022/10/12 11:45:37.416] - eth_getBlockByNumber
[2022/10/12 11:45:37.417] - eth_getBlockByNumber
[2022/10/12 11:45:37.419] - eth_subscribe
[2022/10/12 11:45:37.420] - eth_subscribe
[2022/10/12 11:45:37.496] - eth_getBalance
[2022/10/12 11:45:37.505] - eth_getTransactionCount
[2022/10/12 11:45:37.512] - eth_getBalance
[2022/10/12 11:45:37.516] - eth_getTransactionCount
[2022/10/12 11:45:37.525] - eth_getBalance
[2022/10/12 11:45:37.531] - eth_getTransactionCount
[2022/10/12 11:45:37.534] - eth_getBalance
[2022/10/12 11:45:37.545] - eth_getTransactionCount
[2022/10/12 11:45:37.551] - eth_getBalance
[2022/10/12 11:45:37.559] - eth_getTransactionCount
[2022/10/12 11:45:37.565] - eth_getBalance
[2022/10/12 11:45:37.570] - eth_getTransactionCount
[2022/10/12 11:45:37.576] - eth_getBalance
[2022/10/12 11:45:37.581] - eth_getTransactionCount
[2022/10/12 11:45:37.586] - eth_getBalance
[2022/10/12 11:45:37.589] - eth_getTransactionCount
[2022/10/12 11:45:37.600] - eth_getBalance
[2022/10/12 11:45:37.601] - eth_getTransactionCount
[2022/10/12 11:45:37.606] - eth_getBalance
[2022/10/12 11:45:37.611] - eth_getTransactionCount
[2022/10/12 11:45:37.616] - eth_getBalance
[2022/10/12 11:45:37.623] - eth_getTransactionCount
[2022/10/12 11:45:37.625] - eth_getBalance
[2022/10/12 11:45:37.632] - eth_getTransactionCount
[2022/10/12 11:45:37.636] - eth_getBalance
[2022/10/12 11:45:37.640] - eth_getTransactionCount
[2022/10/12 11:45:37.644] - eth_getBalance
[2022/10/12 11:45:37.648] - eth_getTransactionCount
[2022/10/12 11:45:37.654] - eth_getBalance
[2022/10/12 11:45:37.659] - eth_getTransactionCount
[2022/10/12 11:45:37.663] - eth_getBalance
[2022/10/12 11:45:37.672] - eth_getTransactionCount
[2022/10/12 11:45:37.677] - eth_getBalance
[2022/10/12 11:45:37.681] - eth_getTransactionCount
[2022/10/12 11:45:37.685] - eth_getBalance
[2022/10/12 11:45:37.694] - eth_getTransactionCount
[2022/10/12 11:45:37.699] - eth_getBalance
[2022/10/12 11:45:37.703] - eth_getTransactionCount
[2022/10/12 11:45:37.709] - eth_getBalance
[2022/10/12 11:45:37.715] - eth_getTransactionCount
[2022/10/12 11:45:37.720] - eth_getBalance
[2022/10/12 11:45:37.724] - eth_getTransactionCount
[2022/10/12 11:45:37.728] - eth_getBalance
[2022/10/12 11:45:37.734] - eth_getTransactionCount
[2022/10/12 11:45:37.739] - eth_getBalance
[2022/10/12 11:45:37.748] - eth_getTransactionCount
[2022/10/12 11:45:37.749] - eth_getBalance
[2022/10/12 11:45:37.752] - eth_getTransactionCount
[2022/10/12 11:45:37.759] - eth_getBalance
[2022/10/12 11:45:37.775] - eth_getTransactionCount
[2022/10/12 11:45:37.776] - eth_getBalance
[2022/10/12 11:45:37.778] - eth_getTransactionCount
[2022/10/12 11:45:37.781] - eth_getBalance
[2022/10/12 11:45:37.782] - eth_getTransactionCount
[2022/10/12 11:45:37.791] - eth_getBalance
[2022/10/12 11:45:37.796] - eth_getTransactionCount
[2022/10/12 11:45:37.803] - eth_getBalance
[2022/10/12 11:45:37.807] - eth_getTransactionCount
[2022/10/12 11:45:37.816] - eth_getBalance
[2022/10/12 11:45:37.821] - eth_getTransactionCount
[2022/10/12 11:45:37.880] - eth_getBalance
[2022/10/12 11:45:37.890] - eth_getTransactionCount
[2022/10/12 11:45:37.894] - eth_getBalance
[2022/10/12 11:45:37.899] - eth_getTransactionCount
[2022/10/12 11:45:37.913] - eth_getBalance
[2022/10/12 11:45:37.915] - eth_getTransactionCount
[2022/10/12 11:45:37.916] - eth_getBalance
[2022/10/12 11:45:37.919] - eth_getTransactionCount
[2022/10/12 11:45:37.922] - eth_getBalance
[2022/10/12 11:45:37.927] - eth_getTransactionCount
[2022/10/12 11:45:37.929] - eth_getBalance
[2022/10/12 11:45:37.936] - eth_getTransactionCount
[2022/10/12 11:45:37.940] - eth_getBalance
[2022/10/12 11:45:37.944] - eth_getTransactionCount
[2022/10/12 11:45:37.948] - eth_getBalance
[2022/10/12 11:45:37.954] - eth_getTransactionCount
[2022/10/12 11:45:37.955] - eth_getBalance
[2022/10/12 11:45:37.960] - eth_getTransactionCount
[2022/10/12 11:45:37.966] - eth_getBalance
[2022/10/12 11:45:37.968] - eth_getTransactionCount
[2022/10/12 11:45:42.541] - eth_getBlockByNumber
[2022/10/12 11:45:42.571] - eth_getTransactionReceipt
[2022/10/12 11:45:42.602] - eth_getBlockByNumber
[2022/10/12 11:45:42.634] - eth_getTransactionReceipt
[2022/10/12 11:45:42.652] - eth_getBlockByNumber
[2022/10/12 11:45:42.680] - eth_getTransactionReceipt
[2022/10/12 11:45:42.715] - eth_getBlockByNumber
[2022/10/12 11:45:42.744] - eth_getTransactionReceipt
[2022/10/12 11:45:42.778] - eth_getBlockByNumber
[2022/10/12 11:45:42.803] - eth_getTransactionReceipt
[2022/10/12 11:45:42.824] - eth_getBlockByNumber
[2022/10/12 11:45:42.849] - eth_getTransactionReceipt
[2022/10/12 11:45:42.874] - eth_getBlockByNumber
[2022/10/12 11:45:42.895] - eth_getTransactionReceipt
[2022/10/12 11:45:42.919] - eth_getBlockByNumber
[2022/10/12 11:45:42.943] - eth_getTransactionReceipt
[2022/10/12 11:45:42.963] - eth_getBlockByNumber
[2022/10/12 11:45:42.989] - eth_getTransactionReceipt
[2022/10/12 11:45:43.017] - eth_getBlockByNumber
[2022/10/12 11:45:43.039] - eth_getTransactionReceipt
[2022/10/12 11:45:43.060] - eth_getBlockByNumber
[2022/10/12 11:45:43.086] - eth_getTransactionReceipt
