[2022/10/13 12:06:12.856] - Starting server with initial configuration: {"gasLimit":6721975,"gasPrice":20000000000,"hardfork":"muirGlacier","hostname":"127.0.0.1","port":7545,"network_id":5777,"default_balance_ether":100,"total_accounts":10,"unlocked_accounts":[],"locked":true,"vmErrorsOnRPCResponse":true,"verbose":false,"db_path":"C:\\Users\\Tanis\\AppData\\Roaming\\Ganache\\workspaces\\wallet\\chaindata","logDirectory":"C:\\Users\\Tanis\\Desktop\\Files\\projects\\wallet\\logs"}
[2022/10/13 12:06:12.907] - eth_subscribe
[2022/10/13 12:06:12.909] - eth_getLogs
[2022/10/13 12:06:12.910] - eth_subscribe
[2022/10/13 12:06:12.918] - eth_subscribe
[2022/10/13 12:06:12.919] - eth_getLogs
[2022/10/13 12:06:12.921] - eth_subscribe
[2022/10/13 12:06:12.964] - eth_blockNumber
[2022/10/13 12:06:12.965] - eth_accounts
[2022/10/13 12:06:12.966] - eth_gasPrice
[2022/10/13 12:06:12.968] - eth_blockNumber
[2022/10/13 12:06:12.969] - eth_getBlockByNumber
[2022/10/13 12:06:12.969] - eth_accounts
[2022/10/13 12:06:12.970] - eth_subscribe
[2022/10/13 12:06:12.971] - eth_gasPrice
[2022/10/13 12:06:12.972] - eth_getBlockByNumber
[2022/10/13 12:06:12.973] - eth_subscribe
[2022/10/13 12:06:12.974] - eth_accounts
[2022/10/13 12:06:12.980] - eth_getBalance
[2022/10/13 12:06:12.982] - eth_getTransactionCount
[2022/10/13 12:06:12.986] - eth_getBalance
[2022/10/13 12:06:12.987] - eth_getTransactionCount
[2022/10/13 12:06:12.990] - eth_getBalance
[2022/10/13 12:06:12.991] - eth_getTransactionCount
[2022/10/13 12:06:12.992] - eth_getBalance
[2022/10/13 12:06:12.993] - eth_getTransactionCount
[2022/10/13 12:06:12.996] - eth_getBalance
[2022/10/13 12:06:12.997] - eth_getTransactionCount
[2022/10/13 12:06:12.998] - eth_getBalance
[2022/10/13 12:06:13.001] - eth_getTransactionCount
[2022/10/13 12:06:13.002] - eth_getBalance
[2022/10/13 12:06:13.003] - eth_getTransactionCount
[2022/10/13 12:06:13.005] - eth_getBalance
[2022/10/13 12:06:13.006] - eth_getTransactionCount
[2022/10/13 12:06:13.008] - eth_getBalance
[2022/10/13 12:06:13.011] - eth_getTransactionCount
[2022/10/13 12:06:13.012] - eth_getBalance
[2022/10/13 12:06:13.013] - eth_getTransactionCount
[2022/10/13 12:06:13.024] - eth_getBalance
[2022/10/13 12:06:13.026] - eth_getTransactionCount
[2022/10/13 12:06:13.028] - eth_getBalance
[2022/10/13 12:06:13.029] - eth_getTransactionCount
[2022/10/13 12:06:13.032] - eth_getBalance
[2022/10/13 12:06:13.033] - eth_getTransactionCount
[2022/10/13 12:06:13.035] - eth_getBalance
[2022/10/13 12:06:13.036] - eth_getTransactionCount
[2022/10/13 12:06:13.038] - eth_getBalance
[2022/10/13 12:06:13.039] - eth_getTransactionCount
[2022/10/13 12:06:13.041] - eth_getBalance
[2022/10/13 12:06:13.045] - eth_getTransactionCount
[2022/10/13 12:06:13.045] - eth_getBalance
[2022/10/13 12:06:13.046] - eth_getTransactionCount
[2022/10/13 12:06:13.047] - eth_getBalance
[2022/10/13 12:06:13.050] - eth_getTransactionCount
[2022/10/13 12:06:13.052] - eth_getBalance
[2022/10/13 12:06:13.054] - eth_getTransactionCount
[2022/10/13 12:06:13.055] - eth_getBalance
[2022/10/13 12:06:13.057] - eth_getTransactionCount
[2022/10/13 12:06:13.059] - eth_getBalance
[2022/10/13 12:06:13.063] - eth_getTransactionCount
[2022/10/13 12:06:13.064] - eth_getBalance
[2022/10/13 12:06:13.066] - eth_getTransactionCount
[2022/10/13 12:06:13.067] - eth_getBalance
[2022/10/13 12:06:13.068] - eth_getTransactionCount
[2022/10/13 12:06:13.069] - eth_getBalance
[2022/10/13 12:06:13.071] - eth_getTransactionCount
[2022/10/13 12:06:13.072] - eth_getBalance
[2022/10/13 12:06:13.074] - eth_getTransactionCount
[2022/10/13 12:06:13.083] - eth_getBalance
[2022/10/13 12:06:13.084] - eth_getTransactionCount
[2022/10/13 12:06:13.086] - eth_getBalance
[2022/10/13 12:06:13.087] - eth_getTransactionCount
[2022/10/13 12:06:13.088] - eth_getBalance
[2022/10/13 12:06:13.089] - eth_getTransactionCount
[2022/10/13 12:06:13.090] - eth_getBalance
[2022/10/13 12:06:13.091] - eth_getTransactionCount
[2022/10/13 12:06:13.092] - eth_getBalance
[2022/10/13 12:06:13.093] - eth_getTransactionCount
[2022/10/13 12:06:13.111] - eth_getBalance
[2022/10/13 12:06:13.112] - eth_getTransactionCount
[2022/10/13 12:06:13.114] - eth_getBalance
[2022/10/13 12:06:13.116] - eth_getTransactionCount
[2022/10/13 12:06:13.117] - eth_getBalance
[2022/10/13 12:06:13.120] - eth_getTransactionCount
[2022/10/13 12:06:13.121] - eth_getBalance
[2022/10/13 12:06:13.122] - eth_getTransactionCount
[2022/10/13 12:06:13.123] - eth_getBalance
[2022/10/13 12:06:13.126] - eth_getTransactionCount
[2022/10/13 12:06:13.128] - eth_getBalance
[2022/10/13 12:06:13.129] - eth_getTransactionCount
[2022/10/13 12:06:13.130] - eth_getBalance
[2022/10/13 12:06:13.131] - eth_getTransactionCount
[2022/10/13 12:06:13.132] - eth_getBalance
[2022/10/13 12:06:13.133] - eth_getTransactionCount
[2022/10/13 12:06:13.137] - eth_getBalance
[2022/10/13 12:06:13.142] - eth_getTransactionCount
[2022/10/13 12:06:13.143] - eth_getBalance
[2022/10/13 12:06:13.144] - eth_getTransactionCount
[2022/10/13 12:06:24.638] - eth_unsubscribe
[2022/10/13 12:06:24.640] - eth_unsubscribe
