[2022/10/13 12:42:54.973] - Starting server with initial configuration: {"gasLimit":6721975,"gasPrice":20000000000,"hardfork":"muirGlacier","hostname":"127.0.0.1","port":7545,"network_id":5777,"default_balance_ether":100,"total_accounts":5,"unlocked_accounts":[],"locked":true,"vmErrorsOnRPCResponse":true,"verbose":false,"db_path":"C:\\Users\\Tanis\\AppData\\Roaming\\Ganache\\workspaces\\wallet\\chaindata","logDirectory":"C:\\Users\\Tanis\\Desktop\\Files\\projects\\wallet\\logs"}
[2022/10/13 12:42:55.066] - eth_getCode
[2022/10/13 12:42:55.068] - eth_subscribe
[2022/10/13 12:42:55.070] - eth_getLogs
[2022/10/13 12:42:55.073] - eth_subscribe
[2022/10/13 12:42:55.093] - eth_getCode
[2022/10/13 12:42:55.175] - eth_subscribe
[2022/10/13 12:42:55.177] - eth_getLogs
[2022/10/13 12:42:55.177] - eth_subscribe
[2022/10/13 12:42:55.351] - eth_blockNumber
[2022/10/13 12:42:55.352] - eth_accounts
[2022/10/13 12:42:55.353] - eth_blockNumber
[2022/10/13 12:42:55.355] - eth_gasPrice
[2022/10/13 12:42:55.355] - eth_accounts
[2022/10/13 12:42:55.356] - eth_getBlockByNumber
[2022/10/13 12:42:55.357] - eth_gasPrice
[2022/10/13 12:42:55.358] - eth_subscribe
[2022/10/13 12:42:55.358] - eth_getBlockByNumber
[2022/10/13 12:42:55.359] - eth_subscribe
[2022/10/13 12:42:55.411] - eth_accounts
[2022/10/13 12:42:55.531] - eth_getBalance
[2022/10/13 12:42:55.542] - eth_getTransactionCount
[2022/10/13 12:42:55.555] - eth_getBalance
[2022/10/13 12:42:55.567] - eth_getTransactionCount
[2022/10/13 12:42:55.579] - eth_getBalance
[2022/10/13 12:42:55.590] - eth_getTransactionCount
[2022/10/13 12:42:55.604] - eth_getBalance
[2022/10/13 12:42:55.616] - eth_getTransactionCount
[2022/10/13 12:42:55.632] - eth_getBalance
[2022/10/13 12:42:55.639] - eth_getTransactionCount
[2022/10/13 12:42:55.674] - eth_getBalance
[2022/10/13 12:42:55.685] - eth_getTransactionCount
[2022/10/13 12:42:55.699] - eth_getBalance
[2022/10/13 12:42:55.709] - eth_getTransactionCount
[2022/10/13 12:42:55.719] - eth_getBalance
[2022/10/13 12:42:55.732] - eth_getTransactionCount
[2022/10/13 12:42:55.744] - eth_getBalance
[2022/10/13 12:42:55.756] - eth_getTransactionCount
[2022/10/13 12:42:55.766] - eth_getBalance
[2022/10/13 12:42:55.778] - eth_getTransactionCount
[2022/10/13 12:42:55.793] - eth_getBalance
[2022/10/13 12:42:55.803] - eth_getTransactionCount
[2022/10/13 12:42:55.812] - eth_getBalance
[2022/10/13 12:42:55.826] - eth_getTransactionCount
[2022/10/13 12:42:55.837] - eth_getBalance
[2022/10/13 12:42:55.847] - eth_getTransactionCount
[2022/10/13 12:42:55.861] - eth_getBalance
[2022/10/13 12:42:55.871] - eth_getTransactionCount
[2022/10/13 12:42:55.888] - eth_getBalance
[2022/10/13 12:42:55.898] - eth_getTransactionCount
[2022/10/13 12:42:56.058] - eth_getBalance
[2022/10/13 12:42:56.073] - eth_getTransactionCount
[2022/10/13 12:42:56.082] - eth_getBalance
[2022/10/13 12:42:56.093] - eth_getTransactionCount
[2022/10/13 12:42:56.107] - eth_getBalance
[2022/10/13 12:42:56.119] - eth_getTransactionCount
[2022/10/13 12:42:56.134] - eth_getBalance
[2022/10/13 12:42:56.144] - eth_getTransactionCount
[2022/10/13 12:42:56.154] - eth_getBalance
[2022/10/13 12:42:56.169] - eth_getTransactionCount
[2022/10/13 12:42:56.915] - eth_unsubscribe
[2022/10/13 12:42:56.916] - eth_unsubscribe
