[2022/10/13 12:05:32.299] - Starting server with initial configuration: {"gasLimit":6721975,"gasPrice":20000000000,"hardfork":"muirGlacier","hostname":"127.0.0.1","port":7545,"network_id":5777,"default_balance_ether":100,"total_accounts":10,"unlocked_accounts":[],"locked":true,"vmErrorsOnRPCResponse":true,"verbose":false,"db_path":"C:\\Users\\Tanis\\AppData\\Roaming\\Ganache\\workspaces\\wallet\\chaindata","logDirectory":"C:\\Users\\Tanis\\Desktop\\Files\\projects\\wallet\\logs"}
[2022/10/13 12:05:32.427] - eth_getCode
[2022/10/13 12:05:32.429] - eth_subscribe
[2022/10/13 12:05:32.430] - eth_getLogs
[2022/10/13 12:05:32.434] - eth_subscribe
[2022/10/13 12:05:32.465] - eth_getCode
[2022/10/13 12:05:32.515] - eth_getCode
[2022/10/13 12:05:32.516] - eth_subscribe
[2022/10/13 12:05:32.517] - eth_getLogs
[2022/10/13 12:05:32.520] - eth_subscribe
[2022/10/13 12:05:32.540] - eth_getCode
[2022/10/13 12:05:32.683] - eth_blockNumber
[2022/10/13 12:05:32.684] - eth_accounts
[2022/10/13 12:05:32.685] - eth_blockNumber
[2022/10/13 12:05:32.685] - eth_gasPrice
[2022/10/13 12:05:32.686] - eth_accounts
[2022/10/13 12:05:32.687] - eth_getBlockByNumber
[2022/10/13 12:05:32.688] - eth_gasPrice
[2022/10/13 12:05:32.690] - eth_subscribe
[2022/10/13 12:05:32.691] - eth_getBlockByNumber
[2022/10/13 12:05:32.691] - eth_subscribe
[2022/10/13 12:05:32.716] - eth_accounts
[2022/10/13 12:05:32.790] - eth_getBalance
[2022/10/13 12:05:32.799] - eth_getTransactionCount
[2022/10/13 12:05:32.805] - eth_getBalance
[2022/10/13 12:05:32.811] - eth_getTransactionCount
[2022/10/13 12:05:32.821] - eth_getBalance
[2022/10/13 12:05:32.829] - eth_getTransactionCount
[2022/10/13 12:05:32.834] - eth_getBalance
[2022/10/13 12:05:32.840] - eth_getTransactionCount
[2022/10/13 12:05:32.849] - eth_getBalance
[2022/10/13 12:05:32.860] - eth_getTransactionCount
[2022/10/13 12:05:32.863] - eth_getBalance
[2022/10/13 12:05:32.873] - eth_getTransactionCount
[2022/10/13 12:05:32.878] - eth_getBalance
[2022/10/13 12:05:32.887] - eth_getTransactionCount
[2022/10/13 12:05:32.897] - eth_getBalance
[2022/10/13 12:05:32.904] - eth_getTransactionCount
[2022/10/13 12:05:32.912] - eth_getBalance
[2022/10/13 12:05:32.921] - eth_getTransactionCount
[2022/10/13 12:05:32.929] - eth_getBalance
[2022/10/13 12:05:32.938] - eth_getTransactionCount
[2022/10/13 12:05:32.958] - eth_getBalance
[2022/10/13 12:05:32.964] - eth_getTransactionCount
[2022/10/13 12:05:32.974] - eth_getBalance
[2022/10/13 12:05:32.982] - eth_getTransactionCount
[2022/10/13 12:05:32.988] - eth_getBalance
[2022/10/13 12:05:32.995] - eth_getTransactionCount
[2022/10/13 12:05:33.001] - eth_getBalance
[2022/10/13 12:05:33.008] - eth_getTransactionCount
[2022/10/13 12:05:33.017] - eth_getBalance
[2022/10/13 12:05:33.023] - eth_getTransactionCount
[2022/10/13 12:05:33.030] - eth_getBalance
[2022/10/13 12:05:33.037] - eth_getTransactionCount
[2022/10/13 12:05:33.046] - eth_getBalance
[2022/10/13 12:05:33.053] - eth_getTransactionCount
[2022/10/13 12:05:33.059] - eth_getBalance
[2022/10/13 12:05:33.068] - eth_getTransactionCount
[2022/10/13 12:05:33.072] - eth_getBalance
[2022/10/13 12:05:33.081] - eth_getTransactionCount
[2022/10/13 12:05:33.088] - eth_getBalance
[2022/10/13 12:05:33.094] - eth_getTransactionCount
[2022/10/13 12:05:33.100] - eth_getBalance
[2022/10/13 12:05:33.107] - eth_getTransactionCount
[2022/10/13 12:05:33.115] - eth_getBalance
[2022/10/13 12:05:33.124] - eth_getTransactionCount
[2022/10/13 12:05:33.132] - eth_getBalance
[2022/10/13 12:05:33.138] - eth_getTransactionCount
[2022/10/13 12:05:33.144] - eth_getBalance
[2022/10/13 12:05:33.153] - eth_getTransactionCount
[2022/10/13 12:05:33.162] - eth_getBalance
[2022/10/13 12:05:33.168] - eth_getTransactionCount
[2022/10/13 12:05:33.175] - eth_getBalance
[2022/10/13 12:05:33.183] - eth_getTransactionCount
[2022/10/13 12:05:33.191] - eth_getBalance
[2022/10/13 12:05:33.198] - eth_getTransactionCount
[2022/10/13 12:05:33.206] - eth_getBalance
[2022/10/13 12:05:33.212] - eth_getTransactionCount
[2022/10/13 12:05:33.219] - eth_getBalance
[2022/10/13 12:05:33.225] - eth_getTransactionCount
[2022/10/13 12:05:33.233] - eth_getBalance
[2022/10/13 12:05:33.240] - eth_getTransactionCount
[2022/10/13 12:05:33.352] - eth_getBalance
[2022/10/13 12:05:33.359] - eth_getTransactionCount
[2022/10/13 12:05:33.366] - eth_getBalance
[2022/10/13 12:05:33.374] - eth_getTransactionCount
[2022/10/13 12:05:33.382] - eth_getBalance
[2022/10/13 12:05:33.390] - eth_getTransactionCount
[2022/10/13 12:05:33.397] - eth_getBalance
[2022/10/13 12:05:33.405] - eth_getTransactionCount
[2022/10/13 12:05:33.420] - eth_getBalance
[2022/10/13 12:05:33.421] - eth_getTransactionCount
[2022/10/13 12:05:33.426] - eth_getBalance
[2022/10/13 12:05:33.435] - eth_getTransactionCount
[2022/10/13 12:05:33.441] - eth_getBalance
[2022/10/13 12:05:33.448] - eth_getTransactionCount
[2022/10/13 12:05:33.456] - eth_getBalance
[2022/10/13 12:05:33.464] - eth_getTransactionCount
[2022/10/13 12:05:33.470] - eth_getBalance
[2022/10/13 12:05:33.478] - eth_getTransactionCount
[2022/10/13 12:05:33.485] - eth_getBalance
[2022/10/13 12:05:33.494] - eth_getTransactionCount
[2022/10/13 12:06:06.509] - eth_unsubscribe
[2022/10/13 12:06:06.510] - eth_unsubscribe
