[2022/10/10 12:58:15.721] - Starting server with initial configuration: {"gasLimit":6721975,"gasPrice":20000000000,"hardfork":"muirGlacier","hostname":"127.0.0.1","port":7545,"network_id":5777,"default_balance_ether":100,"total_accounts":10,"unlocked_accounts":[],"locked":true,"vmErrorsOnRPCResponse":true,"verbose":false,"db_path":"C:\\Users\\Tanis\\AppData\\Roaming\\Ganache\\workspaces\\volatile-lace\\chaindata","logDirectory":"C:\\Users\\Tanis\\Desktop\\Files\\projects\\wallet\\logs"}
[2022/10/10 12:58:15.994] - eth_subscribe
[2022/10/10 12:58:15.996] - eth_getLogs
[2022/10/10 12:58:15.997] - eth_subscribe
[2022/10/10 12:58:16.000] - eth_getCode
[2022/10/10 12:58:16.056] - eth_subscribe
[2022/10/10 12:58:16.057] - eth_getLogs
[2022/10/10 12:58:16.059] - eth_subscribe
[2022/10/10 12:58:16.101] - eth_blockNumber
[2022/10/10 12:58:16.102] - eth_accounts
[2022/10/10 12:58:16.103] - eth_blockNumber
[2022/10/10 12:58:16.104] - eth_gasPrice
[2022/10/10 12:58:16.105] - eth_accounts
[2022/10/10 12:58:16.106] - eth_getBlockByNumber
[2022/10/10 12:58:16.107] - eth_gasPrice
[2022/10/10 12:58:16.108] - eth_subscribe
[2022/10/10 12:58:16.109] - eth_getBlockByNumber
[2022/10/10 12:58:16.110] - eth_subscribe
[2022/10/10 12:58:16.118] - eth_accounts
[2022/10/10 12:58:16.144] - eth_getBalance
[2022/10/10 12:58:16.148] - eth_getTransactionCount
[2022/10/10 12:58:16.152] - eth_getBalance
[2022/10/10 12:58:16.156] - eth_getTransactionCount
[2022/10/10 12:58:16.158] - eth_getBalance
[2022/10/10 12:58:16.163] - eth_getTransactionCount
[2022/10/10 12:58:16.167] - eth_getBalance
[2022/10/10 12:58:16.170] - eth_getTransactionCount
[2022/10/10 12:58:16.179] - eth_getBalance
[2022/10/10 12:58:16.180] - eth_getTransactionCount
[2022/10/10 12:58:16.182] - eth_getBalance
[2022/10/10 12:58:16.185] - eth_getTransactionCount
[2022/10/10 12:58:16.190] - eth_getBalance
[2022/10/10 12:58:16.192] - eth_getTransactionCount
[2022/10/10 12:58:16.195] - eth_getBalance
[2022/10/10 12:58:16.198] - eth_getTransactionCount
[2022/10/10 12:58:16.204] - eth_getBalance
[2022/10/10 12:58:16.206] - eth_getTransactionCount
[2022/10/10 12:58:16.210] - eth_getBalance
[2022/10/10 12:58:16.212] - eth_getTransactionCount
[2022/10/10 12:58:16.222] - eth_getBalance
[2022/10/10 12:58:16.225] - eth_getTransactionCount
[2022/10/10 12:58:16.230] - eth_getBalance
[2022/10/10 12:58:16.233] - eth_getTransactionCount
[2022/10/10 12:58:16.237] - eth_getBalance
[2022/10/10 12:58:16.238] - eth_getTransactionCount
[2022/10/10 12:58:16.242] - eth_getBalance
[2022/10/10 12:58:16.246] - eth_getTransactionCount
[2022/10/10 12:58:16.248] - eth_getBalance
[2022/10/10 12:58:16.253] - eth_getTransactionCount
[2022/10/10 12:58:16.256] - eth_getBalance
[2022/10/10 12:58:16.260] - eth_getTransactionCount
[2022/10/10 12:58:16.262] - eth_getBalance
[2022/10/10 12:58:16.266] - eth_getTransactionCount
[2022/10/10 12:58:16.270] - eth_getBalance
[2022/10/10 12:58:16.273] - eth_getTransactionCount
[2022/10/10 12:58:16.276] - eth_getBalance
[2022/10/10 12:58:16.281] - eth_getTransactionCount
[2022/10/10 12:58:16.285] - eth_getBalance
[2022/10/10 12:58:16.287] - eth_getTransactionCount
[2022/10/10 12:58:16.294] - eth_getBalance
[2022/10/10 12:58:16.296] - eth_getTransactionCount
[2022/10/10 12:58:16.305] - eth_getBalance
[2022/10/10 12:58:16.307] - eth_getTransactionCount
[2022/10/10 12:58:16.312] - eth_getBalance
[2022/10/10 12:58:16.317] - eth_getTransactionCount
[2022/10/10 12:58:16.321] - eth_getBalance
[2022/10/10 12:58:16.323] - eth_getTransactionCount
[2022/10/10 12:58:16.328] - eth_getBalance
[2022/10/10 12:58:16.330] - eth_getTransactionCount
[2022/10/10 12:58:16.332] - eth_getBalance
[2022/10/10 12:58:16.336] - eth_getTransactionCount
[2022/10/10 12:58:16.340] - eth_getBalance
[2022/10/10 12:58:16.342] - eth_getTransactionCount
[2022/10/10 12:58:16.347] - eth_getBalance
[2022/10/10 12:58:16.351] - eth_getTransactionCount
[2022/10/10 12:58:16.354] - eth_getBalance
[2022/10/10 12:58:16.357] - eth_getTransactionCount
[2022/10/10 12:58:16.360] - eth_getBalance
[2022/10/10 12:58:16.362] - eth_getTransactionCount
[2022/10/10 12:58:16.418] - eth_getBalance
[2022/10/10 12:58:16.423] - eth_getTransactionCount
[2022/10/10 12:58:16.424] - eth_getBalance
[2022/10/10 12:58:16.429] - eth_getTransactionCount
[2022/10/10 12:58:16.431] - eth_getBalance
[2022/10/10 12:58:16.434] - eth_getTransactionCount
[2022/10/10 12:58:16.437] - eth_getBalance
[2022/10/10 12:58:16.441] - eth_getTransactionCount
[2022/10/10 12:58:16.443] - eth_getBalance
[2022/10/10 12:58:16.447] - eth_getTransactionCount
[2022/10/10 12:58:16.449] - eth_getBalance
[2022/10/10 12:58:16.454] - eth_getTransactionCount
[2022/10/10 12:58:16.456] - eth_getBalance
[2022/10/10 12:58:16.460] - eth_getTransactionCount
[2022/10/10 12:58:16.462] - eth_getBalance
[2022/10/10 12:58:16.466] - eth_getTransactionCount
[2022/10/10 12:58:16.469] - eth_getBalance
[2022/10/10 12:58:16.473] - eth_getTransactionCount
[2022/10/10 12:58:16.476] - eth_getBalance
[2022/10/10 12:58:16.479] - eth_getTransactionCount
[2022/10/10 12:58:48.829] - eth_blockNumber
[2022/10/10 12:58:48.844] - net_version
[2022/10/10 12:58:48.864] - eth_accounts
[2022/10/10 12:58:48.876] - eth_getBlockByNumber
[2022/10/10 12:58:48.910] - eth_getCode
[2022/10/10 12:58:48.927] - eth_getBlockByNumber
[2022/10/10 12:58:48.941] - eth_getCode
[2022/10/10 12:58:48.960] - eth_getBlockByNumber
[2022/10/10 12:58:48.978] - eth_accounts
[2022/10/10 12:58:49.000] - eth_getBlockByNumber
[2022/10/10 12:58:49.017] - eth_getBlockByNumber
[2022/10/10 12:58:49.032] - eth_getBlockByNumber
[2022/10/10 12:58:49.050] - eth_estimateGas
[2022/10/10 12:58:49.306] - eth_getBlockByNumber
[2022/10/10 12:58:49.307] - eth_blockNumber
[2022/10/10 12:58:49.315] - eth_estimateGas
[2022/10/10 12:58:49.494] - eth_getBlockByNumber
[2022/10/10 12:58:49.494] - eth_gasPrice
[2022/10/10 12:58:49.494] - eth_sendTransaction
[2022/10/10 12:58:49.658] - 
[2022/10/10 12:58:49.669] -   Transaction: 0x9ef58189a260e3fe90e309da6192805ba67310244e3a67183494fa3e2e8eed49
[2022/10/10 12:58:49.670] -   Contract created: 0x1cb8b5b044e437c74f977fe78462c31dc14f775b
[2022/10/10 12:58:49.671] -   Gas usage: 191943
[2022/10/10 12:58:49.673] -   Block Number: 1
[2022/10/10 12:58:49.674] -   Block Time: Mon Oct 10 2022 12:58:49 GMT+0530 (India Standard Time)
[2022/10/10 12:58:49.675] - 
[2022/10/10 12:58:49.689] - eth_getBlockByNumber
[2022/10/10 12:58:49.694] - eth_getBalance
[2022/10/10 12:58:49.696] - eth_getTransactionCount
[2022/10/10 12:58:49.701] - eth_getTransactionReceipt
[2022/10/10 12:58:49.702] - eth_getBalance
[2022/10/10 12:58:49.705] - eth_getTransactionCount
[2022/10/10 12:58:49.706] - eth_getBalance
[2022/10/10 12:58:49.707] - eth_getTransactionCount
[2022/10/10 12:58:49.711] - eth_getBalance
[2022/10/10 12:58:49.712] - eth_getTransactionCount
[2022/10/10 12:58:49.714] - eth_getBalance
[2022/10/10 12:58:49.715] - eth_getTransactionCount
[2022/10/10 12:58:49.718] - eth_getBalance
[2022/10/10 12:58:49.719] - eth_getTransactionCount
[2022/10/10 12:58:49.721] - eth_getBalance
[2022/10/10 12:58:49.724] - eth_getTransactionCount
[2022/10/10 12:58:49.729] - eth_getBalance
[2022/10/10 12:58:49.732] - eth_getTransactionCount
[2022/10/10 12:58:49.733] - eth_getBalance
[2022/10/10 12:58:49.736] - eth_getCode
[2022/10/10 12:58:49.739] - eth_getTransactionCount
[2022/10/10 12:58:49.743] - eth_getBalance
[2022/10/10 12:58:49.746] - eth_getTransactionCount
[2022/10/10 12:58:49.880] - eth_getTransactionByHash
[2022/10/10 12:58:49.896] - eth_getBlockByNumber
[2022/10/10 12:58:49.908] - eth_getBalance
[2022/10/10 12:58:49.927] - eth_getBlockByNumber
[2022/10/10 12:58:49.940] - eth_getBlockByNumber
[2022/10/10 12:58:49.958] - eth_estimateGas
[2022/10/10 12:58:50.130] - eth_getBlockByNumber
[2022/10/10 12:58:50.130] - eth_gasPrice
[2022/10/10 12:58:50.136] - eth_sendTransaction
[2022/10/10 12:58:50.244] - 
[2022/10/10 12:58:50.245] -   Transaction: 0xceab738019a574556962b056632175da3da7446c90d76e9318b3a294b4af57c5
[2022/10/10 12:58:50.246] -   Gas usage: 42338
[2022/10/10 12:58:50.247] -   Block Number: 2
[2022/10/10 12:58:50.248] -   Block Time: Mon Oct 10 2022 12:58:50 GMT+0530 (India Standard Time)
[2022/10/10 12:58:50.249] - 
[2022/10/10 12:58:50.252] - eth_getBlockByNumber
[2022/10/10 12:58:50.255] - eth_getBalance
[2022/10/10 12:58:50.256] - eth_getTransactionCount
[2022/10/10 12:58:50.261] - eth_getTransactionReceipt
[2022/10/10 12:58:50.263] - eth_getBalance
[2022/10/10 12:58:50.264] - eth_getTransactionCount
[2022/10/10 12:58:50.268] - eth_getBalance
[2022/10/10 12:58:50.271] - eth_getTransactionCount
[2022/10/10 12:58:50.275] - eth_getBalance
[2022/10/10 12:58:50.279] - eth_getTransactionCount
[2022/10/10 12:58:50.286] - eth_getBalance
[2022/10/10 12:58:50.289] - eth_getTransactionCount
[2022/10/10 12:58:50.295] - eth_getBalance
[2022/10/10 12:58:50.299] - eth_getTransactionCount
[2022/10/10 12:58:50.307] - eth_getBalance
[2022/10/10 12:58:50.310] - eth_getTransactionCount
[2022/10/10 12:58:50.314] - eth_getBalance
[2022/10/10 12:58:50.318] - eth_getTransactionCount
[2022/10/10 12:58:50.320] - eth_getBalance
[2022/10/10 12:58:50.325] - eth_getTransactionCount
[2022/10/10 12:58:50.327] - eth_getBalance
[2022/10/10 12:58:50.337] - eth_getTransactionCount
[2022/10/10 13:00:32.523] - eth_getBlockByNumber
[2022/10/10 13:00:32.556] - eth_getTransactionReceipt
[2022/10/10 13:00:32.593] - eth_getBlockByNumber
[2022/10/10 13:00:32.618] - eth_getTransactionReceipt
[2022/10/10 13:00:32.648] - eth_getBlockByNumber
[2022/10/10 13:17:11.858] - eth_blockNumber
[2022/10/10 13:17:11.868] - net_version
[2022/10/10 13:17:11.888] - eth_accounts
[2022/10/10 13:17:11.915] - eth_blockNumber
[2022/10/10 13:17:11.921] - net_version
[2022/10/10 13:17:13.956] - eth_accounts
[2022/10/10 13:17:14.580] - eth_getBlockByNumber
[2022/10/10 13:17:14.591] - eth_accounts
[2022/10/10 13:17:14.635] - eth_getBlockByNumber
[2022/10/10 13:17:14.667] - eth_getBlockByNumber
[2022/10/10 13:17:14.681] - eth_getBlockByNumber
[2022/10/10 13:17:14.709] - eth_estimateGas
[2022/10/10 13:17:15.094] - eth_getBlockByNumber
[2022/10/10 13:17:15.095] - eth_blockNumber
[2022/10/10 13:17:15.107] - eth_estimateGas
[2022/10/10 13:17:15.311] - eth_getBlockByNumber
[2022/10/10 13:17:15.311] - eth_gasPrice
[2022/10/10 13:17:15.323] - eth_sendTransaction
[2022/10/10 13:17:15.468] - 
[2022/10/10 13:17:15.468] -   Transaction: 0x45851f75af80d45fea58c36d9190a7ded81b8cfcd3a500440a1a850b64e80698
[2022/10/10 13:17:15.468] -   Contract created: 0x64a5ca9b1f41362906d81c67cb9d386ca9cb4d0a
[2022/10/10 13:17:15.477] -   Gas usage: 191943
[2022/10/10 13:17:15.477] -   Block Number: 3
[2022/10/10 13:17:15.477] -   Block Time: Mon Oct 10 2022 13:17:15 GMT+0530 (India Standard Time)
[2022/10/10 13:17:15.477] - 
[2022/10/10 13:17:15.477] - eth_getBlockByNumber
[2022/10/10 13:17:15.477] - eth_getTransactionReceipt
[2022/10/10 13:17:15.504] - eth_getBlockByNumber
[2022/10/10 13:17:15.514] - eth_getCode
[2022/10/10 13:17:15.514] - eth_getBalance
[2022/10/10 13:17:15.514] - eth_getTransactionCount
[2022/10/10 13:17:15.529] - eth_getBlockByNumber
[2022/10/10 13:17:15.529] - eth_getBalance
[2022/10/10 13:17:15.537] - eth_getTransactionCount
[2022/10/10 13:17:15.547] - eth_getBlockByNumber
[2022/10/10 13:17:15.547] - eth_getBalance
[2022/10/10 13:17:15.547] - eth_getTransactionCount
[2022/10/10 13:17:15.547] - eth_getBalance
[2022/10/10 13:17:15.561] - eth_getTransactionCount
[2022/10/10 13:17:15.561] - eth_estimateGas
[2022/10/10 13:17:15.571] - eth_getBalance
[2022/10/10 13:17:15.571] - eth_getTransactionCount
[2022/10/10 13:17:15.576] - eth_getBalance
[2022/10/10 13:17:15.592] - eth_getTransactionCount
[2022/10/10 13:17:15.592] - eth_getBalance
[2022/10/10 13:17:15.592] - eth_getTransactionCount
[2022/10/10 13:17:15.592] - eth_getBalance
[2022/10/10 13:17:15.592] - eth_getTransactionCount
[2022/10/10 13:17:15.608] - eth_getBalance
[2022/10/10 13:17:15.608] - eth_getTransactionCount
[2022/10/10 13:17:15.621] - eth_getBalance
[2022/10/10 13:17:15.624] - eth_getTransactionCount
[2022/10/10 13:17:15.687] - eth_getTransactionReceipt
[2022/10/10 13:17:15.777] - eth_getBlockByNumber
[2022/10/10 13:17:15.779] - eth_gasPrice
[2022/10/10 13:17:15.957] - eth_sendTransaction
[2022/10/10 13:17:16.120] - 
[2022/10/10 13:17:16.120] -   Transaction: 0x6d31747b124607eacbe80de4ba01563b94905f43d36c5fadf507cdeaf266fd30
[2022/10/10 13:17:16.120] -   Gas usage: 42338
[2022/10/10 13:17:16.125] -   Block Number: 4
[2022/10/10 13:17:16.127] -   Block Time: Mon Oct 10 2022 13:17:15 GMT+0530 (India Standard Time)
[2022/10/10 13:17:16.127] - 
[2022/10/10 13:17:16.127] - eth_getBlockByNumber
[2022/10/10 13:17:16.127] - eth_getTransactionReceipt
[2022/10/10 13:17:16.142] - eth_getBlockByNumber
[2022/10/10 13:17:16.147] - eth_getBalance
[2022/10/10 13:17:16.154] - eth_getTransactionCount
[2022/10/10 13:17:16.158] - eth_getBalance
[2022/10/10 13:17:16.158] - eth_getTransactionCount
[2022/10/10 13:17:16.170] - eth_getBalance
[2022/10/10 13:17:16.189] - eth_getTransactionCount
[2022/10/10 13:17:16.191] - eth_getBalance
[2022/10/10 13:17:16.193] - evm_snapshot
[2022/10/10 13:17:16.195] - eth_getTransactionCount
[2022/10/10 13:17:16.198] - eth_getBalance
[2022/10/10 13:17:16.202] - eth_getTransactionCount
[2022/10/10 13:17:16.207] - Saved snapshot #1
[2022/10/10 13:17:16.210] - eth_getBalance
[2022/10/10 13:17:16.217] - eth_getTransactionCount
[2022/10/10 13:17:16.221] - eth_getBalance
[2022/10/10 13:17:16.228] - eth_getTransactionCount
[2022/10/10 13:17:16.233] - eth_getBalance
[2022/10/10 13:17:16.237] - eth_getTransactionCount
[2022/10/10 13:17:16.244] - eth_getBalance
[2022/10/10 13:17:16.250] - eth_getTransactionCount
[2022/10/10 13:17:16.257] - eth_getBalance
[2022/10/10 13:17:16.264] - eth_getTransactionCount
[2022/10/10 13:17:16.287] - eth_blockNumber
[2022/10/10 13:17:16.302] - eth_getTransactionReceipt
[2022/10/10 13:17:16.315] - net_version
[2022/10/10 13:17:16.336] - eth_getBlockByNumber
[2022/10/10 13:17:16.361] - eth_getBlockByNumber
[2022/10/10 13:17:16.375] - eth_getLogs
[2022/10/10 13:18:15.125] - eth_blockNumber
[2022/10/10 13:18:15.141] - net_version
[2022/10/10 13:18:15.157] - eth_accounts
[2022/10/10 13:18:15.173] - eth_getBlockByNumber
[2022/10/10 13:18:15.213] - eth_accounts
[2022/10/10 13:18:15.237] - eth_getBlockByNumber
[2022/10/10 13:18:15.257] - eth_getBlockByNumber
[2022/10/10 13:18:15.273] - eth_getBlockByNumber
[2022/10/10 13:18:15.289] - eth_estimateGas
[2022/10/10 13:18:15.527] - eth_getBlockByNumber
[2022/10/10 13:18:15.528] - eth_blockNumber
[2022/10/10 13:18:15.535] - eth_estimateGas
[2022/10/10 13:18:15.736] - eth_getBlockByNumber
[2022/10/10 13:18:15.739] - eth_gasPrice
[2022/10/10 13:18:15.747] - eth_sendTransaction
[2022/10/10 13:18:15.918] - 
[2022/10/10 13:18:15.918] -   Transaction: 0x43e8321f47f2bd6544f05307022bfe380ebc67a4ce15e37d8bbe63fe6c770241
[2022/10/10 13:18:15.922] -   Contract created: 0xb990102a2323087351094e5103f1f7684ff6379b
[2022/10/10 13:18:15.923] -   Gas usage: 191943
[2022/10/10 13:18:15.924] -   Block Number: 5
[2022/10/10 13:18:15.926] -   Block Time: Mon Oct 10 2022 13:18:15 GMT+0530 (India Standard Time)
[2022/10/10 13:18:15.926] - 
[2022/10/10 13:18:15.928] - eth_getBlockByNumber
[2022/10/10 13:18:15.931] - eth_getTransactionReceipt
[2022/10/10 13:18:15.937] - eth_getBlockByNumber
[2022/10/10 13:18:15.947] - eth_getCode
[2022/10/10 13:18:15.957] - eth_getBalance
[2022/10/10 13:18:15.964] - eth_getTransactionByHash
[2022/10/10 13:18:15.965] - eth_getTransactionCount
[2022/10/10 13:18:15.966] - eth_getBalance
[2022/10/10 13:18:15.970] - eth_getTransactionCount
[2022/10/10 13:18:15.973] - eth_getBalance
[2022/10/10 13:18:15.976] - eth_getBlockByNumber
[2022/10/10 13:18:15.980] - eth_getTransactionCount
[2022/10/10 13:18:15.981] - eth_getBalance
[2022/10/10 13:18:15.989] - eth_getTransactionCount
[2022/10/10 13:18:15.991] - eth_getBalance
[2022/10/10 13:18:15.996] - eth_getBalance
[2022/10/10 13:18:15.998] - eth_getTransactionCount
[2022/10/10 13:18:16.001] - eth_getBalance
[2022/10/10 13:18:16.003] - eth_getTransactionCount
[2022/10/10 13:18:16.007] - eth_getBalance
[2022/10/10 13:18:16.014] - eth_getTransactionCount
[2022/10/10 13:18:16.017] - eth_getBlockByNumber
[2022/10/10 13:18:16.018] - eth_getBalance
[2022/10/10 13:18:16.019] - eth_getTransactionCount
[2022/10/10 13:18:16.025] - eth_getBalance
[2022/10/10 13:18:16.032] - eth_getTransactionCount
[2022/10/10 13:18:16.036] - eth_getBalance
[2022/10/10 13:18:16.038] - eth_getBlockByNumber
[2022/10/10 13:18:16.041] - eth_getTransactionCount
[2022/10/10 13:18:16.084] - eth_getTransactionReceipt
[2022/10/10 13:18:16.095] - eth_estimateGas
[2022/10/10 13:18:16.260] - eth_getBlockByNumber
[2022/10/10 13:18:16.261] - eth_gasPrice
[2022/10/10 13:18:16.267] - eth_sendTransaction
[2022/10/10 13:18:16.348] - 
[2022/10/10 13:18:16.349] -   Transaction: 0x9f65e2e23e92d4a969189f001348410d0bd990737f42161f3e1997390bd479a6
[2022/10/10 13:18:16.350] -   Gas usage: 42338
[2022/10/10 13:18:16.351] -   Block Number: 6
[2022/10/10 13:18:16.352] -   Block Time: Mon Oct 10 2022 13:18:16 GMT+0530 (India Standard Time)
[2022/10/10 13:18:16.353] - 
[2022/10/10 13:18:16.362] - eth_getBlockByNumber
[2022/10/10 13:18:16.367] - eth_getTransactionReceipt
[2022/10/10 13:18:16.368] - eth_getBlockByNumber
[2022/10/10 13:18:16.370] - eth_getBalance
[2022/10/10 13:18:16.373] - eth_getTransactionCount
[2022/10/10 13:18:16.377] - eth_getBalance
[2022/10/10 13:18:16.382] - eth_getTransactionCount
[2022/10/10 13:18:16.390] - eth_getBalance
[2022/10/10 13:18:16.393] - eth_getTransactionCount
[2022/10/10 13:18:16.396] - eth_getBalance
[2022/10/10 13:18:16.400] - eth_getTransactionCount
[2022/10/10 13:18:16.406] - eth_getBalance
[2022/10/10 13:18:16.410] - eth_getTransactionCount
[2022/10/10 13:18:16.421] - eth_getBalance
[2022/10/10 13:18:16.424] - eth_getTransactionCount
[2022/10/10 13:18:16.428] - eth_getBalance
[2022/10/10 13:18:16.429] - eth_getTransactionCount
[2022/10/10 13:18:16.457] - eth_getBalance
[2022/10/10 13:18:16.459] - eth_getTransactionCount
[2022/10/10 13:18:16.461] - eth_getBalance
[2022/10/10 13:18:16.462] - eth_getTransactionCount
[2022/10/10 13:18:16.463] - eth_getBalance
[2022/10/10 13:18:16.464] - eth_getTransactionCount
[2022/10/10 13:18:16.516] - eth_getTransactionReceipt
[2022/10/10 13:18:22.149] - eth_blockNumber
[2022/10/10 13:18:22.174] - net_version
[2022/10/10 13:18:22.187] - eth_accounts
[2022/10/10 13:18:22.214] - eth_blockNumber
[2022/10/10 13:18:22.233] - net_version
[2022/10/10 13:18:24.189] - eth_accounts
[2022/10/10 13:18:24.598] - eth_getBlockByNumber
[2022/10/10 13:18:24.620] - eth_accounts
[2022/10/10 13:18:24.658] - eth_getBlockByNumber
[2022/10/10 13:18:24.676] - eth_getBlockByNumber
[2022/10/10 13:18:24.688] - eth_getBlockByNumber
[2022/10/10 13:18:24.709] - eth_estimateGas
[2022/10/10 13:18:25.097] - eth_getBlockByNumber
[2022/10/10 13:18:25.097] - eth_blockNumber
[2022/10/10 13:18:25.113] - eth_estimateGas
[2022/10/10 13:18:25.259] - eth_getBlockByNumber
[2022/10/10 13:18:25.259] - eth_gasPrice
[2022/10/10 13:18:25.275] - eth_sendTransaction
[2022/10/10 13:18:25.413] - 
[2022/10/10 13:18:25.422] -   Transaction: 0x8337b61cfd2148f1d158f4b757c5200a761d9c54cd326f3fdea4ac559d8985f4
[2022/10/10 13:18:25.422] -   Contract created: 0x9921a012c41f809c7ddbe2b5a2fa69d22adfd904
[2022/10/10 13:18:25.422] -   Gas usage: 191943
[2022/10/10 13:18:25.422] -   Block Number: 7
[2022/10/10 13:18:25.422] -   Block Time: Mon Oct 10 2022 13:18:25 GMT+0530 (India Standard Time)
[2022/10/10 13:18:25.422] - 
[2022/10/10 13:18:25.422] - eth_getBlockByNumber
[2022/10/10 13:18:25.422] - eth_getTransactionReceipt
[2022/10/10 13:18:25.437] - eth_getBlockByNumber
[2022/10/10 13:18:25.453] - eth_getCode
[2022/10/10 13:18:25.453] - eth_getBalance
[2022/10/10 13:18:25.453] - eth_getTransactionCount
[2022/10/10 13:18:25.453] - eth_getBalance
[2022/10/10 13:18:25.470] - eth_getBlockByNumber
[2022/10/10 13:18:25.474] - eth_getTransactionCount
[2022/10/10 13:18:25.474] - eth_getBalance
[2022/10/10 13:18:25.484] - eth_getBlockByNumber
[2022/10/10 13:18:25.484] - eth_getTransactionCount
[2022/10/10 13:18:25.504] - eth_estimateGas
[2022/10/10 13:18:25.515] - eth_getBalance
[2022/10/10 13:18:25.515] - eth_getTransactionCount
[2022/10/10 13:18:25.523] - eth_getBalance
[2022/10/10 13:18:25.527] - eth_getTransactionCount
[2022/10/10 13:18:25.537] - eth_getBalance
[2022/10/10 13:18:25.537] - eth_getTransactionCount
[2022/10/10 13:18:25.537] - eth_getBalance
[2022/10/10 13:18:25.554] - eth_getTransactionCount
[2022/10/10 13:18:25.562] - eth_getBalance
[2022/10/10 13:18:25.566] - eth_getTransactionCount
[2022/10/10 13:18:25.572] - eth_getBalance
[2022/10/10 13:18:25.578] - eth_getTransactionCount
[2022/10/10 13:18:25.583] - eth_getBalance
[2022/10/10 13:18:25.589] - eth_getTransactionCount
[2022/10/10 13:18:25.599] - eth_getTransactionReceipt
[2022/10/10 13:18:25.712] - eth_getBlockByNumber
[2022/10/10 13:18:25.712] - eth_gasPrice
[2022/10/10 13:18:25.912] - eth_sendTransaction
[2022/10/10 13:18:26.031] - 
[2022/10/10 13:18:26.031] -   Transaction: 0xfa12de16c85ac2cf38e6e5bef3a8a446cee4427f8af10bb3ce782e760623101f
[2022/10/10 13:18:26.034] -   Gas usage: 42338
[2022/10/10 13:18:26.034] -   Block Number: 8
[2022/10/10 13:18:26.034] -   Block Time: Mon Oct 10 2022 13:18:25 GMT+0530 (India Standard Time)
[2022/10/10 13:18:26.034] - 
[2022/10/10 13:18:26.051] - eth_getBlockByNumber
[2022/10/10 13:18:26.051] - eth_getTransactionReceipt
[2022/10/10 13:18:26.059] - eth_getBlockByNumber
[2022/10/10 13:18:26.065] - eth_getBalance
[2022/10/10 13:18:26.065] - eth_getTransactionCount
[2022/10/10 13:18:26.065] - eth_getBalance
[2022/10/10 13:18:26.084] - eth_getTransactionCount
[2022/10/10 13:18:26.089] - eth_getBalance
[2022/10/10 13:18:26.095] - eth_getTransactionCount
[2022/10/10 13:18:26.101] - evm_snapshot
[2022/10/10 13:18:26.103] - eth_getBalance
[2022/10/10 13:18:26.106] - eth_getTransactionCount
[2022/10/10 13:18:26.112] - Saved snapshot #2
[2022/10/10 13:18:26.115] - eth_getBalance
[2022/10/10 13:18:26.124] - eth_getTransactionCount
[2022/10/10 13:18:26.129] - eth_getBalance
[2022/10/10 13:18:26.136] - eth_getTransactionCount
[2022/10/10 13:18:26.144] - eth_getBalance
[2022/10/10 13:18:26.150] - eth_getTransactionCount
[2022/10/10 13:18:26.158] - eth_getBalance
[2022/10/10 13:18:26.166] - eth_getTransactionCount
[2022/10/10 13:18:26.172] - eth_getBalance
[2022/10/10 13:18:26.176] - eth_getTransactionCount
[2022/10/10 13:18:26.184] - eth_getBalance
[2022/10/10 13:18:26.190] - eth_getTransactionCount
[2022/10/10 13:18:26.199] - eth_blockNumber
[2022/10/10 13:18:26.216] - net_version
[2022/10/10 13:18:26.233] - eth_getTransactionReceipt
[2022/10/10 13:18:26.233] - eth_getBlockByNumber
[2022/10/10 13:18:26.258] - eth_getBlockByNumber
[2022/10/10 13:18:26.270] - eth_getLogs
[2022/10/10 13:20:01.930] - eth_blockNumber
[2022/10/10 13:20:01.947] - net_version
[2022/10/10 13:20:01.960] - eth_accounts
[2022/10/10 13:20:01.988] - eth_getBlockByNumber
[2022/10/10 13:20:02.009] - eth_accounts
[2022/10/10 13:20:02.034] - eth_getBlockByNumber
[2022/10/10 13:20:02.054] - eth_getBlockByNumber
[2022/10/10 13:20:02.073] - eth_getBlockByNumber
[2022/10/10 13:20:02.089] - eth_estimateGas
[2022/10/10 13:20:02.282] - eth_getBlockByNumber
[2022/10/10 13:20:02.283] - eth_blockNumber
[2022/10/10 13:20:02.291] - eth_estimateGas
[2022/10/10 13:20:02.421] - eth_getBlockByNumber
[2022/10/10 13:20:02.421] - eth_gasPrice
[2022/10/10 13:20:02.425] - eth_sendTransaction
[2022/10/10 13:20:02.521] - 
[2022/10/10 13:20:02.521] -   Transaction: 0x16fc33bf0c9392b06f8a415ba32f2580feccca3b31866012bffd1d1376b16aa7
[2022/10/10 13:20:02.522] -   Contract created: 0x23c61b3d41fdc0bcfe5ef84dbdec802e4582268b
[2022/10/10 13:20:02.523] -   Gas usage: 191943
[2022/10/10 13:20:02.524] -   Block Number: 9
[2022/10/10 13:20:02.525] -   Block Time: Mon Oct 10 2022 13:20:02 GMT+0530 (India Standard Time)
[2022/10/10 13:20:02.526] - 
[2022/10/10 13:20:02.527] - eth_getBlockByNumber
[2022/10/10 13:20:02.529] - eth_getTransactionReceipt
[2022/10/10 13:20:02.540] - eth_getCode
[2022/10/10 13:20:02.544] - eth_getBlockByNumber
[2022/10/10 13:20:02.550] - eth_getTransactionByHash
[2022/10/10 13:20:02.551] - eth_getBalance
[2022/10/10 13:20:02.558] - eth_getTransactionCount
[2022/10/10 13:20:02.562] - eth_getBalance
[2022/10/10 13:20:02.564] - eth_getBlockByNumber
[2022/10/10 13:20:02.565] - eth_getTransactionCount
[2022/10/10 13:20:02.571] - eth_getBalance
[2022/10/10 13:20:02.577] - eth_getTransactionCount
[2022/10/10 13:20:02.578] - eth_getBalance
[2022/10/10 13:20:02.581] - eth_getBalance
[2022/10/10 13:20:02.586] - eth_getTransactionCount
[2022/10/10 13:20:02.590] - eth_getBalance
[2022/10/10 13:20:02.592] - eth_getBlockByNumber
[2022/10/10 13:20:02.593] - eth_getTransactionCount
[2022/10/10 13:20:02.596] - eth_getBalance
[2022/10/10 13:20:02.607] - eth_getBlockByNumber
[2022/10/10 13:20:02.609] - eth_getTransactionCount
[2022/10/10 13:20:02.617] - eth_estimateGas
[2022/10/10 13:20:02.624] - eth_getBalance
[2022/10/10 13:20:02.629] - eth_getTransactionCount
[2022/10/10 13:20:02.633] - eth_getBalance
[2022/10/10 13:20:02.639] - eth_getTransactionCount
[2022/10/10 13:20:02.643] - eth_getBalance
[2022/10/10 13:20:02.648] - eth_getTransactionCount
[2022/10/10 13:20:02.653] - eth_getBalance
[2022/10/10 13:20:02.656] - eth_getTransactionCount
[2022/10/10 13:20:02.670] - eth_getTransactionReceipt
[2022/10/10 13:20:02.752] - eth_getBlockByNumber
[2022/10/10 13:20:02.754] - eth_gasPrice
[2022/10/10 13:20:02.865] - eth_sendTransaction
[2022/10/10 13:20:03.000] - 
[2022/10/10 13:20:03.001] -   Transaction: 0xaa7cca37626aa4be9ca3f675f1fe5e9e915c76adf520f54b8bbfd751e447c189
[2022/10/10 13:20:03.002] -   Gas usage: 42338
[2022/10/10 13:20:03.004] -   Block Number: 10
[2022/10/10 13:20:03.005] -   Block Time: Mon Oct 10 2022 13:20:02 GMT+0530 (India Standard Time)
[2022/10/10 13:20:03.006] - 
[2022/10/10 13:20:03.007] - eth_getBlockByNumber
[2022/10/10 13:20:03.008] - eth_getTransactionReceipt
[2022/10/10 13:20:03.020] - eth_getBlockByNumber
[2022/10/10 13:20:03.028] - eth_getBalance
[2022/10/10 13:20:03.033] - eth_getBlockByNumber
[2022/10/10 13:20:03.037] - eth_getTransactionCount
[2022/10/10 13:20:03.042] - eth_accounts
[2022/10/10 13:20:03.043] - eth_getBalance
[2022/10/10 13:20:03.047] - eth_getTransactionCount
[2022/10/10 13:20:03.051] - eth_getBalance
[2022/10/10 13:20:03.055] - eth_getTransactionCount
[2022/10/10 13:20:03.059] - net_version
[2022/10/10 13:20:03.060] - eth_getBalance
[2022/10/10 13:20:03.063] - eth_getBlockByNumber
[2022/10/10 13:20:03.068] - eth_getTransactionCount
[2022/10/10 13:20:03.082] - eth_getBalance
[2022/10/10 13:20:03.084] - eth_getTransactionCount
[2022/10/10 13:20:03.085] - eth_getBalance
[2022/10/10 13:20:03.087] - eth_getTransactionCount
[2022/10/10 13:20:03.090] - eth_getBlockByNumber
[2022/10/10 13:20:03.092] - eth_getBalance
[2022/10/10 13:20:03.095] - eth_getTransactionCount
[2022/10/10 13:20:03.099] - eth_getBalance
[2022/10/10 13:20:03.104] - eth_getTransactionCount
[2022/10/10 13:20:03.107] - net_version
[2022/10/10 13:20:03.109] - eth_getBalance
[2022/10/10 13:20:03.113] - eth_getTransactionCount
[2022/10/10 13:20:03.116] - eth_getBalance
[2022/10/10 13:20:03.122] - eth_getBlockByNumber
[2022/10/10 13:20:03.125] - eth_getTransactionCount
[2022/10/10 13:20:03.133] - eth_getTransactionReceipt
[2022/10/10 13:20:03.142] - eth_estimateGas
[2022/10/10 13:20:03.304] - net_version
[2022/10/10 13:20:03.306] - eth_blockNumber
[2022/10/10 13:20:03.311] - eth_getBlockByNumber
[2022/10/10 13:20:03.333] - eth_estimateGas
[2022/10/10 13:20:03.458] - eth_getBlockByNumber
[2022/10/10 13:20:03.458] - eth_gasPrice
[2022/10/10 13:20:03.469] - eth_sendTransaction
[2022/10/10 13:20:03.547] - eth_getBlockByNumber
[2022/10/10 13:20:03.620] - 
[2022/10/10 13:20:03.620] -   Transaction: 0x71ec8ef6767574d52dcbf37710766e706252e70b694cdd8730f5cb139237498e
[2022/10/10 13:20:03.620] -   Contract created: 0x89746201324a06c3e36084dcfaddea759fb9e071
[2022/10/10 13:20:03.623] -   Gas usage: 645835
[2022/10/10 13:20:03.624] -   Block Number: 11
[2022/10/10 13:20:03.624] -   Block Time: Mon Oct 10 2022 13:20:03 GMT+0530 (India Standard Time)
[2022/10/10 13:20:03.625] - 
[2022/10/10 13:20:03.627] - eth_getBlockByNumber
[2022/10/10 13:20:03.631] - eth_getTransactionReceipt
[2022/10/10 13:20:03.635] - eth_getBlockByNumber
[2022/10/10 13:20:03.639] - eth_getCode
[2022/10/10 13:20:03.640] - eth_getBlockByNumber
[2022/10/10 13:20:03.646] - eth_getTransactionByHash
[2022/10/10 13:20:03.647] - eth_getBalance
[2022/10/10 13:20:03.653] - eth_getTransactionCount
[2022/10/10 13:20:03.655] - eth_getBlockByNumber
[2022/10/10 13:20:03.658] - eth_getBalance
[2022/10/10 13:20:03.664] - eth_getBalance
[2022/10/10 13:20:03.666] - eth_getTransactionCount
[2022/10/10 13:20:03.670] - eth_getBalance
[2022/10/10 13:20:03.679] - eth_getTransactionCount
[2022/10/10 13:20:03.682] - eth_getBlockByNumber
[2022/10/10 13:20:03.683] - eth_getBalance
[2022/10/10 13:20:03.688] - eth_getTransactionCount
[2022/10/10 13:20:03.690] - eth_getBlockByNumber
[2022/10/10 13:20:03.693] - eth_getBalance
[2022/10/10 13:20:03.698] - eth_getTransactionCount
[2022/10/10 13:20:03.700] - eth_estimateGas
[2022/10/10 13:20:03.705] - eth_getBalance
[2022/10/10 13:20:03.722] - eth_getTransactionCount
[2022/10/10 13:20:03.724] - eth_getBalance
[2022/10/10 13:20:03.726] - eth_getTransactionCount
[2022/10/10 13:20:03.727] - eth_getBalance
[2022/10/10 13:20:03.729] - eth_getTransactionCount
[2022/10/10 13:20:03.735] - eth_getBalance
[2022/10/10 13:20:03.740] - eth_getTransactionCount
[2022/10/10 13:20:03.744] - eth_getBalance
[2022/10/10 13:20:03.748] - eth_getTransactionCount
[2022/10/10 13:20:03.840] - eth_getTransactionReceipt
[2022/10/10 13:20:03.885] - eth_getBlockByNumber
[2022/10/10 13:20:03.887] - eth_gasPrice
[2022/10/10 13:20:04.037] - eth_getBlockByNumber
[2022/10/10 13:20:04.040] - eth_sendTransaction
[2022/10/10 13:20:04.044] - eth_getBlockByNumber
[2022/10/10 13:20:04.134] - 
[2022/10/10 13:20:04.135] -   Transaction: 0x90ccfbf365b1cc565891ea9470fa335c6ec914e1a16a3d27e25fdce3dca90c79
[2022/10/10 13:20:04.136] -   Gas usage: 27338
[2022/10/10 13:20:04.137] -   Block Number: 12
[2022/10/10 13:20:04.137] -   Block Time: Mon Oct 10 2022 13:20:04 GMT+0530 (India Standard Time)
[2022/10/10 13:20:04.138] - 
[2022/10/10 13:20:04.142] - eth_getBlockByNumber
[2022/10/10 13:20:04.146] - eth_getTransactionReceipt
[2022/10/10 13:20:04.154] - eth_getBlockByNumber
[2022/10/10 13:20:04.161] - eth_getBalance
[2022/10/10 13:20:04.170] - eth_getTransactionCount
[2022/10/10 13:20:04.171] - eth_getBalance
[2022/10/10 13:20:04.178] - eth_getTransactionCount
[2022/10/10 13:20:04.184] - eth_getBalance
[2022/10/10 13:20:04.188] - eth_getTransactionCount
[2022/10/10 13:20:04.196] - eth_getBalance
[2022/10/10 13:20:04.199] - eth_getTransactionCount
[2022/10/10 13:20:04.204] - eth_getBalance
[2022/10/10 13:20:04.209] - eth_getTransactionCount
[2022/10/10 13:20:04.213] - eth_getBalance
[2022/10/10 13:20:04.217] - eth_getTransactionCount
[2022/10/10 13:20:04.221] - eth_getBalance
[2022/10/10 13:20:04.226] - eth_getTransactionCount
[2022/10/10 13:20:04.232] - eth_getBalance
[2022/10/10 13:20:04.237] - eth_getTransactionCount
[2022/10/10 13:20:04.241] - eth_getBalance
[2022/10/10 13:20:04.247] - eth_getTransactionCount
[2022/10/10 13:20:04.254] - eth_getBalance
[2022/10/10 13:20:04.257] - eth_getTransactionCount
[2022/10/10 13:20:04.345] - eth_getTransactionReceipt
[2022/10/10 13:20:10.317] - eth_blockNumber
[2022/10/10 13:20:10.342] - net_version
[2022/10/10 13:20:10.358] - eth_accounts
[2022/10/10 13:20:10.393] - eth_blockNumber
[2022/10/10 13:20:10.411] - net_version
[2022/10/10 13:20:12.389] - eth_accounts
[2022/10/10 13:20:12.822] - eth_getBlockByNumber
[2022/10/10 13:20:12.843] - eth_accounts
[2022/10/10 13:20:12.879] - eth_getBlockByNumber
[2022/10/10 13:20:12.899] - eth_getBlockByNumber
[2022/10/10 13:20:12.913] - eth_getBlockByNumber
[2022/10/10 13:20:12.937] - eth_estimateGas
[2022/10/10 13:20:13.445] - eth_getBlockByNumber
[2022/10/10 13:20:13.446] - eth_blockNumber
[2022/10/10 13:20:13.450] - eth_estimateGas
[2022/10/10 13:20:13.681] - eth_getBlockByNumber
[2022/10/10 13:20:13.681] - eth_gasPrice
[2022/10/10 13:20:13.713] - eth_sendTransaction
[2022/10/10 13:20:13.944] - 
[2022/10/10 13:20:13.944] -   Transaction: 0x6c7baa37b3bf1d2e497bbc995dba9a7983a4c27b30e0f5b7db882f389abdf7a6
[2022/10/10 13:20:13.944] -   Contract created: 0x6c0ac160ccfc8c83ad2a2dbe677805069701c55a
[2022/10/10 13:20:13.949] -   Gas usage: 191943
[2022/10/10 13:20:13.951] -   Block Number: 13
[2022/10/10 13:20:13.952] -   Block Time: Mon Oct 10 2022 13:20:13 GMT+0530 (India Standard Time)
[2022/10/10 13:20:13.952] - 
[2022/10/10 13:20:13.955] - eth_getBlockByNumber
[2022/10/10 13:20:13.959] - eth_getTransactionReceipt
[2022/10/10 13:20:13.968] - eth_getBlockByNumber
[2022/10/10 13:20:13.968] - eth_getCode
[2022/10/10 13:20:13.982] - eth_getBalance
[2022/10/10 13:20:13.982] - eth_getBlockByNumber
[2022/10/10 13:20:13.982] - eth_getTransactionCount
[2022/10/10 13:20:14.004] - eth_getBalance
[2022/10/10 13:20:14.004] - eth_getBlockByNumber
[2022/10/10 13:20:14.004] - eth_getTransactionCount
[2022/10/10 13:20:14.014] - eth_estimateGas
[2022/10/10 13:20:14.014] - eth_getBalance
[2022/10/10 13:20:14.030] - eth_getTransactionCount
[2022/10/10 13:20:14.030] - eth_getBalance
[2022/10/10 13:20:14.045] - eth_getTransactionCount
[2022/10/10 13:20:14.045] - eth_getBalance
[2022/10/10 13:20:14.061] - eth_getTransactionCount
[2022/10/10 13:20:14.061] - eth_getBalance
[2022/10/10 13:20:14.061] - eth_getTransactionCount
[2022/10/10 13:20:14.076] - eth_getBalance
[2022/10/10 13:20:14.100] - eth_getTransactionCount
[2022/10/10 13:20:14.124] - eth_getBalance
[2022/10/10 13:20:14.124] - eth_getTransactionCount
[2022/10/10 13:20:14.124] - eth_getBalance
[2022/10/10 13:20:14.140] - eth_getTransactionCount
[2022/10/10 13:20:14.159] - eth_getBalance
[2022/10/10 13:20:14.164] - eth_getTransactionCount
[2022/10/10 13:20:14.182] - eth_getTransactionReceipt
[2022/10/10 13:20:14.273] - eth_getBlockByNumber
[2022/10/10 13:20:14.276] - eth_gasPrice
[2022/10/10 13:20:14.510] - eth_sendTransaction
[2022/10/10 13:20:14.672] - 
[2022/10/10 13:20:14.672] -   Transaction: 0xb39f68b7668d0f2b9fcc17544182b242469c879d974359bee86521bd0aa67fdf
[2022/10/10 13:20:14.672] -   Gas usage: 42338
[2022/10/10 13:20:14.672] -   Block Number: 14
[2022/10/10 13:20:14.680] -   Block Time: Mon Oct 10 2022 13:20:14 GMT+0530 (India Standard Time)
[2022/10/10 13:20:14.682] - 
[2022/10/10 13:20:14.683] - eth_getBlockByNumber
[2022/10/10 13:20:14.685] - eth_getTransactionReceipt
[2022/10/10 13:20:14.703] - eth_getBlockByNumber
[2022/10/10 13:20:14.703] - eth_getBlockByNumber
[2022/10/10 13:20:14.721] - eth_getBalance
[2022/10/10 13:20:14.727] - eth_accounts
[2022/10/10 13:20:14.729] - eth_getTransactionCount
[2022/10/10 13:20:14.735] - eth_getBalance
[2022/10/10 13:20:14.747] - eth_getTransactionCount
[2022/10/10 13:20:14.747] - eth_getBlockByNumber
[2022/10/10 13:20:14.747] - eth_getBalance
[2022/10/10 13:20:14.747] - eth_getTransactionCount
[2022/10/10 13:20:14.762] - eth_getBlockByNumber
[2022/10/10 13:20:14.762] - eth_getBalance
[2022/10/10 13:20:14.771] - eth_getBlockByNumber
[2022/10/10 13:20:14.776] - eth_getTransactionCount
[2022/10/10 13:20:14.778] - eth_estimateGas
[2022/10/10 13:20:14.785] - eth_getBalance
[2022/10/10 13:20:14.785] - eth_getTransactionCount
[2022/10/10 13:20:14.794] - eth_getBalance
[2022/10/10 13:20:14.808] - eth_getTransactionCount
[2022/10/10 13:20:14.813] - eth_getBalance
[2022/10/10 13:20:14.821] - eth_getTransactionCount
[2022/10/10 13:20:14.828] - eth_getBalance
[2022/10/10 13:20:14.835] - eth_getTransactionCount
[2022/10/10 13:20:14.843] - eth_getBalance
[2022/10/10 13:20:14.855] - eth_getTransactionCount
[2022/10/10 13:20:14.858] - eth_getBalance
[2022/10/10 13:20:14.858] - eth_getTransactionCount
[2022/10/10 13:20:14.880] - eth_getTransactionReceipt
[2022/10/10 13:20:14.975] - eth_getBlockByNumber
[2022/10/10 13:20:15.005] - eth_getBlockByNumber
[2022/10/10 13:20:15.005] - eth_blockNumber
[2022/10/10 13:20:15.199] - eth_getBlockByNumber
[2022/10/10 13:20:15.199] - eth_estimateGas
[2022/10/10 13:20:15.490] - eth_getBlockByNumber
[2022/10/10 13:20:15.497] - eth_gasPrice
[2022/10/10 13:20:15.507] - eth_sendTransaction
[2022/10/10 13:20:15.628] - 
[2022/10/10 13:20:15.628] -   Transaction: 0x297165bf5bea8bc3ba27ed7a77737a1f5ff811f8592ff03d10e10e4ccb58759e
[2022/10/10 13:20:15.628] -   Contract created: 0xc5e2abf0799b37e902cc4c1d279726cc6983c7d2
[2022/10/10 13:20:15.633] -   Gas usage: 645835
[2022/10/10 13:20:15.633] -   Block Number: 15
[2022/10/10 13:20:15.633] -   Block Time: Mon Oct 10 2022 13:20:15 GMT+0530 (India Standard Time)
[2022/10/10 13:20:15.637] - 
[2022/10/10 13:20:15.638] - eth_getBlockByNumber
[2022/10/10 13:20:15.638] - eth_getTransactionReceipt
[2022/10/10 13:20:15.652] - eth_getBlockByNumber
[2022/10/10 13:20:15.657] - eth_getCode
[2022/10/10 13:20:15.657] - eth_getBalance
[2022/10/10 13:20:15.670] - eth_getTransactionCount
[2022/10/10 13:20:15.677] - eth_getBalance
[2022/10/10 13:20:15.682] - eth_getBlockByNumber
[2022/10/10 13:20:15.684] - eth_getTransactionCount
[2022/10/10 13:20:15.689] - eth_getBlockByNumber
[2022/10/10 13:20:15.691] - eth_getBalance
[2022/10/10 13:20:15.701] - eth_estimateGas
[2022/10/10 13:20:15.701] - eth_getBlockByNumber
[2022/10/10 13:20:15.714] - eth_getTransactionCount
[2022/10/10 13:20:15.719] - eth_getBalance
[2022/10/10 13:20:15.729] - eth_getTransactionCount
[2022/10/10 13:20:15.733] - eth_getBalance
[2022/10/10 13:20:15.741] - eth_getTransactionCount
[2022/10/10 13:20:15.741] - eth_getBalance
[2022/10/10 13:20:15.752] - eth_getTransactionCount
[2022/10/10 13:20:15.759] - eth_getBalance
[2022/10/10 13:20:15.764] - eth_getTransactionCount
[2022/10/10 13:20:15.770] - eth_getBalance
[2022/10/10 13:20:15.775] - eth_getTransactionCount
[2022/10/10 13:20:15.781] - eth_getBalance
[2022/10/10 13:20:15.781] - eth_getTransactionCount
[2022/10/10 13:20:15.791] - eth_getBalance
[2022/10/10 13:20:15.799] - eth_getTransactionCount
[2022/10/10 13:20:15.856] - eth_getBlockByNumber
[2022/10/10 13:20:15.859] - eth_gasPrice
[2022/10/10 13:20:15.859] - eth_getBlockByNumber
[2022/10/10 13:20:15.862] - eth_getTransactionReceipt
[2022/10/10 13:20:15.974] - eth_getBlockByNumber
[2022/10/10 13:20:16.078] - eth_sendTransaction
[2022/10/10 13:20:16.093] - eth_getBlockByNumber
[2022/10/10 13:20:16.240] - 
[2022/10/10 13:20:16.245] -   Transaction: 0xb36701ab731d5925295e9cd41e377a4e3f4d61a0874e0b81f59b0265d8802893
[2022/10/10 13:20:16.245] -   Gas usage: 27338
[2022/10/10 13:20:16.245] -   Block Number: 16
[2022/10/10 13:20:16.245] -   Block Time: Mon Oct 10 2022 13:20:16 GMT+0530 (India Standard Time)
[2022/10/10 13:20:16.249] - 
[2022/10/10 13:20:16.249] - eth_getBlockByNumber
[2022/10/10 13:20:16.251] - eth_getTransactionReceipt
[2022/10/10 13:20:16.255] - eth_getBlockByNumber
[2022/10/10 13:20:16.265] - eth_getBalance
[2022/10/10 13:20:16.281] - eth_getTransactionCount
[2022/10/10 13:20:16.286] - eth_getBalance
[2022/10/10 13:20:16.291] - eth_getTransactionCount
[2022/10/10 13:20:16.297] - eth_getBalance
[2022/10/10 13:20:16.300] - evm_snapshot
[2022/10/10 13:20:16.303] - Saved snapshot #3
[2022/10/10 13:20:16.305] - eth_getTransactionCount
[2022/10/10 13:20:16.315] - eth_getBalance
[2022/10/10 13:20:16.320] - eth_getTransactionCount
[2022/10/10 13:20:16.324] - eth_getBalance
[2022/10/10 13:20:16.349] - eth_getTransactionCount
[2022/10/10 13:20:16.351] - eth_getBalance
[2022/10/10 13:20:16.353] - eth_getTransactionCount
[2022/10/10 13:20:16.355] - eth_blockNumber
[2022/10/10 13:20:16.356] - eth_getBalance
[2022/10/10 13:20:16.357] - eth_getTransactionCount
[2022/10/10 13:20:16.359] - eth_getBalance
[2022/10/10 13:20:16.364] - eth_getTransactionCount
[2022/10/10 13:20:16.371] - eth_getBalance
[2022/10/10 13:20:16.374] - eth_getBlockByNumber
[2022/10/10 13:20:16.375] - eth_getTransactionCount
[2022/10/10 13:20:16.384] - eth_getBalance
[2022/10/10 13:20:16.388] - eth_getTransactionCount
[2022/10/10 13:20:16.401] - eth_getTransactionReceipt
[2022/10/10 13:20:16.409] - eth_getBlockByNumber
[2022/10/10 13:20:16.439] - eth_getLogs
[2022/10/10 13:20:55.113] - eth_blockNumber
[2022/10/10 13:20:55.128] - net_version
[2022/10/10 13:20:55.144] - eth_accounts
[2022/10/10 13:20:55.176] - eth_getBlockByNumber
[2022/10/10 13:20:55.190] - eth_accounts
[2022/10/10 13:20:55.208] - eth_getBlockByNumber
[2022/10/10 13:20:55.229] - eth_getBlockByNumber
[2022/10/10 13:20:55.244] - eth_getBlockByNumber
[2022/10/10 13:20:55.263] - eth_estimateGas
[2022/10/10 13:20:55.554] - eth_getBlockByNumber
[2022/10/10 13:20:55.555] - eth_blockNumber
[2022/10/10 13:20:55.565] - eth_estimateGas
[2022/10/10 13:20:55.712] - eth_getBlockByNumber
[2022/10/10 13:20:55.712] - eth_gasPrice
[2022/10/10 13:20:55.722] - eth_sendTransaction
[2022/10/10 13:20:55.850] - 
[2022/10/10 13:20:55.850] -   Transaction: 0x95c1c1793279aa9621380a0c3da4a1265853097865aed6bfe86fe518771035dc
[2022/10/10 13:20:55.852] -   Contract created: 0xe5373017c1b9273cea148f6921446d638078b51a
[2022/10/10 13:20:55.853] -   Gas usage: 191943
[2022/10/10 13:20:55.855] -   Block Number: 17
[2022/10/10 13:20:55.856] -   Block Time: Mon Oct 10 2022 13:20:55 GMT+0530 (India Standard Time)
[2022/10/10 13:20:55.857] - 
[2022/10/10 13:20:55.860] - eth_getBlockByNumber
[2022/10/10 13:20:55.863] - eth_getTransactionReceipt
[2022/10/10 13:20:55.877] - eth_getBlockByNumber
[2022/10/10 13:20:55.880] - eth_getCode
[2022/10/10 13:20:55.887] - eth_getBalance
[2022/10/10 13:20:55.893] - eth_getTransactionByHash
[2022/10/10 13:20:55.895] - eth_getTransactionCount
[2022/10/10 13:20:55.900] - eth_getBalance
[2022/10/10 13:20:55.905] - eth_getBlockByNumber
[2022/10/10 13:20:55.909] - eth_getTransactionCount
[2022/10/10 13:20:55.914] - eth_getBalance
[2022/10/10 13:20:55.917] - eth_getBalance
[2022/10/10 13:20:55.922] - eth_getBlockByNumber
[2022/10/10 13:20:55.924] - eth_getTransactionCount
[2022/10/10 13:20:55.932] - eth_getBalance
[2022/10/10 13:20:55.933] - eth_getBlockByNumber
[2022/10/10 13:20:55.942] - eth_getTransactionCount
[2022/10/10 13:20:55.947] - eth_getBalance
[2022/10/10 13:20:55.951] - eth_estimateGas
[2022/10/10 13:20:55.955] - eth_getTransactionCount
[2022/10/10 13:20:55.961] - eth_getBalance
[2022/10/10 13:20:55.966] - eth_getTransactionCount
[2022/10/10 13:20:55.972] - eth_getBalance
[2022/10/10 13:20:55.979] - eth_getTransactionCount
[2022/10/10 13:20:55.991] - eth_getBalance
[2022/10/10 13:20:56.014] - eth_getTransactionCount
[2022/10/10 13:20:56.022] - eth_getBalance
[2022/10/10 13:20:56.027] - eth_getTransactionCount
[2022/10/10 13:20:56.034] - eth_getBalance
[2022/10/10 13:20:56.041] - eth_getTransactionCount
[2022/10/10 13:20:56.106] - eth_gasPrice
[2022/10/10 13:20:56.107] - eth_getBlockByNumber
[2022/10/10 13:20:56.124] - eth_getTransactionReceipt
[2022/10/10 13:20:56.229] - eth_sendTransaction
[2022/10/10 13:20:56.359] - 
[2022/10/10 13:20:56.360] -   Transaction: 0x975cff107382012049b5792fb7da5878f664ab87e2a1e7f09344ebe306afaa86
[2022/10/10 13:20:56.361] -   Gas usage: 42338
[2022/10/10 13:20:56.362] -   Block Number: 18
[2022/10/10 13:20:56.364] -   Block Time: Mon Oct 10 2022 13:20:56 GMT+0530 (India Standard Time)
[2022/10/10 13:20:56.365] - 
[2022/10/10 13:20:56.367] - eth_getBlockByNumber
[2022/10/10 13:20:56.369] - eth_getTransactionReceipt
[2022/10/10 13:20:56.395] - eth_getBlockByNumber
[2022/10/10 13:20:56.407] - eth_accounts
[2022/10/10 13:20:56.429] - eth_getBlockByNumber
[2022/10/10 13:20:56.451] - eth_getBlockByNumber
[2022/10/10 13:20:56.466] - eth_getBlockByNumber
[2022/10/10 13:20:56.482] - eth_estimateGas
[2022/10/10 13:20:56.503] - eth_getBlockByNumber
[2022/10/10 13:20:56.514] - eth_getBalance
[2022/10/10 13:20:56.519] - eth_getTransactionCount
[2022/10/10 13:20:56.523] - eth_getBalance
[2022/10/10 13:20:56.532] - eth_getTransactionCount
[2022/10/10 13:20:56.535] - eth_getBalance
[2022/10/10 13:20:56.546] - eth_getTransactionCount
[2022/10/10 13:20:56.551] - eth_getBalance
[2022/10/10 13:20:56.558] - eth_getTransactionCount
[2022/10/10 13:20:56.570] - eth_getBalance
[2022/10/10 13:20:56.570] - eth_getTransactionCount
[2022/10/10 13:20:56.583] - eth_getBalance
[2022/10/10 13:20:56.589] - eth_getTransactionCount
[2022/10/10 13:20:56.589] - eth_getBalance
[2022/10/10 13:20:56.604] - eth_getTransactionCount
[2022/10/10 13:20:56.607] - eth_getBlockByNumber
[2022/10/10 13:20:56.608] - eth_blockNumber
[2022/10/10 13:20:56.614] - eth_getBalance
[2022/10/10 13:20:56.619] - eth_getTransactionCount
[2022/10/10 13:20:56.624] - eth_getBalance
[2022/10/10 13:20:56.630] - eth_getTransactionCount
[2022/10/10 13:20:56.637] - eth_getBalance
[2022/10/10 13:20:56.642] - eth_getTransactionCount
[2022/10/10 13:20:56.695] - eth_getTransactionReceipt
[2022/10/10 13:20:56.740] - eth_estimateGas
[2022/10/10 13:20:56.884] - eth_getBlockByNumber
[2022/10/10 13:20:56.965] - eth_getBlockByNumber
[2022/10/10 13:20:56.967] - eth_gasPrice
[2022/10/10 13:20:56.968] - eth_getBlockByNumber
[2022/10/10 13:20:56.972] - eth_sendTransaction
[2022/10/10 13:20:57.104] - 
[2022/10/10 13:20:57.106] -   Transaction: 0xf3722771f7b097e705751b88ad5b18e84f294eda66a0a36fb282f74498fbcb2d
[2022/10/10 13:20:57.106] -   Contract created: 0x65ba0bd00b47b505098a4c5c2e4298181856f4f6
[2022/10/10 13:20:57.107] -   Gas usage: 645835
[2022/10/10 13:20:57.108] -   Block Number: 19
[2022/10/10 13:20:57.109] -   Block Time: Mon Oct 10 2022 13:20:56 GMT+0530 (India Standard Time)
[2022/10/10 13:20:57.110] - 
[2022/10/10 13:20:57.111] - eth_getBlockByNumber
[2022/10/10 13:20:57.115] - eth_getTransactionReceipt
[2022/10/10 13:20:57.136] - eth_getBlockByNumber
[2022/10/10 13:20:57.138] - eth_getCode
[2022/10/10 13:20:57.154] - eth_getBalance
[2022/10/10 13:20:57.159] - eth_getTransactionByHash
[2022/10/10 13:20:57.177] - eth_getTransactionCount
[2022/10/10 13:20:57.179] - eth_getBlockByNumber
[2022/10/10 13:20:57.185] - eth_getBalance
[2022/10/10 13:20:57.189] - eth_getBalance
[2022/10/10 13:20:57.195] - eth_getTransactionCount
[2022/10/10 13:20:57.205] - eth_getBalance
[2022/10/10 13:20:57.207] - eth_getBlockByNumber
[2022/10/10 13:20:57.211] - eth_getTransactionCount
[2022/10/10 13:20:57.226] - eth_getBalance
[2022/10/10 13:20:57.228] - eth_getBlockByNumber
[2022/10/10 13:20:57.232] - eth_getTransactionCount
[2022/10/10 13:20:57.237] - eth_estimateGas
[2022/10/10 13:20:57.241] - eth_getBalance
[2022/10/10 13:20:57.249] - eth_getTransactionCount
[2022/10/10 13:20:57.257] - eth_getBalance
[2022/10/10 13:20:57.265] - eth_getTransactionCount
[2022/10/10 13:20:57.275] - eth_getBalance
[2022/10/10 13:20:57.282] - eth_getTransactionCount
[2022/10/10 13:20:57.289] - eth_getBalance
[2022/10/10 13:20:57.295] - eth_getTransactionCount
[2022/10/10 13:20:57.305] - eth_getBalance
[2022/10/10 13:20:57.313] - eth_getTransactionCount
[2022/10/10 13:20:57.318] - eth_getBalance
[2022/10/10 13:20:57.326] - eth_getTransactionCount
[2022/10/10 13:20:57.393] - eth_getTransactionReceipt
[2022/10/10 13:20:57.395] - eth_getBlockByNumber
[2022/10/10 13:20:57.446] - eth_getBlockByNumber
[2022/10/10 13:20:57.447] - eth_gasPrice
[2022/10/10 13:20:57.593] - eth_getBlockByNumber
[2022/10/10 13:20:57.597] - eth_sendTransaction
[2022/10/10 13:20:57.725] - 
[2022/10/10 13:20:57.726] -   Transaction: 0x3a75f2e319e952e3b7fa43327ea0f61192fb432bc22e26cdc9eab63805d5437e
[2022/10/10 13:20:57.726] -   Gas usage: 27338
[2022/10/10 13:20:57.727] -   Block Number: 20
[2022/10/10 13:20:57.727] -   Block Time: Mon Oct 10 2022 13:20:57 GMT+0530 (India Standard Time)
[2022/10/10 13:20:57.729] - 
[2022/10/10 13:20:57.731] - eth_getBlockByNumber
[2022/10/10 13:20:57.732] - eth_getTransactionReceipt
[2022/10/10 13:20:57.751] - eth_getBlockByNumber
[2022/10/10 13:20:57.764] - eth_getBalance
[2022/10/10 13:20:57.774] - eth_getTransactionCount
[2022/10/10 13:20:57.782] - eth_getBalance
[2022/10/10 13:20:57.796] - eth_getTransactionCount
[2022/10/10 13:20:57.804] - eth_getBalance
[2022/10/10 13:20:57.811] - eth_getTransactionCount
[2022/10/10 13:20:57.820] - eth_getBalance
[2022/10/10 13:20:57.828] - eth_getTransactionCount
[2022/10/10 13:20:57.846] - eth_getBalance
[2022/10/10 13:20:57.871] - eth_getTransactionCount
[2022/10/10 13:20:57.877] - eth_getBalance
[2022/10/10 13:20:57.887] - eth_getTransactionCount
[2022/10/10 13:20:57.897] - eth_getBalance
[2022/10/10 13:20:57.904] - eth_getTransactionCount
[2022/10/10 13:20:57.912] - eth_getBalance
[2022/10/10 13:20:57.917] - eth_getTransactionCount
[2022/10/10 13:20:57.924] - eth_getBalance
[2022/10/10 13:20:57.941] - eth_getTransactionCount
[2022/10/10 13:20:57.943] - eth_getBalance
[2022/10/10 13:20:57.944] - eth_getTransactionCount
[2022/10/10 13:20:58.035] - eth_getTransactionReceipt
[2022/10/10 13:21:02.681] - eth_blockNumber
[2022/10/10 13:21:02.701] - net_version
[2022/10/10 13:21:02.722] - eth_accounts
[2022/10/10 13:21:02.750] - eth_blockNumber
[2022/10/10 13:21:02.768] - net_version
[2022/10/10 13:21:04.723] - eth_accounts
[2022/10/10 13:21:05.153] - eth_getBlockByNumber
[2022/10/10 13:21:05.175] - eth_accounts
[2022/10/10 13:21:05.217] - eth_getBlockByNumber
[2022/10/10 13:21:05.232] - eth_getBlockByNumber
[2022/10/10 13:21:05.247] - eth_getBlockByNumber
[2022/10/10 13:21:05.263] - eth_estimateGas
[2022/10/10 13:21:05.765] - eth_getBlockByNumber
[2022/10/10 13:21:05.765] - eth_blockNumber
[2022/10/10 13:21:05.765] - eth_estimateGas
[2022/10/10 13:21:06.001] - eth_getBlockByNumber
[2022/10/10 13:21:06.001] - eth_gasPrice
[2022/10/10 13:21:06.012] - eth_sendTransaction
[2022/10/10 13:21:06.214] - 
[2022/10/10 13:21:06.214] -   Transaction: 0xbbc1d0568f16bdae1dd5809a3845ce5100e22039e538a9a7ee88a37e340ec464
[2022/10/10 13:21:06.214] -   Contract created: 0xe9052a6f3bddd49f79a7615e723d6969745ead71
[2022/10/10 13:21:06.214] -   Gas usage: 191943
[2022/10/10 13:21:06.221] -   Block Number: 21
[2022/10/10 13:21:06.221] -   Block Time: Mon Oct 10 2022 13:21:06 GMT+0530 (India Standard Time)
[2022/10/10 13:21:06.221] - 
[2022/10/10 13:21:06.221] - eth_getBlockByNumber
[2022/10/10 13:21:06.221] - eth_getTransactionReceipt
[2022/10/10 13:21:06.250] - eth_getCode
[2022/10/10 13:21:06.254] - eth_getBlockByNumber
[2022/10/10 13:21:06.255] - eth_getBlockByNumber
[2022/10/10 13:21:06.269] - eth_getBlockByNumber
[2022/10/10 13:21:06.269] - eth_getBalance
[2022/10/10 13:21:06.284] - eth_getTransactionCount
[2022/10/10 13:21:06.288] - eth_estimateGas
[2022/10/10 13:21:06.288] - eth_getBalance
[2022/10/10 13:21:06.303] - eth_getTransactionCount
[2022/10/10 13:21:06.316] - eth_getBalance
[2022/10/10 13:21:06.316] - eth_getTransactionCount
[2022/10/10 13:21:06.335] - eth_getBalance
[2022/10/10 13:21:06.348] - eth_getTransactionCount
[2022/10/10 13:21:06.358] - eth_getBalance
[2022/10/10 13:21:06.364] - eth_getTransactionCount
[2022/10/10 13:21:06.379] - eth_getBalance
[2022/10/10 13:21:06.379] - eth_getTransactionCount
[2022/10/10 13:21:06.430] - eth_getBalance
[2022/10/10 13:21:06.446] - eth_getTransactionCount
[2022/10/10 13:21:06.457] - eth_getBalance
[2022/10/10 13:21:06.462] - eth_getTransactionCount
[2022/10/10 13:21:06.482] - eth_getBalance
[2022/10/10 13:21:06.494] - eth_getTransactionCount
[2022/10/10 13:21:06.494] - eth_getBlockByNumber
[2022/10/10 13:21:06.494] - eth_gasPrice
[2022/10/10 13:21:06.509] - eth_getBalance
[2022/10/10 13:21:06.509] - eth_getTransactionCount
[2022/10/10 13:21:06.541] - eth_getTransactionReceipt
[2022/10/10 13:21:06.687] - eth_sendTransaction
[2022/10/10 13:21:06.888] - 
[2022/10/10 13:21:06.888] -   Transaction: 0xc3db626c20377e18570c322a04fc3df2780732dc9a7dd3d0ce11e4958b35f09f
[2022/10/10 13:21:06.888] -   Gas usage: 42338
[2022/10/10 13:21:06.888] -   Block Number: 22
[2022/10/10 13:21:06.896] -   Block Time: Mon Oct 10 2022 13:21:06 GMT+0530 (India Standard Time)
[2022/10/10 13:21:06.896] - 
[2022/10/10 13:21:06.896] - eth_getBlockByNumber
[2022/10/10 13:21:06.896] - eth_getTransactionReceipt
[2022/10/10 13:21:06.919] - eth_getBlockByNumber
[2022/10/10 13:21:06.933] - eth_accounts
[2022/10/10 13:21:06.958] - eth_getBlockByNumber
[2022/10/10 13:21:06.964] - eth_getBlockByNumber
[2022/10/10 13:21:06.986] - eth_getBlockByNumber
[2022/10/10 13:21:07.002] - eth_estimateGas
[2022/10/10 13:21:07.028] - eth_getBlockByNumber
[2022/10/10 13:21:07.140] - eth_getBalance
[2022/10/10 13:21:07.149] - eth_getTransactionCount
[2022/10/10 13:21:07.157] - eth_getBalance
[2022/10/10 13:21:07.173] - eth_getTransactionCount
[2022/10/10 13:21:07.176] - eth_getBalance
[2022/10/10 13:21:07.192] - eth_getTransactionCount
[2022/10/10 13:21:07.202] - eth_getBalance
[2022/10/10 13:21:07.219] - eth_getTransactionCount
[2022/10/10 13:21:07.228] - eth_getBlockByNumber
[2022/10/10 13:21:07.228] - eth_blockNumber
[2022/10/10 13:21:07.251] - eth_getBalance
[2022/10/10 13:21:07.251] - eth_getBlockByNumber
[2022/10/10 13:21:07.251] - eth_getTransactionCount
[2022/10/10 13:21:07.276] - eth_getBalance
[2022/10/10 13:21:07.282] - eth_getTransactionCount
[2022/10/10 13:21:07.292] - eth_estimateGas
[2022/10/10 13:21:07.298] - eth_getBalance
[2022/10/10 13:21:07.298] - eth_getBlockByNumber
[2022/10/10 13:21:07.298] - eth_getTransactionCount
[2022/10/10 13:21:07.314] - eth_getTransactionCount
[2022/10/10 13:21:07.531] - eth_gasPrice
[2022/10/10 13:21:07.531] - eth_getBlockByNumber
[2022/10/10 13:21:07.546] - eth_getTransactionReceipt
[2022/10/10 13:21:07.559] - eth_sendTransaction
[2022/10/10 13:21:07.699] - 
[2022/10/10 13:21:07.703] -   Transaction: 0xd7c9c118fb2218a23b4964ed7bc692a547e3f2327960eda42703df7d56a79d6f
[2022/10/10 13:21:07.704] -   Contract created: 0x18f7561e860b2e0cca087a0c2fd87a3b0d79a7e0
[2022/10/10 13:21:07.704] -   Gas usage: 645835
[2022/10/10 13:21:07.707] -   Block Number: 23
[2022/10/10 13:21:07.707] -   Block Time: Mon Oct 10 2022 13:21:07 GMT+0530 (India Standard Time)
[2022/10/10 13:21:07.709] - 
[2022/10/10 13:21:07.711] - eth_getBlockByNumber
[2022/10/10 13:21:07.713] - eth_getTransactionReceipt
[2022/10/10 13:21:07.722] - eth_getCode
[2022/10/10 13:21:07.736] - eth_getBlockByNumber
[2022/10/10 13:21:07.752] - eth_getBlockByNumber
[2022/10/10 13:21:07.767] - eth_estimateGas
[2022/10/10 13:21:07.914] - eth_getBlockByNumber
[2022/10/10 13:21:07.928] - eth_getBlockByNumber
[2022/10/10 13:21:07.969] - eth_getBlockByNumber
[2022/10/10 13:21:07.975] - eth_gasPrice
[2022/10/10 13:21:07.979] - eth_getBlockByNumber
[2022/10/10 13:21:07.979] - eth_sendTransaction
[2022/10/10 13:21:08.016] - eth_getBalance
[2022/10/10 13:21:08.019] - eth_getTransactionCount
[2022/10/10 13:21:08.019] - eth_getBalance
[2022/10/10 13:21:08.030] - eth_getTransactionCount
[2022/10/10 13:21:08.030] - eth_getBalance
[2022/10/10 13:21:08.051] - eth_getTransactionCount
[2022/10/10 13:21:08.078] - eth_getBalance
[2022/10/10 13:21:08.078] - eth_getTransactionCount
[2022/10/10 13:21:08.093] - eth_getBalance
[2022/10/10 13:21:08.102] - eth_getTransactionCount
[2022/10/10 13:21:08.109] - eth_getBalance
[2022/10/10 13:21:08.113] - eth_getBalance
[2022/10/10 13:21:08.113] - eth_getTransactionCount
[2022/10/10 13:21:08.130] - 
[2022/10/10 13:21:08.130] -   Transaction: 0xfca599093390ddcfee8b651d3949d8e623f892e86f1104191a1d7260f9998cfb
[2022/10/10 13:21:08.130] -   Gas usage: 27338
[2022/10/10 13:21:08.136] -   Block Number: 24
[2022/10/10 13:21:08.136] -   Block Time: Mon Oct 10 2022 13:21:07 GMT+0530 (India Standard Time)
[2022/10/10 13:21:08.138] - 
[2022/10/10 13:21:08.141] - eth_getBlockByNumber
[2022/10/10 13:21:08.141] - eth_getBalance
[2022/10/10 13:21:08.144] - eth_getTransactionCount
[2022/10/10 13:21:08.146] - eth_getTransactionReceipt
[2022/10/10 13:21:08.149] - eth_getBalance
[2022/10/10 13:21:08.257] - eth_getBlockByNumber
[2022/10/10 13:21:08.259] - eth_getBlockByNumber
[2022/10/10 13:21:08.286] - eth_getTransactionReceipt
[2022/10/10 13:21:08.302] - eth_getTransactionCount
[2022/10/10 13:21:08.302] - eth_getBalance
[2022/10/10 13:21:08.302] - eth_getTransactionCount
[2022/10/10 13:21:08.323] - eth_getBalance
[2022/10/10 13:21:08.327] - eth_getBlockByNumber
[2022/10/10 13:21:08.329] - evm_snapshot
[2022/10/10 13:21:08.342] - eth_getTransactionCount
[2022/10/10 13:21:08.352] - Saved snapshot #4
[2022/10/10 13:21:08.364] - eth_getBalance
[2022/10/10 13:21:08.371] - eth_getTransactionCount
[2022/10/10 13:21:08.380] - eth_getBalance
[2022/10/10 13:21:08.389] - eth_getTransactionCount
[2022/10/10 13:21:08.396] - eth_blockNumber
[2022/10/10 13:21:08.397] - eth_getBalance
[2022/10/10 13:21:08.402] - eth_getTransactionCount
[2022/10/10 13:21:08.412] - eth_getBalance
[2022/10/10 13:21:08.413] - eth_getBlockByNumber
[2022/10/10 13:21:08.420] - eth_getTransactionCount
[2022/10/10 13:21:08.426] - eth_getBalance
[2022/10/10 13:21:08.433] - eth_getTransactionCount
[2022/10/10 13:21:08.435] - eth_getBlockByNumber
[2022/10/10 13:21:08.440] - eth_getBalance
[2022/10/10 13:21:08.450] - eth_getTransactionCount
[2022/10/10 13:21:08.455] - eth_getLogs
[2022/10/10 13:21:08.457] - eth_getBalance
[2022/10/10 13:21:08.467] - eth_getTransactionCount
[2022/10/10 13:21:08.775] - eth_getTransactionReceipt
[2022/10/10 13:21:48.713] - eth_blockNumber
[2022/10/10 13:21:48.736] - net_version
[2022/10/10 13:21:48.759] - eth_accounts
[2022/10/10 13:21:48.794] - eth_accounts
[2022/10/10 13:22:46.956] - eth_getBlockByNumber
[2022/10/10 13:30:47.852] - eth_blockNumber
[2022/10/10 13:30:47.868] - net_version
[2022/10/10 13:30:47.884] - eth_accounts
[2022/10/10 13:30:47.916] - eth_getBlockByNumber
[2022/10/10 13:30:47.940] - eth_accounts
[2022/10/10 13:30:47.973] - eth_getBlockByNumber
[2022/10/10 13:30:47.993] - eth_getBlockByNumber
[2022/10/10 13:30:48.009] - eth_getBlockByNumber
[2022/10/10 13:30:48.025] - eth_estimateGas
[2022/10/10 13:30:48.248] - eth_getBlockByNumber
[2022/10/10 13:30:48.249] - eth_blockNumber
[2022/10/10 13:30:48.258] - eth_estimateGas
[2022/10/10 13:30:48.386] - eth_getBlockByNumber
[2022/10/10 13:30:48.395] - eth_gasPrice
[2022/10/10 13:30:48.403] - eth_sendTransaction
[2022/10/10 13:30:48.494] - 
[2022/10/10 13:30:48.494] -   Transaction: 0x508f649ab1abaad5b376e34abd21b20f511c1e0a49a12d0b72b54b23387f1049
[2022/10/10 13:30:48.494] -   Contract created: 0x1df06e8d4d9dbfe4e039a7908ac91cb655c91d73
[2022/10/10 13:30:48.498] -   Gas usage: 191943
[2022/10/10 13:30:48.499] -   Block Number: 25
[2022/10/10 13:30:48.500] -   Block Time: Mon Oct 10 2022 13:30:48 GMT+0530 (India Standard Time)
[2022/10/10 13:30:48.501] - 
[2022/10/10 13:30:48.502] - eth_getBlockByNumber
[2022/10/10 13:30:48.505] - eth_getTransactionReceipt
[2022/10/10 13:30:48.521] - eth_getCode
[2022/10/10 13:30:48.529] - eth_getBlockByNumber
[2022/10/10 13:30:48.535] - eth_getTransactionByHash
[2022/10/10 13:30:48.544] - eth_getBalance
[2022/10/10 13:30:48.548] - eth_getBlockByNumber
[2022/10/10 13:30:48.551] - eth_getTransactionCount
[2022/10/10 13:30:48.555] - eth_getBalance
[2022/10/10 13:30:48.559] - eth_getBalance
[2022/10/10 13:30:48.564] - eth_getBlockByNumber
[2022/10/10 13:30:48.566] - eth_getTransactionCount
[2022/10/10 13:30:48.575] - eth_getBlockByNumber
[2022/10/10 13:30:48.591] - eth_getBalance
[2022/10/10 13:30:48.598] - eth_estimateGas
[2022/10/10 13:30:48.599] - eth_getTransactionCount
[2022/10/10 13:30:48.607] - eth_getBalance
[2022/10/10 13:30:48.615] - eth_getTransactionCount
[2022/10/10 13:30:48.623] - eth_getBalance
[2022/10/10 13:30:48.628] - eth_getTransactionCount
[2022/10/10 13:30:48.636] - eth_getBalance
[2022/10/10 13:30:48.642] - eth_getTransactionCount
[2022/10/10 13:30:48.649] - eth_getBalance
[2022/10/10 13:30:48.657] - eth_getTransactionCount
[2022/10/10 13:30:48.663] - eth_getBalance
[2022/10/10 13:30:48.668] - eth_getTransactionCount
[2022/10/10 13:30:48.676] - eth_getBalance
[2022/10/10 13:30:48.685] - eth_getTransactionCount
[2022/10/10 13:30:48.700] - eth_getBalance
[2022/10/10 13:30:48.701] - eth_getTransactionCount
[2022/10/10 13:30:48.733] - eth_getTransactionReceipt
[2022/10/10 13:30:48.764] - eth_getBlockByNumber
[2022/10/10 13:30:48.767] - eth_gasPrice
[2022/10/10 13:30:48.972] - eth_sendTransaction
[2022/10/10 13:30:49.057] - 
[2022/10/10 13:30:49.058] -   Transaction: 0xb1e9e9cab41093729dedf333b94fed987659864f10f869ce1809e830f59b84b3
[2022/10/10 13:30:49.059] -   Gas usage: 42338
[2022/10/10 13:30:49.060] -   Block Number: 26
[2022/10/10 13:30:49.061] -   Block Time: Mon Oct 10 2022 13:30:48 GMT+0530 (India Standard Time)
[2022/10/10 13:30:49.061] - 
[2022/10/10 13:30:49.063] - eth_getBlockByNumber
[2022/10/10 13:30:49.064] - eth_getTransactionReceipt
[2022/10/10 13:30:49.095] - eth_getBlockByNumber
[2022/10/10 13:30:49.109] - eth_accounts
[2022/10/10 13:30:49.131] - eth_getBlockByNumber
[2022/10/10 13:30:49.137] - eth_getBlockByNumber
[2022/10/10 13:30:49.153] - eth_getBlockByNumber
[2022/10/10 13:30:49.168] - eth_estimateGas
[2022/10/10 13:30:49.246] - eth_getBlockByNumber
[2022/10/10 13:30:49.258] - eth_getBalance
[2022/10/10 13:30:49.270] - eth_getTransactionCount
[2022/10/10 13:30:49.271] - eth_getBalance
[2022/10/10 13:30:49.271] - eth_getTransactionCount
[2022/10/10 13:30:49.286] - eth_getBalance
[2022/10/10 13:30:49.291] - eth_getTransactionCount
[2022/10/10 13:30:49.302] - eth_getBalance
[2022/10/10 13:30:49.302] - eth_getTransactionCount
[2022/10/10 13:30:49.302] - eth_getBalance
[2022/10/10 13:30:49.323] - eth_getTransactionCount
[2022/10/10 13:30:49.325] - eth_getBlockByNumber
[2022/10/10 13:30:49.327] - eth_blockNumber
[2022/10/10 13:30:49.332] - eth_getBalance
[2022/10/10 13:30:49.340] - eth_getTransactionCount
[2022/10/10 13:30:49.354] - eth_getBalance
[2022/10/10 13:30:49.372] - eth_getTransactionCount
[2022/10/10 13:30:49.379] - eth_getBalance
[2022/10/10 13:30:49.388] - eth_getTransactionCount
[2022/10/10 13:30:49.396] - eth_getBalance
[2022/10/10 13:30:49.399] - eth_estimateGas
[2022/10/10 13:30:49.403] - eth_getTransactionCount
[2022/10/10 13:30:49.411] - eth_getBalance
[2022/10/10 13:30:49.416] - eth_getTransactionCount
[2022/10/10 13:30:49.480] - eth_getTransactionReceipt
[2022/10/10 13:30:49.518] - eth_getBlockByNumber
[2022/10/10 13:30:49.638] - eth_getBlockByNumber
[2022/10/10 13:30:49.638] - eth_gasPrice
[2022/10/10 13:30:49.670] - eth_getBlockByNumber
[2022/10/10 13:30:49.673] - eth_sendTransaction
[2022/10/10 13:30:49.803] - 
[2022/10/10 13:30:49.803] -   Transaction: 0x5bb98491e04dd9886f0c8750c7c9d310f829dc198771299d346d9a13f3769b1b
[2022/10/10 13:30:49.810] -   Contract created: 0x7245aec5eb8d8476ee84f9872f710719892ae49c
[2022/10/10 13:30:49.810] -   Gas usage: 645835
[2022/10/10 13:30:49.811] -   Block Number: 27
[2022/10/10 13:30:49.812] -   Block Time: Mon Oct 10 2022 13:30:49 GMT+0530 (India Standard Time)
[2022/10/10 13:30:49.812] - 
[2022/10/10 13:30:49.815] - eth_getBlockByNumber
[2022/10/10 13:30:49.816] - eth_getTransactionReceipt
[2022/10/10 13:30:49.830] - eth_getCode
[2022/10/10 13:30:49.847] - eth_getTransactionByHash
[2022/10/10 13:30:49.863] - eth_getBlockByNumber
[2022/10/10 13:30:49.878] - eth_getBalance
[2022/10/10 13:30:49.901] - eth_getBlockByNumber
[2022/10/10 13:30:49.908] - eth_getBlockByNumber
[2022/10/10 13:30:49.921] - eth_getBlockByNumber
[2022/10/10 13:30:49.927] - eth_estimateGas
[2022/10/10 13:30:49.937] - eth_getBalance
[2022/10/10 13:30:49.943] - eth_getTransactionCount
[2022/10/10 13:30:49.950] - eth_getBalance
[2022/10/10 13:30:49.960] - eth_getTransactionCount
[2022/10/10 13:30:49.967] - eth_getBalance
[2022/10/10 13:30:49.974] - eth_getTransactionCount
[2022/10/10 13:30:49.984] - eth_getBalance
[2022/10/10 13:30:49.992] - eth_getTransactionCount
[2022/10/10 13:30:49.999] - eth_getBalance
[2022/10/10 13:30:50.010] - eth_getTransactionCount
[2022/10/10 13:30:50.017] - eth_getBalance
[2022/10/10 13:30:50.024] - eth_getTransactionCount
[2022/10/10 13:30:50.031] - eth_getBalance
[2022/10/10 13:30:50.039] - eth_getTransactionCount
[2022/10/10 13:30:50.046] - eth_getBalance
[2022/10/10 13:30:50.056] - eth_getTransactionCount
[2022/10/10 13:30:50.063] - eth_getBalance
[2022/10/10 13:30:50.068] - eth_getTransactionCount
[2022/10/10 13:30:50.075] - eth_getBalance
[2022/10/10 13:30:50.082] - eth_getTransactionCount
[2022/10/10 13:30:50.091] - eth_getBlockByNumber
[2022/10/10 13:30:50.130] - eth_getBlockByNumber
[2022/10/10 13:30:50.133] - eth_gasPrice
[2022/10/10 13:30:50.187] - eth_getTransactionReceipt
[2022/10/10 13:30:50.391] - eth_getBlockByNumber
[2022/10/10 13:30:50.394] - eth_sendTransaction
[2022/10/10 13:30:50.527] - eth_getBlockByNumber
[2022/10/10 13:30:50.593] - 
[2022/10/10 13:30:50.594] -   Transaction: 0x57e5ad8a917856b0394580ddf071d9c9d5b178651cb14048dccdcd21095b0c8b
[2022/10/10 13:30:50.595] -   Gas usage: 27338
[2022/10/10 13:30:50.596] -   Block Number: 28
[2022/10/10 13:30:50.596] -   Block Time: Mon Oct 10 2022 13:30:50 GMT+0530 (India Standard Time)
[2022/10/10 13:30:50.597] - 
[2022/10/10 13:30:50.599] - eth_getBlockByNumber
[2022/10/10 13:30:50.601] - eth_getTransactionReceipt
[2022/10/10 13:30:50.604] - eth_getBlockByNumber
[2022/10/10 13:30:50.625] - eth_getBlockByNumber
[2022/10/10 13:30:50.644] - eth_getBalance
[2022/10/10 13:30:50.654] - eth_getTransactionCount
[2022/10/10 13:30:50.663] - eth_getBalance
[2022/10/10 13:30:50.669] - eth_getTransactionCount
[2022/10/10 13:30:50.675] - eth_getBalance
[2022/10/10 13:30:50.688] - eth_getTransactionCount
[2022/10/10 13:30:50.695] - eth_getBalance
[2022/10/10 13:30:50.703] - eth_getTransactionCount
[2022/10/10 13:30:50.710] - eth_getBalance
[2022/10/10 13:30:50.721] - eth_getTransactionCount
[2022/10/10 13:30:50.726] - eth_getBalance
[2022/10/10 13:30:50.733] - eth_getTransactionCount
[2022/10/10 13:30:50.740] - eth_getBalance
[2022/10/10 13:30:50.763] - eth_getTransactionCount
[2022/10/10 13:30:50.764] - eth_getBalance
[2022/10/10 13:30:50.770] - eth_getTransactionCount
[2022/10/10 13:30:50.770] - eth_getBalance
[2022/10/10 13:30:50.770] - eth_getTransactionCount
[2022/10/10 13:30:50.785] - eth_getBalance
[2022/10/10 13:30:50.807] - eth_getTransactionCount
[2022/10/10 13:30:50.939] - eth_getTransactionReceipt
[2022/10/10 13:31:23.329] - eth_blockNumber
[2022/10/10 13:31:23.348] - net_version
[2022/10/10 13:31:23.365] - eth_accounts
[2022/10/10 13:31:23.406] - eth_blockNumber
[2022/10/10 13:31:23.422] - net_version
[2022/10/10 13:31:25.428] - eth_accounts
[2022/10/10 13:31:25.904] - eth_getBlockByNumber
[2022/10/10 13:31:25.924] - eth_accounts
[2022/10/10 13:31:25.980] - eth_getBlockByNumber
[2022/10/10 13:31:26.003] - eth_getBlockByNumber
[2022/10/10 13:31:26.017] - eth_getBlockByNumber
[2022/10/10 13:31:26.040] - eth_estimateGas
[2022/10/10 13:31:26.503] - eth_getBlockByNumber
[2022/10/10 13:31:26.504] - eth_blockNumber
[2022/10/10 13:31:26.515] - eth_estimateGas
[2022/10/10 13:31:26.691] - eth_getBlockByNumber
[2022/10/10 13:31:26.691] - eth_gasPrice
[2022/10/10 13:31:26.705] - eth_sendTransaction
[2022/10/10 13:31:26.826] - 
[2022/10/10 13:31:26.826] -   Transaction: 0x4da260c4f9425e9f2abc6ead2b4861a399cf161d4385c0eb73ce8696ef85894f
[2022/10/10 13:31:26.826] -   Contract created: 0xf17539cf3c33e76b2a1f997d5bf6b1ddf173de84
[2022/10/10 13:31:26.831] -   Gas usage: 191943
[2022/10/10 13:31:26.833] -   Block Number: 29
[2022/10/10 13:31:26.835] -   Block Time: Mon Oct 10 2022 13:31:26 GMT+0530 (India Standard Time)
[2022/10/10 13:31:26.836] - 
[2022/10/10 13:31:26.839] - eth_getBlockByNumber
[2022/10/10 13:31:26.839] - eth_getTransactionReceipt
[2022/10/10 13:31:26.863] - eth_getCode
[2022/10/10 13:31:26.888] - eth_getBlockByNumber
[2022/10/10 13:31:26.904] - eth_getBlockByNumber
[2022/10/10 13:31:26.904] - eth_getBlockByNumber
[2022/10/10 13:31:26.911] - eth_estimateGas
[2022/10/10 13:31:26.942] - eth_getBalance
[2022/10/10 13:31:26.963] - eth_getTransactionCount
[2022/10/10 13:31:26.979] - eth_getBalance
[2022/10/10 13:31:26.990] - eth_getTransactionCount
[2022/10/10 13:31:27.006] - eth_getBalance
[2022/10/10 13:31:27.022] - eth_getTransactionCount
[2022/10/10 13:31:27.040] - eth_getBalance
[2022/10/10 13:31:27.050] - eth_getTransactionCount
[2022/10/10 13:31:27.063] - eth_getBalance
[2022/10/10 13:31:27.073] - eth_getTransactionCount
[2022/10/10 13:31:27.073] - eth_getBlockByNumber
[2022/10/10 13:31:27.081] - eth_gasPrice
[2022/10/10 13:31:27.081] - eth_getBalance
[2022/10/10 13:31:27.089] - eth_getTransactionCount
[2022/10/10 13:31:27.105] - eth_getBalance
[2022/10/10 13:31:27.105] - eth_getTransactionCount
[2022/10/10 13:31:27.125] - eth_getBalance
[2022/10/10 13:31:27.136] - eth_getTransactionCount
[2022/10/10 13:31:27.152] - eth_getBalance
[2022/10/10 13:31:27.152] - eth_getTransactionCount
[2022/10/10 13:31:27.152] - eth_sendTransaction
[2022/10/10 13:31:27.171] - eth_getBalance
[2022/10/10 13:31:27.184] - eth_getTransactionCount
[2022/10/10 13:31:27.352] - 
[2022/10/10 13:31:27.352] -   Transaction: 0x1243d01e7233d709a2bcc067ae2da100898476a27fd98a98bb1ad80bd5f6724c
[2022/10/10 13:31:27.352] -   Gas usage: 42338
[2022/10/10 13:31:27.352] -   Block Number: 30
[2022/10/10 13:31:27.363] -   Block Time: Mon Oct 10 2022 13:31:27 GMT+0530 (India Standard Time)
[2022/10/10 13:31:27.365] - 
[2022/10/10 13:31:27.367] - eth_getBlockByNumber
[2022/10/10 13:31:27.367] - eth_getTransactionReceipt
[2022/10/10 13:31:27.400] - eth_getTransactionReceipt
[2022/10/10 13:31:27.408] - eth_getBlockByNumber
[2022/10/10 13:31:27.427] - eth_accounts
[2022/10/10 13:31:27.458] - eth_getBlockByNumber
[2022/10/10 13:31:27.474] - eth_getBlockByNumber
[2022/10/10 13:31:27.491] - eth_getBlockByNumber
[2022/10/10 13:31:27.505] - eth_getBlockByNumber
[2022/10/10 13:31:27.515] - eth_estimateGas
[2022/10/10 13:31:27.609] - eth_getBalance
[2022/10/10 13:31:27.618] - eth_getTransactionCount
[2022/10/10 13:31:27.630] - eth_getBalance
[2022/10/10 13:31:27.643] - eth_getTransactionCount
[2022/10/10 13:31:27.662] - eth_getBalance
[2022/10/10 13:31:27.670] - eth_getTransactionCount
[2022/10/10 13:31:27.686] - eth_getBalance
[2022/10/10 13:31:27.696] - eth_getTransactionCount
[2022/10/10 13:31:27.702] - eth_getBalance
[2022/10/10 13:31:27.733] - eth_getTransactionCount
[2022/10/10 13:31:27.757] - eth_getBlockByNumber
[2022/10/10 13:31:27.762] - eth_blockNumber
[2022/10/10 13:31:27.765] - eth_getBalance
[2022/10/10 13:31:27.780] - eth_getTransactionCount
[2022/10/10 13:31:27.780] - eth_getBalance
[2022/10/10 13:31:27.798] - eth_getTransactionCount
[2022/10/10 13:31:27.816] - eth_getBalance
[2022/10/10 13:31:27.828] - eth_getTransactionCount
[2022/10/10 13:31:27.836] - eth_estimateGas
[2022/10/10 13:31:27.844] - eth_getBalance
[2022/10/10 13:31:27.860] - eth_getTransactionCount
[2022/10/10 13:31:27.875] - eth_getBlockByNumber
[2022/10/10 13:31:28.067] - eth_getBlockByNumber
[2022/10/10 13:31:28.067] - eth_gasPrice
[2022/10/10 13:31:28.067] - eth_getBlockByNumber
[2022/10/10 13:31:28.104] - eth_sendTransaction
[2022/10/10 13:31:28.238] - 
[2022/10/10 13:31:28.254] -   Transaction: 0x9ecbddc815caad5998f2d185250c0e63d798e82f3815c248b46a4bf391dcadc3
[2022/10/10 13:31:28.255] -   Contract created: 0xa31698d6c7ed834629c1f2e3c2eabe0053c4ee3c
[2022/10/10 13:31:28.257] -   Gas usage: 645835
[2022/10/10 13:31:28.257] -   Block Number: 31
[2022/10/10 13:31:28.257] -   Block Time: Mon Oct 10 2022 13:31:28 GMT+0530 (India Standard Time)
[2022/10/10 13:31:28.260] - 
[2022/10/10 13:31:28.262] - eth_getBlockByNumber
[2022/10/10 13:31:28.262] - eth_getTransactionReceipt
[2022/10/10 13:31:28.270] - eth_getCode
[2022/10/10 13:31:28.286] - eth_getBlockByNumber
[2022/10/10 13:31:28.317] - eth_getBlockByNumber
[2022/10/10 13:31:28.335] - eth_estimateGas
[2022/10/10 13:31:28.401] - eth_getBlockByNumber
[2022/10/10 13:31:28.498] - eth_getBlockByNumber
[2022/10/10 13:31:28.507] - eth_gasPrice
[2022/10/10 13:31:28.509] - eth_getBlockByNumber
[2022/10/10 13:31:28.514] - eth_sendTransaction
[2022/10/10 13:31:28.521] - eth_getBlockByNumber
[2022/10/10 13:31:28.659] - eth_getTransactionReceipt
[2022/10/10 13:31:28.659] - eth_getTransactionCount
[2022/10/10 13:31:28.681] - 
[2022/10/10 13:31:28.681] -   Transaction: 0x335a614191089330d193cc45cffc65b04266386b126dd665c813a11af52f9d38
[2022/10/10 13:31:28.681] -   Gas usage: 27338
[2022/10/10 13:31:28.681] -   Block Number: 32
[2022/10/10 13:31:28.681] -   Block Time: Mon Oct 10 2022 13:31:28 GMT+0530 (India Standard Time)
[2022/10/10 13:31:28.681] - 
[2022/10/10 13:31:28.690] - eth_getBlockByNumber
[2022/10/10 13:31:28.690] - eth_getBalance
[2022/10/10 13:31:28.696] - eth_getTransactionReceipt
[2022/10/10 13:31:28.700] - eth_getTransactionCount
[2022/10/10 13:31:28.706] - eth_getBalance
[2022/10/10 13:31:28.723] - eth_getTransactionCount
[2022/10/10 13:31:28.737] - eth_getBalance
[2022/10/10 13:31:28.765] - evm_snapshot
[2022/10/10 13:31:28.766] - eth_getTransactionCount
[2022/10/10 13:31:28.769] - Saved snapshot #5
[2022/10/10 13:31:28.783] - eth_getBalance
[2022/10/10 13:31:28.797] - eth_getTransactionCount
[2022/10/10 13:31:28.810] - eth_getBalance
[2022/10/10 13:31:28.820] - eth_getTransactionCount
[2022/10/10 13:31:28.835] - eth_blockNumber
[2022/10/10 13:31:28.850] - eth_getBalance
[2022/10/10 13:31:28.856] - eth_getBlockByNumber
[2022/10/10 13:31:28.863] - eth_getTransactionCount
[2022/10/10 13:31:28.871] - eth_getBlockByNumber
[2022/10/10 13:31:28.873] - eth_getBalance
[2022/10/10 13:31:28.880] - eth_getLogs
[2022/10/10 13:31:28.881] - eth_getBlockByNumber
[2022/10/10 13:31:28.884] - eth_getTransactionCount
[2022/10/10 13:31:28.894] - eth_getBalance
[2022/10/10 13:31:28.904] - eth_getTransactionCount
[2022/10/10 13:31:29.205] - eth_getBlockByNumber
[2022/10/10 13:31:29.333] - eth_getBalance
[2022/10/10 13:31:29.333] - eth_getTransactionCount
[2022/10/10 13:31:29.349] - eth_getBalance
[2022/10/10 13:31:29.353] - eth_getTransactionCount
[2022/10/10 13:31:29.365] - eth_getBalance
[2022/10/10 13:31:29.386] - eth_getTransactionCount
[2022/10/10 13:31:29.397] - eth_getBalance
[2022/10/10 13:31:29.397] - eth_getTransactionCount
[2022/10/10 13:31:29.413] - eth_getTransactionCount
[2022/10/10 13:31:29.413] - eth_getBalance
[2022/10/10 13:31:29.428] - eth_getTransactionCount
[2022/10/10 13:31:29.428] - eth_getBalance
[2022/10/10 13:31:29.444] - eth_getTransactionCount
[2022/10/10 13:31:29.574] - eth_getTransactionReceipt
[2022/10/10 13:31:29.589] - eth_getBalance
[2022/10/10 13:31:29.589] - eth_getTransactionCount
[2022/10/10 13:31:29.604] - eth_getBalance
[2022/10/10 13:31:29.604] - eth_getTransactionCount
[2022/10/10 13:31:29.622] - eth_getBalance
[2022/10/10 13:31:29.622] - eth_getTransactionCount
[2022/10/10 13:31:29.636] - eth_getBalance
[2022/10/10 13:31:29.636] - eth_getTransactionCount
[2022/10/10 13:31:29.652] - eth_getBalance
[2022/10/10 13:31:29.652] - eth_getTransactionCount
[2022/10/10 13:31:29.667] - eth_getBalance
[2022/10/10 13:31:29.683] - eth_getTransactionCount
[2022/10/10 13:31:29.689] - eth_getBalance
[2022/10/10 13:31:29.700] - eth_getTransactionCount
[2022/10/10 13:31:29.703] - eth_getBalance
[2022/10/10 13:31:29.708] - eth_getTransactionCount
[2022/10/10 13:31:29.708] - eth_getBalance
[2022/10/10 13:31:29.725] - eth_getTransactionCount
[2022/10/10 13:31:29.725] - eth_getBalance
[2022/10/10 13:31:29.739] - eth_getTransactionCount
[2022/10/10 13:31:29.739] - eth_getBalance
[2022/10/10 13:31:29.755] - eth_getTransactionCount
[2022/10/10 13:31:29.764] - eth_getBalance
[2022/10/10 13:31:29.771] - eth_getTransactionCount
[2022/10/10 13:31:29.782] - eth_getBalance
[2022/10/10 13:31:29.789] - eth_getTransactionCount
[2022/10/10 13:31:29.800] - eth_getBalance
[2022/10/10 13:31:29.805] - eth_getTransactionCount
[2022/10/10 13:31:29.813] - eth_getBalance
[2022/10/10 13:31:29.822] - eth_getTransactionCount
[2022/10/10 13:31:29.841] - eth_getBalance
[2022/10/10 13:31:29.856] - eth_getTransactionCount
[2022/10/10 13:31:29.872] - eth_getBalance
[2022/10/10 13:31:29.872] - eth_getTransactionCount
[2022/10/10 13:31:29.887] - eth_getBalance
[2022/10/10 13:31:29.887] - eth_getTransactionCount
[2022/10/10 13:31:29.903] - eth_getBalance
[2022/10/10 13:31:29.903] - eth_getTransactionCount
[2022/10/10 13:31:29.919] - eth_getBalance
[2022/10/10 13:31:29.919] - eth_getTransactionCount
[2022/10/10 13:31:30.276] - eth_getTransactionReceipt
[2022/10/10 13:43:55.318] - eth_unsubscribe
[2022/10/10 13:43:55.322] - eth_unsubscribe
