[2022/10/13 11:54:33.217] - Starting server with initial configuration: {"gasLimit":6721975,"gasPrice":20000000000,"hardfork":"muirGlacier","hostname":"127.0.0.1","port":7545,"network_id":5777,"default_balance_ether":100,"total_accounts":10,"unlocked_accounts":[],"locked":true,"vmErrorsOnRPCResponse":true,"verbose":false,"db_path":"C:\\Users\\Tanis\\AppData\\Roaming\\Ganache\\workspaces\\wallet\\chaindata","logDirectory":"C:\\Users\\Tanis\\Desktop\\Files\\projects\\wallet\\logs"}
[2022/10/13 11:54:33.362] - eth_getCode
[2022/10/13 11:54:33.364] - eth_subscribe
[2022/10/13 11:54:33.366] - eth_getLogs
[2022/10/13 11:54:33.369] - eth_subscribe
[2022/10/13 11:54:33.402] - eth_getCode
[2022/10/13 11:54:33.528] - eth_getCode
[2022/10/13 11:54:33.531] - eth_subscribe
[2022/10/13 11:54:33.532] - eth_getLogs
[2022/10/13 11:54:33.536] - eth_subscribe
[2022/10/13 11:54:33.561] - eth_getCode
[2022/10/13 11:54:33.775] - eth_blockNumber
[2022/10/13 11:54:33.777] - eth_accounts
[2022/10/13 11:54:33.779] - eth_blockNumber
[2022/10/13 11:54:33.780] - eth_gasPrice
[2022/10/13 11:54:33.781] - eth_accounts
[2022/10/13 11:54:33.782] - eth_getBlockByNumber
[2022/10/13 11:54:33.783] - eth_gasPrice
[2022/10/13 11:54:33.785] - eth_subscribe
[2022/10/13 11:54:33.786] - eth_getBlockByNumber
[2022/10/13 11:54:33.787] - eth_subscribe
[2022/10/13 11:54:33.909] - eth_getBalance
[2022/10/13 11:54:33.922] - eth_getTransactionCount
[2022/10/13 11:54:33.935] - eth_getBalance
[2022/10/13 11:54:33.943] - eth_getTransactionCount
[2022/10/13 11:54:33.955] - eth_getBalance
[2022/10/13 11:54:33.964] - eth_getTransactionCount
[2022/10/13 11:54:33.976] - eth_getBalance
[2022/10/13 11:54:33.985] - eth_getTransactionCount
[2022/10/13 11:54:33.998] - eth_getBalance
[2022/10/13 11:54:34.008] - eth_getTransactionCount
[2022/10/13 11:54:34.019] - eth_getBalance
[2022/10/13 11:54:34.027] - eth_getTransactionCount
[2022/10/13 11:54:34.035] - eth_getBalance
[2022/10/13 11:54:34.047] - eth_getTransactionCount
[2022/10/13 11:54:34.052] - eth_getBalance
[2022/10/13 11:54:34.061] - eth_getTransactionCount
[2022/10/13 11:54:34.072] - eth_getBalance
[2022/10/13 11:54:34.078] - eth_getTransactionCount
[2022/10/13 11:54:34.089] - eth_getBalance
[2022/10/13 11:54:34.099] - eth_getTransactionCount
[2022/10/13 11:54:34.109] - eth_getBalance
[2022/10/13 11:54:34.118] - eth_getTransactionCount
[2022/10/13 11:54:34.124] - eth_getBalance
[2022/10/13 11:54:34.134] - eth_getTransactionCount
[2022/10/13 11:54:34.142] - eth_getBalance
[2022/10/13 11:54:34.153] - eth_getTransactionCount
[2022/10/13 11:54:34.160] - eth_getBalance
[2022/10/13 11:54:34.168] - eth_getTransactionCount
[2022/10/13 11:54:34.176] - eth_getBalance
[2022/10/13 11:54:34.185] - eth_getTransactionCount
[2022/10/13 11:54:34.195] - eth_getBalance
[2022/10/13 11:54:34.201] - eth_getTransactionCount
[2022/10/13 11:54:34.210] - eth_getBalance
[2022/10/13 11:54:34.217] - eth_getTransactionCount
[2022/10/13 11:54:34.226] - eth_getBalance
[2022/10/13 11:54:34.237] - eth_getTransactionCount
[2022/10/13 11:54:34.248] - eth_getBalance
[2022/10/13 11:54:34.256] - eth_getTransactionCount
[2022/10/13 11:54:34.263] - eth_getBalance
[2022/10/13 11:54:34.274] - eth_getTransactionCount
[2022/10/13 11:54:34.283] - eth_getBalance
[2022/10/13 11:54:34.292] - eth_getTransactionCount
[2022/10/13 11:54:34.300] - eth_getBalance
[2022/10/13 11:54:34.320] - eth_getTransactionCount
[2022/10/13 11:54:34.321] - eth_getBalance
[2022/10/13 11:54:34.329] - eth_getTransactionCount
[2022/10/13 11:54:34.338] - eth_getBalance
[2022/10/13 11:54:34.349] - eth_getTransactionCount
[2022/10/13 11:54:34.356] - eth_getBalance
[2022/10/13 11:54:34.365] - eth_getTransactionCount
[2022/10/13 11:54:34.373] - eth_getBalance
[2022/10/13 11:54:34.382] - eth_getTransactionCount
[2022/10/13 11:54:34.391] - eth_getBalance
[2022/10/13 11:54:34.401] - eth_getTransactionCount
[2022/10/13 11:54:34.414] - eth_getBalance
[2022/10/13 11:54:34.437] - eth_getTransactionCount
[2022/10/13 11:54:34.447] - eth_getBalance
[2022/10/13 11:54:34.455] - eth_getTransactionCount
[2022/10/13 11:54:34.465] - eth_getBalance
[2022/10/13 11:54:34.475] - eth_getTransactionCount
[2022/10/13 11:54:34.583] - eth_getBalance
[2022/10/13 11:54:34.592] - eth_getTransactionCount
[2022/10/13 11:54:34.605] - eth_getBalance
[2022/10/13 11:54:34.610] - eth_getTransactionCount
[2022/10/13 11:54:34.627] - eth_getBalance
[2022/10/13 11:54:34.630] - eth_getTransactionCount
[2022/10/13 11:54:34.636] - eth_getBalance
[2022/10/13 11:54:34.645] - eth_getTransactionCount
[2022/10/13 11:54:34.653] - eth_getBalance
[2022/10/13 11:54:34.662] - eth_getTransactionCount
[2022/10/13 11:54:34.670] - eth_getBalance
[2022/10/13 11:54:34.679] - eth_getTransactionCount
[2022/10/13 11:54:34.688] - eth_getBalance
[2022/10/13 11:54:34.698] - eth_getTransactionCount
[2022/10/13 11:54:34.704] - eth_getBalance
[2022/10/13 11:54:34.712] - eth_getTransactionCount
[2022/10/13 11:54:34.723] - eth_getBalance
[2022/10/13 11:54:34.728] - eth_getTransactionCount
[2022/10/13 11:54:34.735] - eth_getBalance
[2022/10/13 11:54:34.741] - eth_getTransactionCount
[2022/10/13 12:02:46.819] - eth_unsubscribe
[2022/10/13 12:02:46.822] - eth_unsubscribe
