[2022/10/13 12:43:35.479] - Starting server with initial configuration: {"gasLimit":6721975,"gasPrice":20000000000,"hardfork":"muirGlacier","hostname":"127.0.0.1","port":7545,"network_id":5777,"default_balance_ether":500,"total_accounts":5,"unlocked_accounts":[],"locked":true,"vmErrorsOnRPCResponse":true,"verbose":false,"db_path":"C:\\Users\\Tanis\\AppData\\Roaming\\Ganache\\workspaces\\observant-pain\\chaindata","logDirectory":"C:\\Users\\Tanis\\Desktop\\Files\\projects\\wallet\\logs"}
[2022/10/13 12:43:35.692] - eth_getCode
[2022/10/13 12:43:35.693] - eth_subscribe
[2022/10/13 12:43:35.694] - eth_getLogs
[2022/10/13 12:43:35.696] - eth_subscribe
[2022/10/13 12:43:35.705] - eth_getCode
[2022/10/13 12:43:35.784] - eth_subscribe
[2022/10/13 12:43:35.785] - eth_getLogs
[2022/10/13 12:43:35.787] - eth_subscribe
[2022/10/13 12:43:35.954] - eth_blockNumber
[2022/10/13 12:43:35.955] - eth_accounts
[2022/10/13 12:43:35.957] - eth_blockNumber
[2022/10/13 12:43:35.957] - eth_gasPrice
[2022/10/13 12:43:35.958] - eth_accounts
[2022/10/13 12:43:35.959] - eth_getBlockByNumber
[2022/10/13 12:43:35.960] - eth_gasPrice
[2022/10/13 12:43:35.961] - eth_subscribe
[2022/10/13 12:43:35.961] - eth_getBlockByNumber
[2022/10/13 12:43:35.962] - eth_subscribe
[2022/10/13 12:43:36.002] - eth_accounts
[2022/10/13 12:43:36.117] - eth_getBalance
[2022/10/13 12:43:36.128] - eth_getTransactionCount
[2022/10/13 12:43:36.141] - eth_getBalance
[2022/10/13 12:43:36.151] - eth_getTransactionCount
[2022/10/13 12:43:36.161] - eth_getBalance
[2022/10/13 12:43:36.176] - eth_getTransactionCount
[2022/10/13 12:43:36.186] - eth_getBalance
[2022/10/13 12:43:36.195] - eth_getTransactionCount
[2022/10/13 12:43:36.209] - eth_getBalance
[2022/10/13 12:43:36.220] - eth_getTransactionCount
[2022/10/13 12:43:36.252] - eth_getBalance
[2022/10/13 12:43:36.266] - eth_getTransactionCount
[2022/10/13 12:43:36.275] - eth_getBalance
[2022/10/13 12:43:36.285] - eth_getTransactionCount
[2022/10/13 12:43:36.299] - eth_getBalance
[2022/10/13 12:43:36.309] - eth_getTransactionCount
[2022/10/13 12:43:36.318] - eth_getBalance
[2022/10/13 12:43:36.332] - eth_getTransactionCount
[2022/10/13 12:43:36.342] - eth_getBalance
[2022/10/13 12:43:36.358] - eth_getTransactionCount
[2022/10/13 12:43:36.367] - eth_getBalance
[2022/10/13 12:43:36.378] - eth_getTransactionCount
[2022/10/13 12:43:36.393] - eth_getBalance
[2022/10/13 12:43:36.405] - eth_getTransactionCount
[2022/10/13 12:43:36.415] - eth_getBalance
[2022/10/13 12:43:36.427] - eth_getTransactionCount
[2022/10/13 12:43:36.438] - eth_getBalance
[2022/10/13 12:43:36.449] - eth_getTransactionCount
[2022/10/13 12:43:36.460] - eth_getBalance
[2022/10/13 12:43:36.471] - eth_getTransactionCount
[2022/10/13 12:43:36.727] - eth_getBalance
[2022/10/13 12:43:36.737] - eth_getTransactionCount
[2022/10/13 12:43:36.748] - eth_getBalance
[2022/10/13 12:43:36.763] - eth_getTransactionCount
[2022/10/13 12:43:36.773] - eth_getBalance
[2022/10/13 12:43:36.784] - eth_getTransactionCount
[2022/10/13 12:43:36.798] - eth_getBalance
[2022/10/13 12:43:36.808] - eth_getTransactionCount
[2022/10/13 12:43:43.244] - eth_unsubscribe
[2022/10/13 12:43:43.244] - eth_unsubscribe
