[2022/10/13 12:06:24.816] - Starting server with initial configuration: {"gasLimit":6721975,"gasPrice":20000000000,"hardfork":"muirGlacier","hostname":"127.0.0.1","port":7545,"network_id":5777,"default_balance_ether":100,"total_accounts":10,"unlocked_accounts":[],"locked":true,"vmErrorsOnRPCResponse":true,"verbose":false,"db_path":"C:\\Users\\Tanis\\AppData\\Roaming\\Ganache\\workspaces\\wallet\\chaindata","logDirectory":"C:\\Users\\Tanis\\Desktop\\Files\\projects\\wallet\\logs"}
[2022/10/13 12:06:24.910] - eth_getCode
[2022/10/13 12:06:24.912] - eth_subscribe
[2022/10/13 12:06:24.913] - eth_getLogs
[2022/10/13 12:06:24.915] - eth_subscribe
[2022/10/13 12:06:24.930] - eth_getCode
[2022/10/13 12:06:24.997] - eth_getCode
[2022/10/13 12:06:24.998] - eth_subscribe
[2022/10/13 12:06:24.999] - eth_getLogs
[2022/10/13 12:06:25.003] - eth_subscribe
[2022/10/13 12:06:25.018] - eth_getCode
[2022/10/13 12:06:25.164] - eth_blockNumber
[2022/10/13 12:06:25.166] - eth_accounts
[2022/10/13 12:06:25.167] - eth_blockNumber
[2022/10/13 12:06:25.167] - eth_gasPrice
[2022/10/13 12:06:25.168] - eth_accounts
[2022/10/13 12:06:25.168] - eth_getBlockByNumber
[2022/10/13 12:06:25.170] - eth_gasPrice
[2022/10/13 12:06:25.170] - eth_subscribe
[2022/10/13 12:06:25.171] - eth_getBlockByNumber
[2022/10/13 12:06:25.171] - eth_subscribe
[2022/10/13 12:06:25.198] - eth_accounts
[2022/10/13 12:06:25.275] - eth_getBalance
[2022/10/13 12:06:25.283] - eth_getTransactionCount
[2022/10/13 12:06:25.288] - eth_getBalance
[2022/10/13 12:06:25.296] - eth_getTransactionCount
[2022/10/13 12:06:25.302] - eth_getBalance
[2022/10/13 12:06:25.312] - eth_getTransactionCount
[2022/10/13 12:06:25.319] - eth_getBalance
[2022/10/13 12:06:25.326] - eth_getTransactionCount
[2022/10/13 12:06:25.333] - eth_getBalance
[2022/10/13 12:06:25.339] - eth_getTransactionCount
[2022/10/13 12:06:25.364] - eth_getBalance
[2022/10/13 12:06:25.365] - eth_getTransactionCount
[2022/10/13 12:06:25.366] - eth_getBalance
[2022/10/13 12:06:25.370] - eth_getTransactionCount
[2022/10/13 12:06:25.378] - eth_getBalance
[2022/10/13 12:06:25.387] - eth_getTransactionCount
[2022/10/13 12:06:25.394] - eth_getBalance
[2022/10/13 12:06:25.401] - eth_getTransactionCount
[2022/10/13 12:06:25.410] - eth_getBalance
[2022/10/13 12:06:25.415] - eth_getTransactionCount
[2022/10/13 12:06:25.439] - eth_getBalance
[2022/10/13 12:06:25.447] - eth_getTransactionCount
[2022/10/13 12:06:25.455] - eth_getBalance
[2022/10/13 12:06:25.465] - eth_getTransactionCount
[2022/10/13 12:06:25.470] - eth_getBalance
[2022/10/13 12:06:25.477] - eth_getTransactionCount
[2022/10/13 12:06:25.484] - eth_getBalance
[2022/10/13 12:06:25.492] - eth_getTransactionCount
[2022/10/13 12:06:25.499] - eth_getBalance
[2022/10/13 12:06:25.509] - eth_getTransactionCount
[2022/10/13 12:06:25.516] - eth_getBalance
[2022/10/13 12:06:25.525] - eth_getTransactionCount
[2022/10/13 12:06:25.530] - eth_getBalance
[2022/10/13 12:06:25.538] - eth_getTransactionCount
[2022/10/13 12:06:25.545] - eth_getBalance
[2022/10/13 12:06:25.552] - eth_getTransactionCount
[2022/10/13 12:06:25.558] - eth_getBalance
[2022/10/13 12:06:25.567] - eth_getTransactionCount
[2022/10/13 12:06:25.574] - eth_getBalance
[2022/10/13 12:06:25.581] - eth_getTransactionCount
[2022/10/13 12:06:25.587] - eth_getBalance
[2022/10/13 12:06:25.598] - eth_getTransactionCount
[2022/10/13 12:06:25.602] - eth_getBalance
[2022/10/13 12:06:25.612] - eth_getTransactionCount
[2022/10/13 12:06:25.617] - eth_getBalance
[2022/10/13 12:06:25.625] - eth_getTransactionCount
[2022/10/13 12:06:25.631] - eth_getBalance
[2022/10/13 12:06:25.641] - eth_getTransactionCount
[2022/10/13 12:06:25.650] - eth_getBalance
[2022/10/13 12:06:25.656] - eth_getTransactionCount
[2022/10/13 12:06:25.663] - eth_getBalance
[2022/10/13 12:06:25.670] - eth_getTransactionCount
[2022/10/13 12:06:25.680] - eth_getBalance
[2022/10/13 12:06:25.686] - eth_getTransactionCount
[2022/10/13 12:06:25.693] - eth_getBalance
[2022/10/13 12:06:25.697] - eth_getTransactionCount
[2022/10/13 12:06:25.706] - eth_getBalance
[2022/10/13 12:06:25.712] - eth_getTransactionCount
[2022/10/13 12:06:25.721] - eth_getBalance
[2022/10/13 12:06:25.726] - eth_getTransactionCount
[2022/10/13 12:06:25.836] - eth_getBalance
[2022/10/13 12:06:25.843] - eth_getTransactionCount
[2022/10/13 12:06:25.852] - eth_getBalance
[2022/10/13 12:06:25.858] - eth_getTransactionCount
[2022/10/13 12:06:25.866] - eth_getBalance
[2022/10/13 12:06:25.873] - eth_getTransactionCount
[2022/10/13 12:06:25.881] - eth_getBalance
[2022/10/13 12:06:25.888] - eth_getTransactionCount
[2022/10/13 12:06:25.895] - eth_getBalance
[2022/10/13 12:06:25.902] - eth_getTransactionCount
[2022/10/13 12:06:25.911] - eth_getBalance
[2022/10/13 12:06:25.917] - eth_getTransactionCount
[2022/10/13 12:06:25.921] - eth_getBalance
[2022/10/13 12:06:25.929] - eth_getTransactionCount
[2022/10/13 12:06:25.937] - eth_getBalance
[2022/10/13 12:06:25.947] - eth_getTransactionCount
[2022/10/13 12:06:25.949] - eth_getBalance
[2022/10/13 12:06:25.960] - eth_getTransactionCount
[2022/10/13 12:06:25.965] - eth_getBalance
[2022/10/13 12:06:25.969] - eth_getTransactionCount
[2022/10/13 12:06:28.338] - eth_unsubscribe
[2022/10/13 12:06:28.340] - eth_unsubscribe
