[2022/10/13 12:07:36.858] - Starting server with initial configuration: {"gasLimit":6721975,"gasPrice":20000000000,"hardfork":"muirGlacier","hostname":"127.0.0.1","port":7545,"network_id":5777,"default_balance_ether":100,"total_accounts":5,"unlocked_accounts":[],"locked":true,"vmErrorsOnRPCResponse":true,"verbose":false,"db_path":"C:\\Users\\Tanis\\AppData\\Roaming\\Ganache\\workspaces\\wary-air\\chaindata","logDirectory":"C:\\Users\\Tanis\\Desktop\\Files\\projects\\wallet\\logs"}
[2022/10/13 12:07:36.987] - eth_getCode
[2022/10/13 12:07:36.989] - eth_subscribe
[2022/10/13 12:07:36.990] - eth_getLogs
[2022/10/13 12:07:36.992] - eth_subscribe
[2022/10/13 12:07:37.002] - eth_getCode
[2022/10/13 12:07:37.102] - eth_subscribe
[2022/10/13 12:07:37.102] - eth_getLogs
[2022/10/13 12:07:37.104] - eth_subscribe
[2022/10/13 12:07:37.281] - eth_blockNumber
[2022/10/13 12:07:37.283] - eth_accounts
[2022/10/13 12:07:37.284] - eth_blockNumber
[2022/10/13 12:07:37.284] - eth_gasPrice
[2022/10/13 12:07:37.286] - eth_accounts
[2022/10/13 12:07:37.287] - eth_getBlockByNumber
[2022/10/13 12:07:37.288] - eth_gasPrice
[2022/10/13 12:07:37.290] - eth_subscribe
[2022/10/13 12:07:37.291] - eth_getBlockByNumber
[2022/10/13 12:07:37.292] - eth_subscribe
[2022/10/13 12:07:37.333] - eth_accounts
[2022/10/13 12:07:37.451] - eth_getBalance
[2022/10/13 12:07:37.465] - eth_getTransactionCount
[2022/10/13 12:07:37.483] - eth_getBalance
[2022/10/13 12:07:37.493] - eth_getTransactionCount
[2022/10/13 12:07:37.505] - eth_getBalance
[2022/10/13 12:07:37.519] - eth_getTransactionCount
[2022/10/13 12:07:37.529] - eth_getBalance
[2022/10/13 12:07:37.546] - eth_getTransactionCount
[2022/10/13 12:07:37.555] - eth_getBalance
[2022/10/13 12:07:37.568] - eth_getTransactionCount
[2022/10/13 12:07:37.603] - eth_getBalance
[2022/10/13 12:07:37.618] - eth_getTransactionCount
[2022/10/13 12:07:37.629] - eth_getBalance
[2022/10/13 12:07:37.640] - eth_getTransactionCount
[2022/10/13 12:07:37.652] - eth_getBalance
[2022/10/13 12:07:37.663] - eth_getTransactionCount
[2022/10/13 12:07:37.678] - eth_getBalance
[2022/10/13 12:07:37.686] - eth_getTransactionCount
[2022/10/13 12:07:37.697] - eth_getBalance
[2022/10/13 12:07:37.712] - eth_getTransactionCount
[2022/10/13 12:07:37.724] - eth_getBalance
[2022/10/13 12:07:37.735] - eth_getTransactionCount
[2022/10/13 12:07:37.748] - eth_getBalance
[2022/10/13 12:07:37.760] - eth_getTransactionCount
[2022/10/13 12:07:37.770] - eth_getBalance
[2022/10/13 12:07:37.800] - eth_getTransactionCount
[2022/10/13 12:07:37.811] - eth_getBalance
[2022/10/13 12:07:37.821] - eth_getTransactionCount
[2022/10/13 12:07:37.836] - eth_getBalance
[2022/10/13 12:07:37.846] - eth_getTransactionCount
[2022/10/13 12:07:38.058] - eth_getBalance
[2022/10/13 12:07:38.068] - eth_getTransactionCount
[2022/10/13 12:07:38.078] - eth_getBalance
[2022/10/13 12:07:38.091] - eth_getTransactionCount
[2022/10/13 12:07:38.102] - eth_getBalance
[2022/10/13 12:07:38.116] - eth_getTransactionCount
[2022/10/13 12:07:38.129] - eth_getBalance
[2022/10/13 12:07:38.139] - eth_getTransactionCount
[2022/10/13 12:07:57.863] - eth_blockNumber
[2022/10/13 12:07:57.895] - net_version
[2022/10/13 12:07:57.911] - eth_accounts
[2022/10/13 12:07:57.944] - eth_blockNumber
[2022/10/13 12:07:57.964] - net_version
[2022/10/13 12:07:59.950] - eth_accounts
[2022/10/13 12:08:01.937] - eth_getBlockByNumber
[2022/10/13 12:08:01.964] - eth_accounts
[2022/10/13 12:08:02.015] - eth_getBlockByNumber
[2022/10/13 12:08:02.035] - eth_getBlockByNumber
[2022/10/13 12:08:02.051] - eth_getBlockByNumber
[2022/10/13 12:08:02.074] - eth_estimateGas
[2022/10/13 12:08:02.538] - eth_getBlockByNumber
[2022/10/13 12:08:02.538] - eth_blockNumber
[2022/10/13 12:08:02.553] - eth_estimateGas
[2022/10/13 12:08:02.776] - eth_getBlockByNumber
[2022/10/13 12:08:02.776] - eth_gasPrice
[2022/10/13 12:08:02.796] - eth_sendTransaction
[2022/10/13 12:08:02.987] - 
[2022/10/13 12:08:02.987] -   Transaction: 0xd5037cdde87a34bcb620bb2225ed7752b074bd25d15e9a95aab5bf48d92a52b8
[2022/10/13 12:08:02.987] -   Contract created: 0x43d2bcef3ac27244e4a8ef61f0a5958d87b8ff4f
[2022/10/13 12:08:02.987] -   Gas usage: 248854
[2022/10/13 12:08:02.991] -   Block Number: 1
[2022/10/13 12:08:02.991] -   Block Time: Thu Oct 13 2022 12:08:02 GMT+0530 (India Standard Time)
[2022/10/13 12:08:02.991] - 
[2022/10/13 12:08:02.998] - eth_getBlockByNumber
[2022/10/13 12:08:03.003] - eth_getTransactionReceipt
[2022/10/13 12:08:03.019] - eth_getBalance
[2022/10/13 12:08:03.026] - eth_getCode
[2022/10/13 12:08:03.035] - eth_getTransactionCount
[2022/10/13 12:08:03.041] - eth_getBlockByNumber
[2022/10/13 12:08:03.051] - eth_getBalance
[2022/10/13 12:08:03.051] - eth_getBlockByNumber
[2022/10/13 12:08:03.067] - eth_getTransactionCount
[2022/10/13 12:08:03.073] - eth_estimateGas
[2022/10/13 12:08:03.079] - eth_getBalance
[2022/10/13 12:08:03.105] - eth_getTransactionCount
[2022/10/13 12:08:03.107] - eth_getBalance
[2022/10/13 12:08:03.121] - eth_getTransactionCount
[2022/10/13 12:08:03.131] - eth_getBalance
[2022/10/13 12:08:03.146] - eth_getTransactionCount
[2022/10/13 12:08:03.275] - eth_getBlockByNumber
[2022/10/13 12:08:03.277] - eth_gasPrice
[2022/10/13 12:08:03.324] - eth_sendTransaction
[2022/10/13 12:08:03.486] - 
[2022/10/13 12:08:03.486] -   Transaction: 0x5ee00bafbf9626e0bb957a5fc82281a629daa15bc04036762eb057ceb2cd1671
[2022/10/13 12:08:03.487] -   Gas usage: 42513
[2022/10/13 12:08:03.489] -   Block Number: 2
[2022/10/13 12:08:03.489] -   Block Time: Thu Oct 13 2022 12:08:03 GMT+0530 (India Standard Time)
[2022/10/13 12:08:03.489] - 
[2022/10/13 12:08:03.492] - eth_getBlockByNumber
[2022/10/13 12:08:03.492] - eth_getTransactionReceipt
[2022/10/13 12:08:03.503] - eth_getBlockByNumber
[2022/10/13 12:08:03.524] - eth_accounts
[2022/10/13 12:08:03.557] - eth_getBlockByNumber
[2022/10/13 12:08:03.583] - eth_getBlockByNumber
[2022/10/13 12:08:03.598] - eth_getBlockByNumber
[2022/10/13 12:08:03.620] - eth_estimateGas
[2022/10/13 12:08:03.620] - eth_getBalance
[2022/10/13 12:08:03.647] - eth_getTransactionCount
[2022/10/13 12:08:03.647] - eth_getBalance
[2022/10/13 12:08:03.663] - eth_getTransactionCount
[2022/10/13 12:08:04.030] - eth_getBalance
[2022/10/13 12:08:04.030] - eth_getTransactionCount
[2022/10/13 12:08:04.030] - eth_getBalance
[2022/10/13 12:08:04.038] - eth_getBlockByNumber
[2022/10/13 12:08:04.038] - eth_getTransactionCount
[2022/10/13 12:08:04.038] - eth_getBalance
[2022/10/13 12:08:04.038] - eth_getTransactionCount
[2022/10/13 12:08:04.536] - eth_getBlockByNumber
[2022/10/13 12:08:04.973] - eth_getBlockByNumber
[2022/10/13 12:08:04.975] - eth_blockNumber
[2022/10/13 12:08:05.036] - eth_getBlockByNumber
[2022/10/13 12:08:05.039] - eth_getBlockByNumber
[2022/10/13 12:08:05.078] - eth_getBlockByNumber
[2022/10/13 12:08:05.084] - eth_estimateGas
[2022/10/13 12:08:05.087] - eth_getBlockByNumber
[2022/10/13 12:08:05.517] - eth_getBlockByNumber
[2022/10/13 12:08:06.034] - eth_getBlockByNumber
[2022/10/13 12:08:06.248] - eth_getBlockByNumber
[2022/10/13 12:08:06.261] - eth_gasPrice
[2022/10/13 12:08:06.293] - eth_getBlockByNumber
[2022/10/13 12:08:06.298] - eth_getBlockByNumber
[2022/10/13 12:08:06.300] - eth_sendTransaction
[2022/10/13 12:08:06.523] - eth_getBlockByNumber
[2022/10/13 12:08:06.868] - 
[2022/10/13 12:08:06.868] -   Transaction: 0xcf9bca98fb25ad4c58082617c8ac4d196641111571fe9cf161fb944a55854937
[2022/10/13 12:08:06.868] -   Contract created: 0xb48c2ab5227d66c22c7c0daedc68ff08bc2a76c3
[2022/10/13 12:08:06.868] -   Gas usage: 1711177
[2022/10/13 12:08:06.868] -   Block Number: 3
[2022/10/13 12:08:06.874] -   Block Time: Thu Oct 13 2022 12:08:06 GMT+0530 (India Standard Time)
[2022/10/13 12:08:06.874] - 
[2022/10/13 12:08:06.876] - eth_getBlockByNumber
[2022/10/13 12:08:06.881] - eth_getTransactionReceipt
[2022/10/13 12:08:06.892] - eth_getBalance
[2022/10/13 12:08:06.892] - eth_getTransactionCount
[2022/10/13 12:08:06.908] - eth_getBlockByNumber
[2022/10/13 12:08:06.914] - eth_getCode
[2022/10/13 12:08:06.914] - eth_getBalance
[2022/10/13 12:08:06.924] - eth_getTransactionCount
[2022/10/13 12:08:06.939] - eth_getBalance
[2022/10/13 12:08:06.939] - eth_getBlockByNumber
[2022/10/13 12:08:06.939] - eth_getTransactionCount
[2022/10/13 12:08:06.955] - eth_getBlockByNumber
[2022/10/13 12:08:06.955] - eth_getBalance
[2022/10/13 12:08:06.971] - eth_estimateGas
[2022/10/13 12:08:06.980] - eth_getTransactionCount
[2022/10/13 12:08:06.986] - eth_getBalance
[2022/10/13 12:08:07.003] - eth_getTransactionCount
[2022/10/13 12:08:07.049] - eth_getBlockByNumber
[2022/10/13 12:08:07.164] - eth_getBlockByNumber
[2022/10/13 12:08:07.164] - eth_gasPrice
[2022/10/13 12:08:07.202] - eth_getBlockByNumber
[2022/10/13 12:08:07.205] - eth_sendTransaction
[2022/10/13 12:08:07.306] - 
[2022/10/13 12:08:07.306] -   Transaction: 0x787b8fb7c3f4523416df69780fc714ca541dd6de37cd235e27c3fc09e81ea4d0
[2022/10/13 12:08:07.306] -   Gas usage: 27513
[2022/10/13 12:08:07.306] -   Block Number: 4
[2022/10/13 12:08:07.322] -   Block Time: Thu Oct 13 2022 12:08:07 GMT+0530 (India Standard Time)
[2022/10/13 12:08:07.322] - 
[2022/10/13 12:08:07.325] - eth_getBlockByNumber
[2022/10/13 12:08:07.325] - eth_getTransactionReceipt
[2022/10/13 12:08:07.401] - evm_snapshot
[2022/10/13 12:08:07.415] - Saved snapshot #1
[2022/10/13 12:08:07.461] - eth_getBalance
[2022/10/13 12:08:07.477] - eth_getTransactionCount
[2022/10/13 12:08:07.489] - eth_getBalance
[2022/10/13 12:08:07.496] - eth_blockNumber
[2022/10/13 12:08:07.496] - eth_getTransactionCount
[2022/10/13 12:08:07.513] - eth_getBalance
[2022/10/13 12:08:07.513] - eth_getTransactionCount
[2022/10/13 12:08:07.529] - eth_getBlockByNumber
[2022/10/13 12:08:07.532] - eth_getBlockByNumber
[2022/10/13 12:08:07.539] - eth_getBalance
[2022/10/13 12:08:07.545] - eth_getTransactionCount
[2022/10/13 12:08:07.560] - eth_call
[2022/10/13 12:08:07.560] - eth_getBlockByNumber
[2022/10/13 12:08:07.565] - eth_getBalance
[2022/10/13 12:08:07.576] - eth_getTransactionCount
[2022/10/13 12:08:07.659] - eth_call
[2022/10/13 12:08:07.725] - eth_call
[2022/10/13 12:08:07.812] - eth_blockNumber
[2022/10/13 12:08:07.850] - eth_getBlockByNumber
[2022/10/13 12:08:07.862] - eth_getBalance
[2022/10/13 12:08:07.877] - eth_getBalance
[2022/10/13 12:08:07.892] - eth_call
[2022/10/13 12:08:07.915] - eth_getBlockByNumber
[2022/10/13 12:08:07.985] - eth_getBlockByNumber
[2022/10/13 12:08:07.985] - eth_getBlockByNumber
[2022/10/13 12:08:07.993] - eth_estimateGas
[2022/10/13 12:08:08.171] - eth_getBlockByNumber
[2022/10/13 12:08:08.347] - eth_getBlockByNumber
[2022/10/13 12:08:08.556] - eth_getBlockByNumber
[2022/10/13 12:08:08.943] - eth_getBlockByNumber
[2022/10/13 12:08:09.056] - eth_getBlockByNumber
[2022/10/13 12:08:09.056] - eth_gasPrice
[2022/10/13 12:08:09.061] - eth_getBlockByNumber
[2022/10/13 12:08:09.061] - eth_getBlockByNumber
[2022/10/13 12:08:09.061] - eth_getBlockByNumber
[2022/10/13 12:08:09.061] - eth_getBlockByNumber
[2022/10/13 12:08:09.075] - eth_getBlockByNumber
[2022/10/13 12:08:09.078] - eth_sendTransaction
[2022/10/13 12:08:09.092] - eth_getBlockByNumber
[2022/10/13 12:08:09.348] - eth_getBlockByNumber
[2022/10/13 12:08:09.511] - 
[2022/10/13 12:08:09.511] -   Transaction: 0xf8b8c14458dadd75273a3b40ca7e0019788a7950a8b0a898125c94056a7c66e3
[2022/10/13 12:08:09.511] -   Gas usage: 318060
[2022/10/13 12:08:09.511] -   Block Number: 5
[2022/10/13 12:08:09.511] -   Block Time: Thu Oct 13 2022 12:08:09 GMT+0530 (India Standard Time)
[2022/10/13 12:08:09.526] - 
[2022/10/13 12:08:09.529] - eth_getBlockByNumber
[2022/10/13 12:08:09.529] - eth_getTransactionReceipt
[2022/10/13 12:08:09.535] - eth_getBlockByNumber
[2022/10/13 12:08:09.545] - eth_getBlockByNumber
[2022/10/13 12:08:09.545] - eth_getBalance
[2022/10/13 12:08:09.549] - eth_getBalance
[2022/10/13 12:08:09.557] - eth_getBlockByNumber
[2022/10/13 12:08:09.558] - eth_getTransactionCount
[2022/10/13 12:08:09.563] - eth_getBalance
[2022/10/13 12:08:09.575] - eth_getBalance
[2022/10/13 12:08:09.575] - eth_call
[2022/10/13 12:08:09.589] - eth_getTransactionCount
[2022/10/13 12:08:09.598] - eth_getBalance
[2022/10/13 12:08:09.610] - eth_getTransactionCount
[2022/10/13 12:08:09.623] - eth_getBalance
[2022/10/13 12:08:09.639] - eth_getTransactionCount
[2022/10/13 12:08:09.645] - eth_blockNumber
[2022/10/13 12:08:09.655] - eth_getBalance
[2022/10/13 12:08:09.668] - eth_getTransactionCount
[2022/10/13 12:08:09.724] - eth_getBlockByNumber
[2022/10/13 12:08:09.730] - eth_getBlockByNumber
[2022/10/13 12:08:09.744] - eth_estimateGas
[2022/10/13 12:08:10.598] - eth_getBlockByNumber
[2022/10/13 12:08:10.602] - eth_getBlockByNumber
[2022/10/13 12:08:10.602] - eth_getBlockByNumber
[2022/10/13 12:08:10.606] - eth_getBlockByNumber
[2022/10/13 12:08:10.608] - eth_getBlockByNumber
[2022/10/13 12:08:10.613] - eth_blockNumber
[2022/10/13 12:08:10.618] - eth_getBlockByNumber
[2022/10/13 12:08:10.624] - eth_getBlockByNumber
[2022/10/13 12:08:10.629] - eth_getBlockByNumber
[2022/10/13 12:08:10.634] - eth_getBlockByNumber
[2022/10/13 12:08:10.637] - eth_getBlockByNumber
[2022/10/13 12:08:10.660] - eth_getBlockByNumber
[2022/10/13 12:08:10.670] - eth_getBlockByNumber
[2022/10/13 12:08:10.697] - eth_estimateGas
[2022/10/13 12:08:10.779] - eth_blockNumber
[2022/10/13 12:08:10.820] - eth_getBlockByNumber
[2022/10/13 12:08:10.845] - eth_blockNumber
[2022/10/13 12:08:10.887] - eth_getBlockByNumber
[2022/10/13 12:08:10.912] - eth_call
[2022/10/13 12:08:10.914] - eth_getBlockByNumber
[2022/10/13 12:08:10.969] - eth_getLogs
[2022/10/13 12:10:07.706] - eth_unsubscribe
[2022/10/13 12:10:07.706] - eth_unsubscribe
