[2022/10/13 12:10:34.294] - Starting server with initial configuration: {"gasLimit":6721975,"gasPrice":20000000000,"hardfork":"muirGlacier","hostname":"127.0.0.1","port":7545,"network_id":5777,"default_balance_ether":100,"total_accounts":5,"unlocked_accounts":[],"locked":true,"vmErrorsOnRPCResponse":true,"verbose":false,"db_path":"C:\\Users\\Tanis\\AppData\\Roaming\\Ganache\\workspaces\\wallet\\chaindata","logDirectory":"C:\\Users\\Tanis\\Desktop\\Files\\projects\\wallet\\logs"}
[2022/10/13 12:10:34.367] - eth_getCode
[2022/10/13 12:10:34.369] - eth_subscribe
[2022/10/13 12:10:34.371] - eth_getLogs
[2022/10/13 12:10:34.373] - eth_subscribe
[2022/10/13 12:10:34.383] - eth_getCode
[2022/10/13 12:10:34.480] - eth_subscribe
[2022/10/13 12:10:34.481] - eth_getLogs
[2022/10/13 12:10:34.482] - eth_subscribe
[2022/10/13 12:10:34.648] - eth_blockNumber
[2022/10/13 12:10:34.648] - eth_accounts
[2022/10/13 12:10:34.648] - eth_blockNumber
[2022/10/13 12:10:34.650] - eth_gasPrice
[2022/10/13 12:10:34.650] - eth_accounts
[2022/10/13 12:10:34.652] - eth_getBlockByNumber
[2022/10/13 12:10:34.653] - eth_gasPrice
[2022/10/13 12:10:34.655] - eth_subscribe
[2022/10/13 12:10:34.656] - eth_getBlockByNumber
[2022/10/13 12:10:34.657] - eth_subscribe
[2022/10/13 12:10:34.701] - eth_accounts
[2022/10/13 12:10:34.825] - eth_getBalance
[2022/10/13 12:10:34.835] - eth_getTransactionCount
[2022/10/13 12:10:34.846] - eth_getBalance
[2022/10/13 12:10:34.860] - eth_getTransactionCount
[2022/10/13 12:10:34.872] - eth_getBalance
[2022/10/13 12:10:34.887] - eth_getTransactionCount
[2022/10/13 12:10:34.901] - eth_getBalance
[2022/10/13 12:10:34.910] - eth_getTransactionCount
[2022/10/13 12:10:34.922] - eth_getBalance
[2022/10/13 12:10:34.937] - eth_getTransactionCount
[2022/10/13 12:10:34.972] - eth_getBalance
[2022/10/13 12:10:34.982] - eth_getTransactionCount
[2022/10/13 12:10:34.998] - eth_getBalance
[2022/10/13 12:10:35.008] - eth_getTransactionCount
[2022/10/13 12:10:35.017] - eth_getBalance
[2022/10/13 12:10:35.031] - eth_getTransactionCount
[2022/10/13 12:10:35.041] - eth_getBalance
[2022/10/13 12:10:35.053] - eth_getTransactionCount
[2022/10/13 12:10:35.068] - eth_getBalance
[2022/10/13 12:10:35.081] - eth_getTransactionCount
[2022/10/13 12:10:35.091] - eth_getBalance
[2022/10/13 12:10:35.099] - eth_getTransactionCount
[2022/10/13 12:10:35.109] - eth_getBalance
[2022/10/13 12:10:35.124] - eth_getTransactionCount
[2022/10/13 12:10:35.134] - eth_getBalance
[2022/10/13 12:10:35.143] - eth_getTransactionCount
[2022/10/13 12:10:35.156] - eth_getBalance
[2022/10/13 12:10:35.173] - eth_getTransactionCount
[2022/10/13 12:10:35.178] - eth_getBalance
[2022/10/13 12:10:35.190] - eth_getTransactionCount
[2022/10/13 12:10:35.361] - eth_getBalance
[2022/10/13 12:10:35.372] - eth_getTransactionCount
[2022/10/13 12:10:35.387] - eth_getBalance
[2022/10/13 12:10:35.398] - eth_getTransactionCount
[2022/10/13 12:10:35.406] - eth_getBalance
[2022/10/13 12:10:35.441] - eth_getTransactionCount
[2022/10/13 12:10:35.453] - eth_getBalance
[2022/10/13 12:10:35.470] - eth_getTransactionCount
[2022/10/13 12:10:35.483] - eth_getBalance
[2022/10/13 12:10:35.498] - eth_getTransactionCount
[2022/10/13 12:13:28.075] - eth_blockNumber
[2022/10/13 12:13:28.099] - net_version
[2022/10/13 12:13:28.119] - eth_accounts
[2022/10/13 12:13:28.149] - eth_blockNumber
[2022/10/13 12:13:28.165] - net_version
[2022/10/13 12:13:30.048] - eth_accounts
[2022/10/13 12:13:31.642] - eth_getBlockByNumber
[2022/10/13 12:13:31.653] - eth_accounts
[2022/10/13 12:13:31.691] - eth_getBlockByNumber
[2022/10/13 12:13:31.716] - eth_getBlockByNumber
[2022/10/13 12:13:31.736] - eth_getBlockByNumber
[2022/10/13 12:13:31.747] - eth_estimateGas
[2022/10/13 12:13:32.112] - eth_getBlockByNumber
[2022/10/13 12:13:32.112] - eth_blockNumber
[2022/10/13 12:13:32.129] - eth_estimateGas
[2022/10/13 12:13:32.260] - eth_getBlockByNumber
[2022/10/13 12:13:32.260] - eth_gasPrice
[2022/10/13 12:13:32.274] - eth_sendTransaction
[2022/10/13 12:13:32.396] - 
[2022/10/13 12:13:32.399] -   Transaction: 0x1f48ae9e40b47d2c99f397927648a9ddcc9b4fe6b1320d748c71fd81bb210b30
[2022/10/13 12:13:32.399] -   Contract created: 0x9c815354d8bb0f165b6eb5a8a601b19fd493c5c2
[2022/10/13 12:13:32.399] -   Gas usage: 248854
[2022/10/13 12:13:32.402] -   Block Number: 6
[2022/10/13 12:13:32.403] -   Block Time: Thu Oct 13 2022 12:13:32 GMT+0530 (India Standard Time)
[2022/10/13 12:13:32.403] - 
[2022/10/13 12:13:32.404] - eth_getBlockByNumber
[2022/10/13 12:13:32.404] - eth_getTransactionReceipt
[2022/10/13 12:13:32.430] - eth_getCode
[2022/10/13 12:13:32.430] - eth_getBalance
[2022/10/13 12:13:32.444] - eth_getBlockByNumber
[2022/10/13 12:13:32.459] - eth_getBlockByNumber
[2022/10/13 12:13:32.459] - eth_getTransactionCount
[2022/10/13 12:13:32.475] - eth_estimateGas
[2022/10/13 12:13:32.475] - eth_getBalance
[2022/10/13 12:13:32.490] - eth_getTransactionCount
[2022/10/13 12:13:32.506] - eth_getBalance
[2022/10/13 12:13:32.531] - eth_getTransactionCount
[2022/10/13 12:13:32.553] - eth_getBalance
[2022/10/13 12:13:32.569] - eth_getTransactionCount
[2022/10/13 12:13:32.585] - eth_getBalance
[2022/10/13 12:13:32.616] - eth_getBlockByNumber
[2022/10/13 12:13:32.616] - eth_gasPrice
[2022/10/13 12:13:32.616] - eth_getTransactionCount
[2022/10/13 12:13:32.698] - eth_sendTransaction
[2022/10/13 12:13:32.836] - 
[2022/10/13 12:13:32.840] -   Transaction: 0xbeea47da97977241c2de3f143efe597f243ed0d198776f8c482247c07f6c0587
[2022/10/13 12:13:32.840] -   Gas usage: 42513
[2022/10/13 12:13:32.840] -   Block Number: 7
[2022/10/13 12:13:32.840] -   Block Time: Thu Oct 13 2022 12:13:32 GMT+0530 (India Standard Time)
[2022/10/13 12:13:32.840] - 
[2022/10/13 12:13:32.844] - eth_getBlockByNumber
[2022/10/13 12:13:32.847] - eth_getTransactionReceipt
[2022/10/13 12:13:32.884] - eth_getBlockByNumber
[2022/10/13 12:13:32.896] - eth_accounts
[2022/10/13 12:13:32.929] - eth_getBlockByNumber
[2022/10/13 12:13:32.949] - eth_getBlockByNumber
[2022/10/13 12:13:32.966] - eth_getBlockByNumber
[2022/10/13 12:13:32.992] - eth_estimateGas
[2022/10/13 12:13:33.347] - eth_getBalance
[2022/10/13 12:13:33.361] - eth_getTransactionCount
[2022/10/13 12:13:33.385] - eth_getBalance
[2022/10/13 12:13:33.397] - eth_getTransactionCount
[2022/10/13 12:13:33.423] - eth_getBalance
[2022/10/13 12:13:33.443] - eth_getBlockByNumber
[2022/10/13 12:13:33.447] - eth_getTransactionCount
[2022/10/13 12:13:33.465] - eth_getBalance
[2022/10/13 12:13:33.487] - eth_getTransactionCount
[2022/10/13 12:13:33.876] - eth_getBlockByNumber
[2022/10/13 12:13:34.120] - eth_getBlockByNumber
[2022/10/13 12:13:34.132] - eth_blockNumber
[2022/10/13 12:13:34.173] - eth_getBlockByNumber
[2022/10/13 12:13:34.192] - eth_getBlockByNumber
[2022/10/13 12:13:34.229] - eth_estimateGas
[2022/10/13 12:13:34.472] - eth_getBlockByNumber
[2022/10/13 12:13:34.918] - eth_getBlockByNumber
[2022/10/13 12:13:35.213] - eth_getBlockByNumber
[2022/10/13 12:13:35.214] - eth_gasPrice
[2022/10/13 12:13:35.219] - eth_getBlockByNumber
[2022/10/13 12:13:35.219] - eth_getBlockByNumber
[2022/10/13 12:13:35.226] - eth_sendTransaction
[2022/10/13 12:13:35.446] - eth_getBlockByNumber
[2022/10/13 12:13:35.810] - 
[2022/10/13 12:13:35.810] -   Transaction: 0x8a7ea2873754e970f22d8e6411f556a56952878c48d59dc560810fb7001e2cc8
[2022/10/13 12:13:35.810] -   Contract created: 0x2a9fac8425001b1718a9758b9fbc609e3bfe24f1
[2022/10/13 12:13:35.817] -   Gas usage: 1709945
[2022/10/13 12:13:35.818] -   Block Number: 8
[2022/10/13 12:13:35.818] -   Block Time: Thu Oct 13 2022 12:13:35 GMT+0530 (India Standard Time)
[2022/10/13 12:13:35.818] - 
[2022/10/13 12:13:35.823] - eth_getBlockByNumber
[2022/10/13 12:13:35.829] - eth_getTransactionReceipt
[2022/10/13 12:13:35.835] - eth_getBlockByNumber
[2022/10/13 12:13:35.846] - eth_getCode
[2022/10/13 12:13:35.849] - eth_getBalance
[2022/10/13 12:13:35.865] - eth_getTransactionCount
[2022/10/13 12:13:35.865] - eth_getBlockByNumber
[2022/10/13 12:13:35.885] - eth_getBlockByNumber
[2022/10/13 12:13:35.885] - eth_getBalance
[2022/10/13 12:13:35.896] - eth_getBlockByNumber
[2022/10/13 12:13:35.896] - eth_estimateGas
[2022/10/13 12:13:35.905] - eth_getBlockByNumber
[2022/10/13 12:13:35.912] - eth_getTransactionCount
[2022/10/13 12:13:35.928] - eth_getBalance
[2022/10/13 12:13:35.948] - eth_getTransactionCount
[2022/10/13 12:13:35.965] - eth_getBalance
[2022/10/13 12:13:35.975] - eth_getTransactionCount
[2022/10/13 12:13:36.007] - eth_getBalance
[2022/10/13 12:13:36.012] - eth_gasPrice
[2022/10/13 12:13:36.012] - eth_getBlockByNumber
[2022/10/13 12:13:36.022] - eth_getTransactionCount
[2022/10/13 12:13:36.076] - eth_sendTransaction
[2022/10/13 12:13:36.175] - 
[2022/10/13 12:13:36.175] -   Transaction: 0x7e6e47d1838f07f2fad08b991e9da01730472bef07f26ee4e6bb98222cc2e37f
[2022/10/13 12:13:36.189] -   Gas usage: 27513
[2022/10/13 12:13:36.189] -   Block Number: 9
[2022/10/13 12:13:36.189] -   Block Time: Thu Oct 13 2022 12:13:36 GMT+0530 (India Standard Time)
[2022/10/13 12:13:36.189] - 
[2022/10/13 12:13:36.189] - eth_getBlockByNumber
[2022/10/13 12:13:36.189] - eth_getTransactionReceipt
[2022/10/13 12:13:36.264] - evm_snapshot
[2022/10/13 12:13:36.270] - Saved snapshot #1
[2022/10/13 12:13:36.360] - eth_blockNumber
[2022/10/13 12:13:36.391] - eth_getBlockByNumber
[2022/10/13 12:13:36.413] - eth_call
[2022/10/13 12:13:36.457] - eth_getBlockByNumber
[2022/10/13 12:13:36.486] - eth_call
[2022/10/13 12:13:36.489] - eth_getBlockByNumber
[2022/10/13 12:13:36.539] - eth_getBalance
[2022/10/13 12:13:36.541] - eth_call
[2022/10/13 12:13:36.559] - eth_getTransactionCount
[2022/10/13 12:13:36.579] - eth_getTransactionCount
[2022/10/13 12:13:36.581] - eth_getBalance
[2022/10/13 12:13:36.600] - eth_getTransactionCount
[2022/10/13 12:13:36.629] - eth_getBlockByNumber
[2022/10/13 12:13:36.636] - eth_getBalance
[2022/10/13 12:13:36.648] - eth_getLogs
[2022/10/13 12:13:36.653] - eth_getTransactionCount
[2022/10/13 12:13:36.668] - eth_blockNumber
[2022/10/13 12:13:36.670] - eth_getBalance
[2022/10/13 12:13:36.691] - eth_getTransactionCount
[2022/10/13 12:13:36.693] - eth_getBlockByNumber
[2022/10/13 12:13:36.709] - eth_getBalance
[2022/10/13 12:13:36.724] - eth_getBalance
[2022/10/13 12:13:36.745] - eth_call
[2022/10/13 12:13:36.828] - eth_getBlockByNumber
[2022/10/13 12:13:36.844] - eth_getBlockByNumber
[2022/10/13 12:13:36.849] - eth_estimateGas
[2022/10/13 12:13:36.855] - eth_getBlockByNumber
[2022/10/13 12:13:37.016] - eth_getBlockByNumber
[2022/10/13 12:13:37.211] - eth_getBlockByNumber
[2022/10/13 12:13:37.504] - eth_getBlockByNumber
[2022/10/13 12:13:37.856] - eth_getBlockByNumber
[2022/10/13 12:13:37.900] - eth_getBlockByNumber
[2022/10/13 12:13:37.924] - eth_getBlockByNumber
[2022/10/13 12:13:37.929] - eth_gasPrice
[2022/10/13 12:13:37.933] - eth_getBlockByNumber
[2022/10/13 12:13:37.933] - eth_getBlockByNumber
[2022/10/13 12:13:37.937] - eth_getBlockByNumber
[2022/10/13 12:13:37.943] - eth_getBlockByNumber
[2022/10/13 12:13:37.947] - eth_getBlockByNumber
[2022/10/13 12:13:37.950] - eth_sendTransaction
[2022/10/13 12:13:38.220] - eth_getBlockByNumber
[2022/10/13 12:13:38.416] - 
[2022/10/13 12:13:38.417] -   Transaction: 0x9934b8ce7d3658694885f0350d39d82dddf9a76e3a260e11c5657bfc520895a9
[2022/10/13 12:13:38.418] -   Gas usage: 318060
[2022/10/13 12:13:38.419] -   Block Number: 10
[2022/10/13 12:13:38.420] -   Block Time: Thu Oct 13 2022 12:13:37 GMT+0530 (India Standard Time)
[2022/10/13 12:13:38.421] - 
[2022/10/13 12:13:38.423] - eth_getBlockByNumber
[2022/10/13 12:13:38.427] - eth_getTransactionReceipt
[2022/10/13 12:13:38.434] - eth_getBlockByNumber
[2022/10/13 12:13:38.438] - eth_getBalance
[2022/10/13 12:13:38.446] - eth_getBalance
[2022/10/13 12:13:38.457] - eth_getBalance
[2022/10/13 12:13:38.460] - eth_call
[2022/10/13 12:13:38.480] - eth_getTransactionCount
[2022/10/13 12:13:38.484] - eth_getBlockByNumber
[2022/10/13 12:13:38.499] - eth_getBalance
[2022/10/13 12:13:38.521] - eth_blockNumber
[2022/10/13 12:13:38.526] - eth_getBlockByNumber
[2022/10/13 12:13:38.529] - eth_getTransactionCount
[2022/10/13 12:13:38.549] - eth_getBalance
[2022/10/13 12:13:38.552] - eth_getBlockByNumber
[2022/10/13 12:13:38.564] - eth_getBlockByNumber
[2022/10/13 12:13:38.571] - eth_getTransactionCount
[2022/10/13 12:13:38.578] - eth_estimateGas
[2022/10/13 12:13:38.598] - eth_getBalance
[2022/10/13 12:13:38.613] - eth_getTransactionCount
[2022/10/13 12:13:38.630] - eth_getBalance
[2022/10/13 12:13:38.653] - eth_getTransactionCount
[2022/10/13 12:13:39.292] - eth_getBlockByNumber
[2022/10/13 12:13:39.294] - eth_getBlockByNumber
[2022/10/13 12:13:39.296] - eth_getBlockByNumber
[2022/10/13 12:13:39.299] - eth_blockNumber
[2022/10/13 12:13:39.304] - eth_getBlockByNumber
[2022/10/13 12:13:39.307] - eth_getBlockByNumber
[2022/10/13 12:13:39.331] - eth_getBlockByNumber
[2022/10/13 12:13:39.333] - eth_getBlockByNumber
[2022/10/13 12:13:39.355] - eth_getBlockByNumber
[2022/10/13 12:13:39.377] - eth_estimateGas
[2022/10/13 12:13:39.442] - eth_getBlockByNumber
[2022/10/13 12:13:39.470] - eth_getBlockByNumber
[2022/10/13 12:13:39.474] - eth_blockNumber
[2022/10/13 12:13:39.511] - eth_getBlockByNumber
[2022/10/13 12:13:39.514] - eth_getBlockByNumber
[2022/10/13 12:13:39.520] - eth_getBlockByNumber
[2022/10/13 12:13:39.525] - eth_blockNumber
[2022/10/13 12:13:39.558] - eth_getBlockByNumber
[2022/10/13 12:13:39.571] - eth_getBalance
[2022/10/13 12:13:39.586] - eth_getBlockByNumber
[2022/10/13 12:13:39.607] - eth_getLogs
[2022/10/13 12:14:50.341] - eth_blockNumber
[2022/10/13 12:14:50.361] - net_version
[2022/10/13 12:14:50.375] - eth_accounts
[2022/10/13 12:14:50.408] - eth_blockNumber
[2022/10/13 12:14:50.421] - net_version
[2022/10/13 12:14:52.303] - eth_accounts
[2022/10/13 12:14:53.705] - eth_getBlockByNumber
[2022/10/13 12:14:53.721] - eth_accounts
[2022/10/13 12:14:53.753] - eth_getBlockByNumber
[2022/10/13 12:14:53.769] - eth_getBlockByNumber
[2022/10/13 12:14:53.791] - eth_getBlockByNumber
[2022/10/13 12:14:53.804] - eth_estimateGas
[2022/10/13 12:14:54.232] - eth_getBlockByNumber
[2022/10/13 12:14:54.232] - eth_blockNumber
[2022/10/13 12:14:54.248] - eth_estimateGas
[2022/10/13 12:14:54.447] - eth_getBlockByNumber
[2022/10/13 12:14:54.447] - eth_gasPrice
[2022/10/13 12:14:54.462] - eth_sendTransaction
[2022/10/13 12:14:54.592] - 
[2022/10/13 12:14:54.592] -   Transaction: 0x996766e1a899ec594becd67be582f99f79c401ed6061d4dbee8f9446541de689
[2022/10/13 12:14:54.592] -   Contract created: 0xb5f9d8447635d83c46fe94b42901a4ea1ad3b52b
[2022/10/13 12:14:54.592] -   Gas usage: 248854
[2022/10/13 12:14:54.592] -   Block Number: 11
[2022/10/13 12:14:54.608] -   Block Time: Thu Oct 13 2022 12:14:54 GMT+0530 (India Standard Time)
[2022/10/13 12:14:54.608] - 
[2022/10/13 12:14:54.608] - eth_getBlockByNumber
[2022/10/13 12:14:54.608] - eth_getTransactionReceipt
[2022/10/13 12:14:54.625] - eth_getCode
[2022/10/13 12:14:54.639] - eth_getBalance
[2022/10/13 12:14:54.639] - eth_getBlockByNumber
[2022/10/13 12:14:54.662] - eth_getTransactionCount
[2022/10/13 12:14:54.674] - eth_getBlockByNumber
[2022/10/13 12:14:54.687] - eth_getBalance
[2022/10/13 12:14:54.687] - eth_estimateGas
[2022/10/13 12:14:54.719] - eth_getTransactionCount
[2022/10/13 12:14:54.735] - eth_getBalance
[2022/10/13 12:14:54.760] - eth_getTransactionCount
[2022/10/13 12:14:54.772] - eth_getBalance
[2022/10/13 12:14:54.798] - eth_getTransactionCount
[2022/10/13 12:14:54.816] - eth_getBalance
[2022/10/13 12:14:54.829] - eth_getTransactionCount
[2022/10/13 12:14:54.918] - eth_getBlockByNumber
[2022/10/13 12:14:54.918] - eth_gasPrice
[2022/10/13 12:14:55.000] - eth_sendTransaction
[2022/10/13 12:14:55.106] - 
[2022/10/13 12:14:55.106] -   Transaction: 0xdc940510719bfb43a40d8fe1e04e870b1aa20ccec943fd9255202b3025167a61
[2022/10/13 12:14:55.119] -   Gas usage: 42513
[2022/10/13 12:14:55.119] -   Block Number: 12
[2022/10/13 12:14:55.119] -   Block Time: Thu Oct 13 2022 12:14:55 GMT+0530 (India Standard Time)
[2022/10/13 12:14:55.119] - 
[2022/10/13 12:14:55.119] - eth_getBlockByNumber
[2022/10/13 12:14:55.119] - eth_getTransactionReceipt
[2022/10/13 12:14:55.151] - eth_getBlockByNumber
[2022/10/13 12:14:55.167] - eth_accounts
[2022/10/13 12:14:55.214] - eth_getBlockByNumber
[2022/10/13 12:14:55.230] - eth_getBlockByNumber
[2022/10/13 12:14:55.247] - eth_getBlockByNumber
[2022/10/13 12:14:55.267] - eth_estimateGas
[2022/10/13 12:14:55.598] - eth_getBalance
[2022/10/13 12:14:55.608] - eth_getTransactionCount
[2022/10/13 12:14:55.624] - eth_getBalance
[2022/10/13 12:14:55.640] - eth_getBlockByNumber
[2022/10/13 12:14:55.651] - eth_getTransactionCount
[2022/10/13 12:14:55.671] - eth_getBalance
[2022/10/13 12:14:55.688] - eth_getTransactionCount
[2022/10/13 12:14:55.703] - eth_getBalance
[2022/10/13 12:14:55.726] - eth_getTransactionCount
[2022/10/13 12:14:56.146] - eth_getBlockByNumber
[2022/10/13 12:14:56.431] - eth_getBlockByNumber
[2022/10/13 12:14:56.431] - eth_blockNumber
[2022/10/13 12:14:56.454] - eth_getBlockByNumber
[2022/10/13 12:14:56.485] - eth_getBlockByNumber
[2022/10/13 12:14:56.485] - eth_estimateGas
[2022/10/13 12:14:56.689] - eth_getBlockByNumber
[2022/10/13 12:14:57.153] - eth_getBlockByNumber
[2022/10/13 12:14:57.504] - eth_getBlockByNumber
[2022/10/13 12:14:57.508] - eth_gasPrice
[2022/10/13 12:14:57.535] - eth_getBlockByNumber
[2022/10/13 12:14:57.535] - eth_sendTransaction
[2022/10/13 12:14:57.535] - eth_getBlockByNumber
[2022/10/13 12:14:57.690] - eth_getBlockByNumber
[2022/10/13 12:14:58.104] - 
[2022/10/13 12:14:58.104] -   Transaction: 0xd2b6cf8577f05c47c86730a0672df39dc68a5bfe904d534f424d231928d43c1c
[2022/10/13 12:14:58.104] -   Contract created: 0xcb547e5e6a40dffd30d1566e4dbe011b9c51a0e1
[2022/10/13 12:14:58.114] -   Gas usage: 1711177
[2022/10/13 12:14:58.114] -   Block Number: 13
[2022/10/13 12:14:58.115] -   Block Time: Thu Oct 13 2022 12:14:57 GMT+0530 (India Standard Time)
[2022/10/13 12:14:58.115] - 
[2022/10/13 12:14:58.115] - eth_getBlockByNumber
[2022/10/13 12:14:58.115] - eth_getTransactionReceipt
[2022/10/13 12:14:58.131] - eth_getBlockByNumber
[2022/10/13 12:14:58.142] - eth_getCode
[2022/10/13 12:14:58.147] - eth_getBalance
[2022/10/13 12:14:58.163] - eth_getBlockByNumber
[2022/10/13 12:14:58.163] - eth_getTransactionCount
[2022/10/13 12:14:58.163] - eth_getBlockByNumber
[2022/10/13 12:14:58.180] - eth_getBlockByNumber
[2022/10/13 12:14:58.180] - eth_getBlockByNumber
[2022/10/13 12:14:58.180] - eth_getBalance
[2022/10/13 12:14:58.180] - eth_estimateGas
[2022/10/13 12:14:58.195] - eth_getTransactionCount
[2022/10/13 12:14:58.226] - eth_getBalance
[2022/10/13 12:14:58.242] - eth_getTransactionCount
[2022/10/13 12:14:58.258] - eth_getBalance
[2022/10/13 12:14:58.282] - eth_getTransactionCount
[2022/10/13 12:14:58.294] - eth_getBalance
[2022/10/13 12:14:58.321] - eth_getTransactionCount
[2022/10/13 12:14:58.389] - eth_getBlockByNumber
[2022/10/13 12:14:58.389] - eth_gasPrice
[2022/10/13 12:14:58.484] - eth_sendTransaction
[2022/10/13 12:14:58.617] - 
[2022/10/13 12:14:58.617] -   Transaction: 0xa5f0c3013d23a287cc1da0e2e84c5eb9a61e9bb93701fd1c2f54f7eeb760b317
[2022/10/13 12:14:58.617] -   Gas usage: 27513
[2022/10/13 12:14:58.617] -   Block Number: 14
[2022/10/13 12:14:58.633] -   Block Time: Thu Oct 13 2022 12:14:58 GMT+0530 (India Standard Time)
[2022/10/13 12:14:58.633] - 
[2022/10/13 12:14:58.633] - eth_getBlockByNumber
[2022/10/13 12:14:58.633] - eth_getTransactionReceipt
[2022/10/13 12:14:58.710] - eth_getBlockByNumber
[2022/10/13 12:14:58.716] - evm_snapshot
[2022/10/13 12:14:58.719] - eth_getBlockByNumber
[2022/10/13 12:14:58.721] - Saved snapshot #2
[2022/10/13 12:14:58.821] - eth_blockNumber
[2022/10/13 12:14:58.857] - eth_getBlockByNumber
[2022/10/13 12:14:58.877] - eth_call
[2022/10/13 12:14:58.883] - eth_getBalance
[2022/10/13 12:14:58.904] - eth_getTransactionCount
[2022/10/13 12:14:58.925] - eth_getBalance
[2022/10/13 12:14:58.938] - eth_call
[2022/10/13 12:14:58.947] - eth_getTransactionCount
[2022/10/13 12:14:58.964] - eth_getBalance
[2022/10/13 12:14:58.987] - eth_getTransactionCount
[2022/10/13 12:14:58.995] - eth_call
[2022/10/13 12:14:59.004] - eth_getBalance
[2022/10/13 12:14:59.024] - eth_getTransactionCount
[2022/10/13 12:14:59.109] - eth_blockNumber
[2022/10/13 12:14:59.146] - eth_getBlockByNumber
[2022/10/13 12:14:59.147] - eth_getBlockByNumber
[2022/10/13 12:14:59.158] - eth_getBalance
[2022/10/13 12:14:59.160] - eth_getBlockByNumber
[2022/10/13 12:14:59.170] - eth_getBalance
[2022/10/13 12:14:59.172] - eth_getBlockByNumber
[2022/10/13 12:14:59.194] - eth_call
[2022/10/13 12:14:59.197] - eth_getBlockByNumber
[2022/10/13 12:14:59.254] - eth_getBlockByNumber
[2022/10/13 12:14:59.270] - eth_estimateGas
[2022/10/13 12:14:59.652] - eth_getBlockByNumber
[2022/10/13 12:14:59.717] - eth_getBlockByNumber
[2022/10/13 12:15:00.155] - eth_getBlockByNumber
[2022/10/13 12:15:00.173] - eth_getBlockByNumber
[2022/10/13 12:15:00.258] - eth_getBlockByNumber
[2022/10/13 12:15:00.258] - eth_gasPrice
[2022/10/13 12:15:00.267] - eth_getBlockByNumber
[2022/10/13 12:15:00.267] - eth_getBlockByNumber
[2022/10/13 12:15:00.271] - eth_getBlockByNumber
[2022/10/13 12:15:00.274] - eth_getBlockByNumber
[2022/10/13 12:15:00.280] - eth_sendTransaction
[2022/10/13 12:15:00.665] - eth_getBlockByNumber
[2022/10/13 12:15:00.717] - eth_getBlockByNumber
[2022/10/13 12:15:00.878] - 
[2022/10/13 12:15:00.878] -   Transaction: 0x64ad1bd897e28aaecbfaa2bc8b4abaeddbd13c4feb766aa4c5d48db027146a3b
[2022/10/13 12:15:00.878] -   Gas usage: 318060
[2022/10/13 12:15:00.878] -   Block Number: 15
[2022/10/13 12:15:00.878] -   Block Time: Thu Oct 13 2022 12:15:00 GMT+0530 (India Standard Time)
[2022/10/13 12:15:00.878] - 
[2022/10/13 12:15:00.893] - eth_getBlockByNumber
[2022/10/13 12:15:00.893] - eth_getTransactionReceipt
[2022/10/13 12:15:00.893] - eth_getBlockByNumber
[2022/10/13 12:15:00.902] - eth_getBlockByNumber
[2022/10/13 12:15:00.912] - eth_getBalance
[2022/10/13 12:15:00.919] - eth_getBalance
[2022/10/13 12:15:00.925] - eth_getBalance
[2022/10/13 12:15:00.941] - eth_getTransactionCount
[2022/10/13 12:15:00.945] - eth_call
[2022/10/13 12:15:00.959] - eth_getBalance
[2022/10/13 12:15:00.973] - eth_getTransactionCount
[2022/10/13 12:15:00.989] - eth_getBalance
[2022/10/13 12:15:01.004] - eth_getTransactionCount
[2022/10/13 12:15:01.026] - eth_blockNumber
[2022/10/13 12:15:01.035] - eth_getBalance
[2022/10/13 12:15:01.056] - eth_getTransactionCount
[2022/10/13 12:15:01.074] - eth_getBalance
[2022/10/13 12:15:01.079] - eth_getBlockByNumber
[2022/10/13 12:15:01.090] - eth_getBlockByNumber
[2022/10/13 12:15:01.098] - eth_getTransactionCount
[2022/10/13 12:15:01.103] - eth_estimateGas
[2022/10/13 12:15:01.151] - eth_getBlockByNumber
[2022/10/13 12:15:01.797] - eth_getBlockByNumber
[2022/10/13 12:15:01.798] - eth_getBlockByNumber
[2022/10/13 12:15:01.800] - eth_getBlockByNumber
[2022/10/13 12:15:01.802] - eth_getBlockByNumber
[2022/10/13 12:15:01.806] - eth_blockNumber
[2022/10/13 12:15:01.816] - eth_getBlockByNumber
[2022/10/13 12:15:01.822] - eth_getBlockByNumber
[2022/10/13 12:15:01.824] - eth_getBlockByNumber
[2022/10/13 12:15:01.868] - eth_getBlockByNumber
[2022/10/13 12:15:01.891] - eth_getBlockByNumber
[2022/10/13 12:15:01.904] - eth_estimateGas
[2022/10/13 12:15:01.915] - eth_getBlockByNumber
[2022/10/13 12:15:01.963] - eth_getBlockByNumber
[2022/10/13 12:15:01.968] - eth_blockNumber
[2022/10/13 12:15:02.007] - eth_getBlockByNumber
[2022/10/13 12:15:02.019] - eth_blockNumber
[2022/10/13 12:15:02.055] - eth_getBlockByNumber
[2022/10/13 12:15:02.065] - eth_getBalance
[2022/10/13 12:15:02.083] - eth_getBlockByNumber
[2022/10/13 12:15:02.094] - eth_getLogs
[2022/10/13 12:16:29.109] - eth_blockNumber
[2022/10/13 12:16:29.132] - net_version
[2022/10/13 12:16:29.155] - eth_accounts
[2022/10/13 12:16:29.184] - eth_blockNumber
[2022/10/13 12:16:29.191] - net_version
[2022/10/13 12:16:30.983] - eth_accounts
[2022/10/13 12:16:32.503] - eth_getBlockByNumber
[2022/10/13 12:16:32.529] - eth_accounts
[2022/10/13 12:16:32.565] - eth_getBlockByNumber
[2022/10/13 12:16:32.596] - eth_getBlockByNumber
[2022/10/13 12:16:32.611] - eth_getBlockByNumber
[2022/10/13 12:16:32.633] - eth_estimateGas
[2022/10/13 12:16:32.968] - eth_getBlockByNumber
[2022/10/13 12:16:32.970] - eth_blockNumber
[2022/10/13 12:16:32.978] - eth_estimateGas
[2022/10/13 12:16:33.173] - eth_getBlockByNumber
[2022/10/13 12:16:33.173] - eth_gasPrice
[2022/10/13 12:16:33.185] - eth_sendTransaction
[2022/10/13 12:16:33.347] - 
[2022/10/13 12:16:33.347] -   Transaction: 0x54191058fd58beb0bb4b7b336ee53bf31c5f92cd11b03a02448671b4ef86ff2e
[2022/10/13 12:16:33.352] -   Contract created: 0x5791e24c0bc5bf91ce40a953eaf854a6ab952656
[2022/10/13 12:16:33.353] -   Gas usage: 248854
[2022/10/13 12:16:33.354] -   Block Number: 16
[2022/10/13 12:16:33.354] -   Block Time: Thu Oct 13 2022 12:16:33 GMT+0530 (India Standard Time)
[2022/10/13 12:16:33.354] - 
[2022/10/13 12:16:33.354] - eth_getBlockByNumber
[2022/10/13 12:16:33.354] - eth_getTransactionReceipt
[2022/10/13 12:16:33.375] - eth_getBalance
[2022/10/13 12:16:33.381] - eth_getCode
[2022/10/13 12:16:33.388] - eth_getTransactionCount
[2022/10/13 12:16:33.395] - eth_getBlockByNumber
[2022/10/13 12:16:33.403] - eth_getBalance
[2022/10/13 12:16:33.410] - eth_getBlockByNumber
[2022/10/13 12:16:33.415] - eth_getTransactionCount
[2022/10/13 12:16:33.422] - eth_getBalance
[2022/10/13 12:16:33.424] - eth_estimateGas
[2022/10/13 12:16:33.435] - eth_getTransactionCount
[2022/10/13 12:16:33.448] - eth_getBalance
[2022/10/13 12:16:33.455] - eth_getTransactionCount
[2022/10/13 12:16:33.466] - eth_getBalance
[2022/10/13 12:16:33.476] - eth_getTransactionCount
[2022/10/13 12:16:33.573] - eth_getBlockByNumber
[2022/10/13 12:16:33.576] - eth_gasPrice
[2022/10/13 12:16:33.627] - eth_sendTransaction
[2022/10/13 12:16:33.732] - 
[2022/10/13 12:16:33.733] -   Transaction: 0x037591b9cfce8f1e340b5b66307439cb17f61dbb5fe897cdd2a89f306cebe3b2
[2022/10/13 12:16:33.734] -   Gas usage: 42513
[2022/10/13 12:16:33.736] -   Block Number: 17
[2022/10/13 12:16:33.737] -   Block Time: Thu Oct 13 2022 12:16:33 GMT+0530 (India Standard Time)
[2022/10/13 12:16:33.738] - 
[2022/10/13 12:16:33.741] - eth_getBlockByNumber
[2022/10/13 12:16:33.745] - eth_getTransactionReceipt
[2022/10/13 12:16:33.763] - eth_getBlockByNumber
[2022/10/13 12:16:33.771] - eth_accounts
[2022/10/13 12:16:33.815] - eth_getBlockByNumber
[2022/10/13 12:16:33.835] - eth_getBlockByNumber
[2022/10/13 12:16:33.850] - eth_getBlockByNumber
[2022/10/13 12:16:33.868] - eth_estimateGas
[2022/10/13 12:16:34.168] - eth_getBalance
[2022/10/13 12:16:34.168] - eth_getTransactionCount
[2022/10/13 12:16:34.177] - eth_getBalance
[2022/10/13 12:16:34.177] - eth_getTransactionCount
[2022/10/13 12:16:34.179] - eth_getBalance
[2022/10/13 12:16:34.179] - eth_getTransactionCount
[2022/10/13 12:16:34.179] - eth_getBalance
[2022/10/13 12:16:34.179] - eth_getTransactionCount
[2022/10/13 12:16:34.185] - eth_getBalance
[2022/10/13 12:16:34.185] - eth_getTransactionCount
[2022/10/13 12:16:34.382] - eth_getBlockByNumber
[2022/10/13 12:16:34.762] - eth_getBlockByNumber
[2022/10/13 12:16:34.919] - eth_getBlockByNumber
[2022/10/13 12:16:34.934] - eth_blockNumber
[2022/10/13 12:16:35.074] - eth_getBlockByNumber
[2022/10/13 12:16:35.078] - eth_getBlockByNumber
[2022/10/13 12:16:35.081] - eth_estimateGas
[2022/10/13 12:16:35.386] - eth_getBlockByNumber
[2022/10/13 12:16:35.766] - eth_getBlockByNumber
[2022/10/13 12:16:36.077] - eth_getBlockByNumber
[2022/10/13 12:16:36.077] - eth_gasPrice
[2022/10/13 12:16:36.089] - eth_getBlockByNumber
[2022/10/13 12:16:36.089] - eth_getBlockByNumber
[2022/10/13 12:16:36.097] - eth_sendTransaction
[2022/10/13 12:16:36.395] - eth_getBlockByNumber
[2022/10/13 12:16:36.581] - 
[2022/10/13 12:16:36.581] -   Transaction: 0x35ccf668ba75b0fef377edf4c1cfa0525e4d1a13d55073dbc91c12026cd3ed96
[2022/10/13 12:16:36.583] -   Contract created: 0xde23990f6149fb9f37b10982ee2a0225c91fd4f3
[2022/10/13 12:16:36.583] -   Gas usage: 1711177
[2022/10/13 12:16:36.583] -   Block Number: 18
[2022/10/13 12:16:36.583] -   Block Time: Thu Oct 13 2022 12:16:36 GMT+0530 (India Standard Time)
[2022/10/13 12:16:36.583] - 
[2022/10/13 12:16:36.589] - eth_getBlockByNumber
[2022/10/13 12:16:36.592] - eth_getTransactionReceipt
[2022/10/13 12:16:36.601] - eth_getBalance
[2022/10/13 12:16:36.605] - eth_getBlockByNumber
[2022/10/13 12:16:36.608] - eth_getCode
[2022/10/13 12:16:36.614] - eth_getTransactionCount
[2022/10/13 12:16:36.622] - eth_getBalance
[2022/10/13 12:16:36.632] - eth_getTransactionCount
[2022/10/13 12:16:36.639] - eth_getBlockByNumber
[2022/10/13 12:16:36.642] - eth_getBalance
[2022/10/13 12:16:36.649] - eth_getTransactionCount
[2022/10/13 12:16:36.654] - eth_getBlockByNumber
[2022/10/13 12:16:36.659] - eth_getBalance
[2022/10/13 12:16:36.664] - eth_estimateGas
[2022/10/13 12:16:36.669] - eth_getTransactionCount
[2022/10/13 12:16:36.679] - eth_getBalance
[2022/10/13 12:16:36.688] - eth_getTransactionCount
[2022/10/13 12:16:36.775] - eth_getBlockByNumber
[2022/10/13 12:16:36.828] - eth_gasPrice
[2022/10/13 12:16:36.829] - eth_getBlockByNumber
[2022/10/13 12:16:36.858] - eth_getBlockByNumber
[2022/10/13 12:16:36.862] - eth_sendTransaction
[2022/10/13 12:16:36.959] - 
[2022/10/13 12:16:36.961] -   Transaction: 0x151b77af485ac63189c330341806bb122959d502a00dbfd9bdaa1853353a65c4
[2022/10/13 12:16:36.962] -   Gas usage: 27513
[2022/10/13 12:16:36.963] -   Block Number: 19
[2022/10/13 12:16:36.965] -   Block Time: Thu Oct 13 2022 12:16:36 GMT+0530 (India Standard Time)
[2022/10/13 12:16:36.965] - 
[2022/10/13 12:16:36.968] - eth_getBlockByNumber
[2022/10/13 12:16:36.971] - eth_getTransactionReceipt
[2022/10/13 12:16:37.034] - evm_snapshot
[2022/10/13 12:16:37.039] - Saved snapshot #3
[2022/10/13 12:16:37.106] - eth_getBalance
[2022/10/13 12:16:37.117] - eth_getTransactionCount
[2022/10/13 12:16:37.127] - eth_blockNumber
[2022/10/13 12:16:37.128] - eth_getBalance
[2022/10/13 12:16:37.136] - eth_getTransactionCount
[2022/10/13 12:16:37.149] - eth_getBalance
[2022/10/13 12:16:37.159] - eth_getBlockByNumber
[2022/10/13 12:16:37.161] - eth_getTransactionCount
[2022/10/13 12:16:37.173] - eth_getBalance
[2022/10/13 12:16:37.175] - eth_call
[2022/10/13 12:16:37.189] - eth_getTransactionCount
[2022/10/13 12:16:37.200] - eth_getBalance
[2022/10/13 12:16:37.217] - eth_getTransactionCount
[2022/10/13 12:16:37.265] - eth_call
[2022/10/13 12:16:37.382] - eth_call
[2022/10/13 12:16:37.401] - eth_getBlockByNumber
[2022/10/13 12:16:37.461] - eth_getBlockByNumber
[2022/10/13 12:16:37.463] - eth_blockNumber
[2022/10/13 12:16:37.498] - eth_getBlockByNumber
[2022/10/13 12:16:37.515] - eth_getBalance
[2022/10/13 12:16:37.537] - eth_getBalance
[2022/10/13 12:16:37.545] - eth_call
[2022/10/13 12:16:37.605] - eth_getBlockByNumber
[2022/10/13 12:16:37.607] - eth_getBlockByNumber
[2022/10/13 12:16:37.619] - eth_estimateGas
[2022/10/13 12:16:37.621] - eth_getBlockByNumber
[2022/10/13 12:16:37.787] - eth_getBlockByNumber
[2022/10/13 12:16:37.991] - eth_getBlockByNumber
[2022/10/13 12:16:38.398] - eth_getBlockByNumber
[2022/10/13 12:16:38.589] - eth_getBlockByNumber
[2022/10/13 12:16:38.599] - eth_gasPrice
[2022/10/13 12:16:38.606] - eth_getBlockByNumber
[2022/10/13 12:16:38.611] - eth_getBlockByNumber
[2022/10/13 12:16:38.613] - eth_getBlockByNumber
[2022/10/13 12:16:38.615] - eth_getBlockByNumber
[2022/10/13 12:16:38.619] - eth_sendTransaction
[2022/10/13 12:16:38.626] - eth_getBlockByNumber
[2022/10/13 12:16:38.791] - eth_getBlockByNumber
[2022/10/13 12:16:38.998] - eth_getBlockByNumber
[2022/10/13 12:16:39.031] - 
[2022/10/13 12:16:39.034] -   Transaction: 0x1249eb8d464d1a751895259b35ff52cd7a93c5c6dbadd7b9acd5de1d723b988a
[2022/10/13 12:16:39.035] -   Gas usage: 318060
[2022/10/13 12:16:39.036] -   Block Number: 20
[2022/10/13 12:16:39.037] -   Block Time: Thu Oct 13 2022 12:16:38 GMT+0530 (India Standard Time)
[2022/10/13 12:16:39.038] - 
[2022/10/13 12:16:39.041] - eth_getBlockByNumber
[2022/10/13 12:16:39.042] - eth_getTransactionReceipt
[2022/10/13 12:16:39.050] - eth_getBlockByNumber
[2022/10/13 12:16:39.050] - eth_getBalance
[2022/10/13 12:16:39.056] - eth_getBlockByNumber
[2022/10/13 12:16:39.062] - eth_getTransactionCount
[2022/10/13 12:16:39.066] - eth_getBalance
[2022/10/13 12:16:39.077] - eth_getBalance
[2022/10/13 12:16:39.083] - eth_getBalance
[2022/10/13 12:16:39.090] - eth_getTransactionCount
[2022/10/13 12:16:39.094] - eth_call
[2022/10/13 12:16:39.099] - eth_getBalance
[2022/10/13 12:16:39.107] - eth_getTransactionCount
[2022/10/13 12:16:39.116] - eth_getBalance
[2022/10/13 12:16:39.125] - eth_getTransactionCount
[2022/10/13 12:16:39.133] - eth_getBalance
[2022/10/13 12:16:39.142] - eth_getTransactionCount
[2022/10/13 12:16:39.193] - eth_blockNumber
[2022/10/13 12:16:39.291] - eth_getBlockByNumber
[2022/10/13 12:16:39.308] - eth_getBlockByNumber
[2022/10/13 12:16:39.324] - eth_estimateGas
[2022/10/13 12:16:39.416] - eth_getBlockByNumber
[2022/10/13 12:16:39.973] - eth_getBlockByNumber
[2022/10/13 12:16:39.975] - eth_getBlockByNumber
[2022/10/13 12:16:39.978] - eth_getBlockByNumber
[2022/10/13 12:16:39.981] - eth_blockNumber
[2022/10/13 12:16:39.985] - eth_getBlockByNumber
[2022/10/13 12:16:39.990] - eth_getBlockByNumber
[2022/10/13 12:16:40.017] - eth_getBlockByNumber
[2022/10/13 12:16:40.018] - eth_getBlockByNumber
[2022/10/13 12:16:40.029] - eth_getBlockByNumber
[2022/10/13 12:16:40.030] - eth_getBlockByNumber
[2022/10/13 12:16:40.037] - eth_estimateGas
[2022/10/13 12:16:40.064] - eth_getBlockByNumber
[2022/10/13 12:16:40.080] - eth_getBlockByNumber
[2022/10/13 12:16:40.084] - eth_blockNumber
[2022/10/13 12:16:40.118] - eth_getBlockByNumber
[2022/10/13 12:16:40.132] - eth_blockNumber
[2022/10/13 12:16:40.162] - eth_getBlockByNumber
[2022/10/13 12:16:40.178] - eth_getBalance
[2022/10/13 12:16:40.199] - eth_call
[2022/10/13 12:16:40.202] - eth_getBlockByNumber
[2022/10/13 12:16:40.291] - eth_getLogs
[2022/10/13 12:17:35.283] - eth_blockNumber
[2022/10/13 12:17:35.315] - net_version
[2022/10/13 12:17:35.339] - eth_accounts
[2022/10/13 12:17:35.374] - eth_blockNumber
[2022/10/13 12:17:35.387] - net_version
[2022/10/13 12:17:37.279] - eth_accounts
[2022/10/13 12:17:38.669] - eth_getBlockByNumber
[2022/10/13 12:17:38.685] - eth_accounts
[2022/10/13 12:17:38.720] - eth_getBlockByNumber
[2022/10/13 12:17:38.744] - eth_getBlockByNumber
[2022/10/13 12:17:38.758] - eth_getBlockByNumber
[2022/10/13 12:17:38.776] - eth_estimateGas
[2022/10/13 12:17:39.099] - eth_getBlockByNumber
[2022/10/13 12:17:39.103] - eth_blockNumber
[2022/10/13 12:17:39.115] - eth_estimateGas
[2022/10/13 12:17:39.266] - eth_getBlockByNumber
[2022/10/13 12:17:39.266] - eth_gasPrice
[2022/10/13 12:17:39.287] - eth_sendTransaction
[2022/10/13 12:17:39.388] - 
[2022/10/13 12:17:39.388] -   Transaction: 0xa47f3b576827577c63f16fe693d8f7192cb72bbdd22703712d57b97110141e5e
[2022/10/13 12:17:39.388] -   Contract created: 0xae02d7160bbb7c6193e259bae9fdef1ded20f985
[2022/10/13 12:17:39.388] -   Gas usage: 248854
[2022/10/13 12:17:39.399] -   Block Number: 21
[2022/10/13 12:17:39.399] -   Block Time: Thu Oct 13 2022 12:17:39 GMT+0530 (India Standard Time)
[2022/10/13 12:17:39.399] - 
[2022/10/13 12:17:39.403] - eth_getBlockByNumber
[2022/10/13 12:17:39.407] - eth_getTransactionReceipt
[2022/10/13 12:17:39.415] - eth_getBalance
[2022/10/13 12:17:39.426] - eth_getTransactionCount
[2022/10/13 12:17:39.428] - eth_getCode
[2022/10/13 12:17:39.436] - eth_getBalance
[2022/10/13 12:17:39.443] - eth_getBlockByNumber
[2022/10/13 12:17:39.450] - eth_getTransactionCount
[2022/10/13 12:17:39.456] - eth_getBlockByNumber
[2022/10/13 12:17:39.458] - eth_getBalance
[2022/10/13 12:17:39.467] - eth_getTransactionCount
[2022/10/13 12:17:39.468] - eth_estimateGas
[2022/10/13 12:17:39.478] - eth_getBalance
[2022/10/13 12:17:39.488] - eth_getTransactionCount
[2022/10/13 12:17:39.501] - eth_getBalance
[2022/10/13 12:17:39.511] - eth_getTransactionCount
[2022/10/13 12:17:39.660] - eth_getBlockByNumber
[2022/10/13 12:17:39.663] - eth_gasPrice
[2022/10/13 12:17:39.690] - eth_sendTransaction
[2022/10/13 12:17:39.819] - 
[2022/10/13 12:17:39.820] -   Transaction: 0x98f20029e7ffca77003b2961472a25115f15a7d920700e2b82a93966d0d10e2c
[2022/10/13 12:17:39.820] -   Gas usage: 42513
[2022/10/13 12:17:39.821] -   Block Number: 22
[2022/10/13 12:17:39.822] -   Block Time: Thu Oct 13 2022 12:17:39 GMT+0530 (India Standard Time)
[2022/10/13 12:17:39.823] - 
[2022/10/13 12:17:39.825] - eth_getBlockByNumber
[2022/10/13 12:17:39.828] - eth_getTransactionReceipt
[2022/10/13 12:17:39.872] - eth_getBlockByNumber
[2022/10/13 12:17:39.892] - eth_accounts
[2022/10/13 12:17:39.917] - eth_getBalance
[2022/10/13 12:17:39.930] - eth_getTransactionCount
[2022/10/13 12:17:39.938] - eth_getBlockByNumber
[2022/10/13 12:17:39.942] - eth_getBalance
[2022/10/13 12:17:39.950] - eth_getBlockByNumber
[2022/10/13 12:17:39.951] - eth_getTransactionCount
[2022/10/13 12:17:39.958] - eth_getBlockByNumber
[2022/10/13 12:17:39.963] - eth_getBalance
[2022/10/13 12:17:39.969] - eth_estimateGas
[2022/10/13 12:17:39.972] - eth_getTransactionCount
[2022/10/13 12:17:39.983] - eth_getBalance
[2022/10/13 12:17:40.183] - eth_getTransactionCount
[2022/10/13 12:17:40.184] - eth_getBalance
[2022/10/13 12:17:40.186] - eth_getTransactionCount
[2022/10/13 12:17:40.426] - eth_getBlockByNumber
[2022/10/13 12:17:40.872] - eth_getBlockByNumber
[2022/10/13 12:17:40.975] - eth_getBlockByNumber
[2022/10/13 12:17:40.975] - eth_blockNumber
[2022/10/13 12:17:41.026] - eth_getBlockByNumber
[2022/10/13 12:17:41.032] - eth_getBlockByNumber
[2022/10/13 12:17:41.064] - eth_estimateGas
[2022/10/13 12:17:41.438] - eth_getBlockByNumber
[2022/10/13 12:17:41.887] - eth_getBlockByNumber
[2022/10/13 12:17:41.950] - eth_getBlockByNumber
[2022/10/13 12:17:41.951] - eth_gasPrice
[2022/10/13 12:17:41.951] - eth_getBlockByNumber
[2022/10/13 12:17:41.951] - eth_getBlockByNumber
[2022/10/13 12:17:41.969] - eth_sendTransaction
[2022/10/13 12:17:42.449] - eth_getBlockByNumber
[2022/10/13 12:17:42.475] - 
[2022/10/13 12:17:42.476] -   Transaction: 0x84c581eef6eb310f7d9731ae96e9034af78dac908ca19f7473cc4689bf10f3e7
[2022/10/13 12:17:42.477] -   Contract created: 0x5c3562ff9dd2d085a1ff3d8949526e5450583eb8
[2022/10/13 12:17:42.478] -   Gas usage: 1711177
[2022/10/13 12:17:42.479] -   Block Number: 23
[2022/10/13 12:17:42.480] -   Block Time: Thu Oct 13 2022 12:17:41 GMT+0530 (India Standard Time)
[2022/10/13 12:17:42.481] - 
[2022/10/13 12:17:42.485] - eth_getBlockByNumber
[2022/10/13 12:17:42.487] - eth_getTransactionReceipt
[2022/10/13 12:17:42.492] - eth_getBlockByNumber
[2022/10/13 12:17:42.501] - eth_getBalance
[2022/10/13 12:17:42.502] - eth_getCode
[2022/10/13 12:17:42.509] - eth_getTransactionCount
[2022/10/13 12:17:42.520] - eth_getBalance
[2022/10/13 12:17:42.529] - eth_getBlockByNumber
[2022/10/13 12:17:42.531] - eth_getTransactionCount
[2022/10/13 12:17:42.542] - eth_getBalance
[2022/10/13 12:17:42.548] - eth_getBlockByNumber
[2022/10/13 12:17:42.549] - eth_getTransactionCount
[2022/10/13 12:17:42.558] - eth_estimateGas
[2022/10/13 12:17:42.562] - eth_getBalance
[2022/10/13 12:17:42.573] - eth_getTransactionCount
[2022/10/13 12:17:42.584] - eth_getBalance
[2022/10/13 12:17:42.592] - eth_getTransactionCount
[2022/10/13 12:17:42.704] - eth_getBlockByNumber
[2022/10/13 12:17:42.707] - eth_gasPrice
[2022/10/13 12:17:42.741] - eth_sendTransaction
[2022/10/13 12:17:42.870] - 
[2022/10/13 12:17:42.871] -   Transaction: 0x440fed3a8f46ea47183f2dd67a1e4416a1b0a34733073a234ece7cf16724749c
[2022/10/13 12:17:42.872] -   Gas usage: 27513
[2022/10/13 12:17:42.873] -   Block Number: 24
[2022/10/13 12:17:42.874] -   Block Time: Thu Oct 13 2022 12:17:42 GMT+0530 (India Standard Time)
[2022/10/13 12:17:42.874] - 
[2022/10/13 12:17:42.877] - eth_getBlockByNumber
[2022/10/13 12:17:42.878] - eth_getTransactionReceipt
[2022/10/13 12:17:42.894] - eth_getBlockByNumber
[2022/10/13 12:17:42.960] - eth_getBlockByNumber
[2022/10/13 12:17:42.965] - evm_snapshot
[2022/10/13 12:17:42.972] - Saved snapshot #4
[2022/10/13 12:17:42.984] - eth_getBalance
[2022/10/13 12:17:42.997] - eth_getTransactionCount
[2022/10/13 12:17:43.011] - eth_getBalance
[2022/10/13 12:17:43.021] - eth_getTransactionCount
[2022/10/13 12:17:43.033] - eth_getBalance
[2022/10/13 12:17:43.042] - eth_getTransactionCount
[2022/10/13 12:17:43.052] - eth_getBalance
[2022/10/13 12:17:43.059] - eth_blockNumber
[2022/10/13 12:17:43.063] - eth_getTransactionCount
[2022/10/13 12:17:43.072] - eth_getBalance
[2022/10/13 12:17:43.082] - eth_getTransactionCount
[2022/10/13 12:17:43.085] - eth_getBlockByNumber
[2022/10/13 12:17:43.106] - eth_call
[2022/10/13 12:17:43.216] - eth_call
[2022/10/13 12:17:43.272] - eth_call
[2022/10/13 12:17:43.388] - eth_blockNumber
[2022/10/13 12:17:43.416] - eth_getBlockByNumber
[2022/10/13 12:17:43.433] - eth_getBalance
[2022/10/13 12:17:43.446] - eth_getBalance
[2022/10/13 12:17:43.464] - eth_getBlockByNumber
[2022/10/13 12:17:43.465] - eth_call
[2022/10/13 12:17:43.472] - eth_getBlockByNumber
[2022/10/13 12:17:43.507] - eth_getBlockByNumber
[2022/10/13 12:17:43.547] - eth_getBlockByNumber
[2022/10/13 12:17:43.551] - eth_getBlockByNumber
[2022/10/13 12:17:43.561] - eth_estimateGas
[2022/10/13 12:17:43.899] - eth_getBlockByNumber
[2022/10/13 12:17:43.903] - eth_getBlockByNumber
[2022/10/13 12:17:44.396] - eth_getBlockByNumber
[2022/10/13 12:17:44.400] - eth_gasPrice
[2022/10/13 12:17:44.404] - eth_getBlockByNumber
[2022/10/13 12:17:44.404] - eth_getBlockByNumber
[2022/10/13 12:17:44.411] - eth_sendTransaction
[2022/10/13 12:17:44.502] - eth_getBlockByNumber
[2022/10/13 12:17:44.516] - eth_getBlockByNumber
[2022/10/13 12:17:44.838] - 
[2022/10/13 12:17:44.840] -   Transaction: 0x24f8b15970c346059f495153a0eb14561fdc6c04cd124f9ddfcb5ca869481d8f
[2022/10/13 12:17:44.841] -   Gas usage: 318060
[2022/10/13 12:17:44.841] -   Block Number: 25
[2022/10/13 12:17:44.842] -   Block Time: Thu Oct 13 2022 12:17:44 GMT+0530 (India Standard Time)
[2022/10/13 12:17:44.843] - 
[2022/10/13 12:17:44.846] - eth_getBlockByNumber
[2022/10/13 12:17:44.848] - eth_getTransactionReceipt
[2022/10/13 12:17:44.852] - eth_getBlockByNumber
[2022/10/13 12:17:44.860] - eth_getBlockByNumber
[2022/10/13 12:17:44.864] - eth_getBalance
[2022/10/13 12:17:44.868] - eth_getBalance
[2022/10/13 12:17:44.873] - eth_getTransactionCount
[2022/10/13 12:17:44.883] - eth_getBalance
[2022/10/13 12:17:44.885] - eth_getBalance
[2022/10/13 12:17:44.893] - eth_getTransactionCount
[2022/10/13 12:17:44.899] - eth_call
[2022/10/13 12:17:44.908] - eth_getBlockByNumber
[2022/10/13 12:17:44.910] - eth_getBalance
[2022/10/13 12:17:44.912] - eth_getBlockByNumber
[2022/10/13 12:17:44.914] - eth_getTransactionCount
[2022/10/13 12:17:44.925] - eth_getBalance
[2022/10/13 12:17:44.936] - eth_getTransactionCount
[2022/10/13 12:17:44.945] - eth_getBalance
[2022/10/13 12:17:44.957] - eth_getTransactionCount
[2022/10/13 12:17:44.990] - eth_getBlockByNumber
[2022/10/13 12:17:44.993] - eth_blockNumber
[2022/10/13 12:17:45.014] - eth_getBlockByNumber
[2022/10/13 12:17:45.096] - eth_getBlockByNumber
[2022/10/13 12:17:45.112] - eth_getBlockByNumber
[2022/10/13 12:17:45.127] - eth_estimateGas
[2022/10/13 12:17:45.741] - eth_getBlockByNumber
[2022/10/13 12:17:45.743] - eth_getBlockByNumber
[2022/10/13 12:17:45.746] - eth_blockNumber
[2022/10/13 12:17:45.748] - eth_getBlockByNumber
[2022/10/13 12:17:45.775] - eth_getBlockByNumber
[2022/10/13 12:17:45.777] - eth_getBlockByNumber
[2022/10/13 12:17:45.787] - eth_getBlockByNumber
[2022/10/13 12:17:45.802] - eth_estimateGas
[2022/10/13 12:17:45.871] - eth_getBlockByNumber
[2022/10/13 12:17:45.886] - eth_getBlockByNumber
[2022/10/13 12:17:45.888] - eth_blockNumber
[2022/10/13 12:17:45.915] - eth_getBlockByNumber
[2022/10/13 12:17:45.917] - eth_getBlockByNumber
[2022/10/13 12:17:45.918] - eth_getBlockByNumber
[2022/10/13 12:17:45.930] - eth_getBlockByNumber
[2022/10/13 12:17:45.931] - eth_getBlockByNumber
[2022/10/13 12:17:45.933] - eth_blockNumber
[2022/10/13 12:17:45.968] - eth_getBlockByNumber
[2022/10/13 12:17:45.982] - eth_getBalance
[2022/10/13 12:17:45.995] - eth_getBalance
[2022/10/13 12:17:46.010] - eth_call
[2022/10/13 12:17:46.092] - eth_getBlockByNumber
[2022/10/13 12:17:46.105] - eth_estimateGas
[2022/10/13 12:17:46.722] - eth_getBlockByNumber
[2022/10/13 12:17:46.722] - eth_getBlockByNumber
[2022/10/13 12:17:46.883] - eth_getBlockByNumber
[2022/10/13 12:17:46.920] - eth_getBlockByNumber
[2022/10/13 12:17:46.921] - eth_getBlockByNumber
[2022/10/13 12:17:47.062] - eth_getBlockByNumber
[2022/10/13 12:17:47.062] - eth_gasPrice
[2022/10/13 12:17:47.067] - eth_getBlockByNumber
[2022/10/13 12:17:47.067] - eth_getBlockByNumber
[2022/10/13 12:17:47.071] - eth_getBlockByNumber
[2022/10/13 12:17:47.071] - eth_getBlockByNumber
[2022/10/13 12:17:47.077] - eth_getBlockByNumber
[2022/10/13 12:17:47.083] - eth_sendTransaction
[2022/10/13 12:17:47.584] - 
[2022/10/13 12:17:47.584] -   Transaction: 0xac2a56c4ce71f9449617b6b2160db00580f929223a2d4587f7c4e57d52da753d
[2022/10/13 12:17:47.584] -   Gas usage: 317348
[2022/10/13 12:17:47.584] -   Block Number: 26
[2022/10/13 12:17:47.584] -   Block Time: Thu Oct 13 2022 12:17:47 GMT+0530 (India Standard Time)
[2022/10/13 12:17:47.597] - 
[2022/10/13 12:17:47.599] - eth_getBlockByNumber
[2022/10/13 12:17:47.599] - eth_getTransactionReceipt
[2022/10/13 12:17:47.610] - eth_getBalance
[2022/10/13 12:17:47.615] - eth_getBalance
[2022/10/13 12:17:47.619] - eth_getBalance
[2022/10/13 12:17:47.629] - eth_getTransactionCount
[2022/10/13 12:17:47.635] - eth_call
[2022/10/13 12:17:47.646] - eth_getBalance
[2022/10/13 12:17:47.662] - eth_getTransactionCount
[2022/10/13 12:17:47.677] - eth_getBalance
[2022/10/13 12:17:47.690] - eth_getTransactionCount
[2022/10/13 12:17:47.704] - eth_getBalance
[2022/10/13 12:17:47.716] - eth_getTransactionCount
[2022/10/13 12:17:47.733] - eth_getBalance
[2022/10/13 12:17:47.746] - eth_getTransactionCount
[2022/10/13 12:32:19.597] - eth_blockNumber
[2022/10/13 12:32:19.625] - net_version
[2022/10/13 12:32:19.633] - eth_accounts
[2022/10/13 12:32:19.662] - eth_blockNumber
[2022/10/13 12:32:19.678] - net_version
[2022/10/13 12:32:21.411] - eth_accounts
[2022/10/13 12:32:23.069] - eth_getBlockByNumber
[2022/10/13 12:32:23.090] - eth_accounts
[2022/10/13 12:32:23.130] - eth_getBlockByNumber
[2022/10/13 12:32:23.146] - eth_getBlockByNumber
[2022/10/13 12:32:23.161] - eth_getBlockByNumber
[2022/10/13 12:32:23.177] - eth_estimateGas
[2022/10/13 12:32:23.547] - eth_getBlockByNumber
[2022/10/13 12:32:23.547] - eth_blockNumber
[2022/10/13 12:32:23.563] - eth_estimateGas
[2022/10/13 12:32:23.724] - eth_getBlockByNumber
[2022/10/13 12:32:23.740] - eth_gasPrice
[2022/10/13 12:32:23.740] - eth_sendTransaction
[2022/10/13 12:32:23.840] - 
[2022/10/13 12:32:23.840] -   Transaction: 0xb1c42e0d14e609c989e94cba8355fead3341984ddd554f0513def2b716565dcf
[2022/10/13 12:32:23.840] -   Contract created: 0x749d3170f254666fb3cf92c47ec516b86cd026de
[2022/10/13 12:32:23.840] -   Gas usage: 248854
[2022/10/13 12:32:23.840] -   Block Number: 27
[2022/10/13 12:32:23.840] -   Block Time: Thu Oct 13 2022 12:32:23 GMT+0530 (India Standard Time)
[2022/10/13 12:32:23.853] - 
[2022/10/13 12:32:23.853] - eth_getBlockByNumber
[2022/10/13 12:32:23.853] - eth_getTransactionReceipt
[2022/10/13 12:32:23.868] - eth_getBalance
[2022/10/13 12:32:23.878] - eth_getCode
[2022/10/13 12:32:23.884] - eth_getTransactionCount
[2022/10/13 12:32:23.892] - eth_getBlockByNumber
[2022/10/13 12:32:23.896] - eth_getBalance
[2022/10/13 12:32:23.901] - eth_getBlockByNumber
[2022/10/13 12:32:23.901] - eth_getTransactionCount
[2022/10/13 12:32:23.916] - eth_getBalance
[2022/10/13 12:32:23.925] - eth_estimateGas
[2022/10/13 12:32:23.932] - eth_getTransactionCount
[2022/10/13 12:32:23.948] - eth_getBalance
[2022/10/13 12:32:23.948] - eth_getTransactionCount
[2022/10/13 12:32:23.948] - eth_getBalance
[2022/10/13 12:32:23.963] - eth_getTransactionCount
[2022/10/13 12:32:24.176] - eth_getBlockByNumber
[2022/10/13 12:32:24.178] - eth_gasPrice
[2022/10/13 12:32:24.206] - eth_sendTransaction
[2022/10/13 12:32:24.382] - 
[2022/10/13 12:32:24.382] -   Transaction: 0x88c94baf407e35381dc59d074cf528b239afc68848db3f33b496cfa58c080d88
[2022/10/13 12:32:24.382] -   Gas usage: 42513
[2022/10/13 12:32:24.382] -   Block Number: 28
[2022/10/13 12:32:24.382] -   Block Time: Thu Oct 13 2022 12:32:24 GMT+0530 (India Standard Time)
[2022/10/13 12:32:24.382] - 
[2022/10/13 12:32:24.398] - eth_getBlockByNumber
[2022/10/13 12:32:24.398] - eth_getTransactionReceipt
[2022/10/13 12:32:24.414] - eth_getBalance
[2022/10/13 12:32:24.433] - eth_getBlockByNumber
[2022/10/13 12:32:24.433] - eth_getTransactionCount
[2022/10/13 12:32:24.433] - eth_getBalance
[2022/10/13 12:32:24.445] - eth_accounts
[2022/10/13 12:32:24.452] - eth_getTransactionCount
[2022/10/13 12:32:24.461] - eth_getBalance
[2022/10/13 12:32:24.461] - eth_getTransactionCount
[2022/10/13 12:32:24.481] - eth_getBlockByNumber
[2022/10/13 12:32:24.481] - eth_getBalance
[2022/10/13 12:32:24.493] - eth_getBlockByNumber
[2022/10/13 12:32:24.499] - eth_getTransactionCount
[2022/10/13 12:32:24.509] - eth_getBlockByNumber
[2022/10/13 12:32:24.509] - eth_getBalance
[2022/10/13 12:32:24.509] - eth_estimateGas
[2022/10/13 12:32:24.524] - eth_getTransactionCount
[2022/10/13 12:32:24.884] - eth_getBlockByNumber
[2022/10/13 12:32:25.416] - eth_getBlockByNumber
[2022/10/13 12:32:25.694] - eth_getBlockByNumber
[2022/10/13 12:32:25.694] - eth_blockNumber
[2022/10/13 12:32:25.694] - eth_getBlockByNumber
[2022/10/13 12:32:25.713] - eth_getBlockByNumber
[2022/10/13 12:32:25.713] - eth_estimateGas
[2022/10/13 12:32:25.918] - eth_getBlockByNumber
[2022/10/13 12:32:26.417] - eth_getBlockByNumber
[2022/10/13 12:32:26.780] - eth_getBlockByNumber
[2022/10/13 12:32:26.780] - eth_gasPrice
[2022/10/13 12:32:26.780] - eth_getBlockByNumber
[2022/10/13 12:32:26.792] - eth_getBlockByNumber
[2022/10/13 12:32:26.792] - eth_sendTransaction
[2022/10/13 12:32:26.970] - eth_getBlockByNumber
[2022/10/13 12:32:27.420] - 
[2022/10/13 12:32:27.422] -   Transaction: 0x84b88ee761f331bf632091054a7feae873c1c625c7eace60c109d8128f2fc265
[2022/10/13 12:32:27.423] -   Contract created: 0x0aa81e5a73a601b734fb3d373731ca566cdcd52d
[2022/10/13 12:32:27.424] -   Gas usage: 1711177
[2022/10/13 12:32:27.424] -   Block Number: 29
[2022/10/13 12:32:27.424] -   Block Time: Thu Oct 13 2022 12:32:26 GMT+0530 (India Standard Time)
[2022/10/13 12:32:27.427] - 
[2022/10/13 12:32:27.427] - eth_getBlockByNumber
[2022/10/13 12:32:27.440] - eth_getBalance
[2022/10/13 12:32:27.448] - eth_getTransactionCount
[2022/10/13 12:32:27.464] - eth_getTransactionReceipt
[2022/10/13 12:32:27.465] - eth_getBlockByNumber
[2022/10/13 12:32:27.467] - eth_getBalance
[2022/10/13 12:32:27.469] - eth_getBlockByNumber
[2022/10/13 12:32:27.477] - eth_getTransactionCount
[2022/10/13 12:32:27.481] - eth_getCode
[2022/10/13 12:32:27.483] - eth_getBlockByNumber
[2022/10/13 12:32:27.489] - eth_getBalance
[2022/10/13 12:32:27.496] - eth_getTransactionCount
[2022/10/13 12:32:27.496] - eth_getBalance
[2022/10/13 12:32:27.519] - eth_getBlockByNumber
[2022/10/13 12:32:27.519] - eth_getTransactionCount
[2022/10/13 12:32:27.528] - eth_getBalance
[2022/10/13 12:32:27.528] - eth_getBlockByNumber
[2022/10/13 12:32:27.543] - eth_getTransactionCount
[2022/10/13 12:32:27.543] - eth_estimateGas
[2022/10/13 12:32:27.748] - eth_getBlockByNumber
[2022/10/13 12:32:27.749] - eth_gasPrice
[2022/10/13 12:32:27.758] - eth_sendTransaction
[2022/10/13 12:32:27.895] - 
[2022/10/13 12:32:27.895] -   Transaction: 0x1361bd6fd38056d7ecd0b7d1ecb2f94aed09a9844c368d2ef42968e1c60cd8f6
[2022/10/13 12:32:27.895] -   Gas usage: 27513
[2022/10/13 12:32:27.895] -   Block Number: 30
[2022/10/13 12:32:27.895] -   Block Time: Thu Oct 13 2022 12:32:27 GMT+0530 (India Standard Time)
[2022/10/13 12:32:27.895] - 
[2022/10/13 12:32:27.895] - eth_getBlockByNumber
[2022/10/13 12:32:27.895] - eth_getBlockByNumber
[2022/10/13 12:32:27.895] - eth_getTransactionReceipt
[2022/10/13 12:32:27.924] - eth_getBlockByNumber
[2022/10/13 12:32:27.979] - eth_getBalance
[2022/10/13 12:32:27.984] - evm_snapshot
[2022/10/13 12:32:27.989] - Saved snapshot #5
[2022/10/13 12:32:27.989] - eth_getTransactionCount
[2022/10/13 12:32:28.003] - eth_getBalance
[2022/10/13 12:32:28.021] - eth_getTransactionCount
[2022/10/13 12:32:28.033] - eth_getBalance
[2022/10/13 12:32:28.045] - eth_getTransactionCount
[2022/10/13 12:32:28.057] - eth_getBalance
[2022/10/13 12:32:28.069] - eth_getTransactionCount
[2022/10/13 12:32:28.081] - eth_blockNumber
[2022/10/13 12:32:28.085] - eth_getBalance
[2022/10/13 12:32:28.095] - eth_getTransactionCount
[2022/10/13 12:32:28.103] - eth_getBlockByNumber
[2022/10/13 12:32:28.117] - eth_call
[2022/10/13 12:32:28.215] - eth_call
[2022/10/13 12:32:28.309] - eth_call
[2022/10/13 12:32:28.421] - eth_getBlockByNumber
[2022/10/13 12:32:28.425] - eth_blockNumber
[2022/10/13 12:32:28.430] - eth_getBlockByNumber
[2022/10/13 12:32:28.455] - eth_getBlockByNumber
[2022/10/13 12:32:28.479] - eth_getBalance
[2022/10/13 12:32:28.481] - eth_getBlockByNumber
[2022/10/13 12:32:28.492] - eth_getBalance
[2022/10/13 12:32:28.494] - eth_getBlockByNumber
[2022/10/13 12:32:28.502] - eth_call
[2022/10/13 12:32:28.563] - eth_getBlockByNumber
[2022/10/13 12:32:28.580] - eth_estimateGas
[2022/10/13 12:32:28.894] - eth_getBlockByNumber
[2022/10/13 12:32:28.940] - eth_getBlockByNumber
[2022/10/13 12:32:29.400] - eth_getBlockByNumber
[2022/10/13 12:32:29.406] - eth_gasPrice
[2022/10/13 12:32:29.409] - eth_getBlockByNumber
[2022/10/13 12:32:29.409] - eth_getBlockByNumber
[2022/10/13 12:32:29.409] - eth_sendTransaction
[2022/10/13 12:32:29.523] - eth_getBlockByNumber
[2022/10/13 12:32:29.523] - eth_getBlockByNumber
[2022/10/13 12:32:29.906] - eth_getBlockByNumber
[2022/10/13 12:32:29.943] - eth_getBlockByNumber
[2022/10/13 12:32:29.965] - 
[2022/10/13 12:32:29.965] -   Transaction: 0x5e277153491a2432dd94da32cde219d2ee5c74128025f5749ff85b6d86ca75cd
[2022/10/13 12:32:29.965] -   Gas usage: 318060
[2022/10/13 12:32:29.965] -   Block Number: 31
[2022/10/13 12:32:29.965] -   Block Time: Thu Oct 13 2022 12:32:29 GMT+0530 (India Standard Time)
[2022/10/13 12:32:29.965] - 
[2022/10/13 12:32:29.965] - eth_getBlockByNumber
[2022/10/13 12:32:29.977] - eth_getTransactionReceipt
[2022/10/13 12:32:29.977] - eth_getBlockByNumber
[2022/10/13 12:32:29.988] - eth_getBlockByNumber
[2022/10/13 12:32:29.992] - eth_getBlockByNumber
[2022/10/13 12:32:29.996] - eth_getBlockByNumber
[2022/10/13 12:32:29.996] - eth_getBalance
[2022/10/13 12:32:29.996] - eth_getBalance
[2022/10/13 12:32:29.996] - eth_getTransactionCount
[2022/10/13 12:32:30.007] - eth_getBalance
[2022/10/13 12:32:30.007] - eth_getBalance
[2022/10/13 12:32:30.023] - eth_getTransactionCount
[2022/10/13 12:32:30.023] - eth_call
[2022/10/13 12:32:30.039] - eth_getBalance
[2022/10/13 12:32:30.046] - eth_getTransactionCount
[2022/10/13 12:32:30.054] - eth_getBalance
[2022/10/13 12:32:30.059] - eth_getTransactionCount
[2022/10/13 12:32:30.075] - eth_getBalance
[2022/10/13 12:32:30.075] - eth_getTransactionCount
[2022/10/13 12:32:30.161] - eth_blockNumber
[2022/10/13 12:32:30.251] - eth_getBlockByNumber
[2022/10/13 12:32:30.266] - eth_getBlockByNumber
[2022/10/13 12:32:30.277] - eth_estimateGas
[2022/10/13 12:32:30.939] - eth_getBlockByNumber
[2022/10/13 12:32:30.953] - eth_getBlockByNumber
[2022/10/13 12:32:30.955] - eth_getBlockByNumber
[2022/10/13 12:32:30.957] - eth_blockNumber
[2022/10/13 12:32:30.960] - eth_getBlockByNumber
[2022/10/13 12:32:30.963] - eth_getBlockByNumber
[2022/10/13 12:32:30.966] - eth_getBlockByNumber
[2022/10/13 12:32:31.002] - eth_getBlockByNumber
[2022/10/13 12:32:31.008] - eth_getBlockByNumber
[2022/10/13 12:32:31.010] - eth_getBlockByNumber
[2022/10/13 12:32:31.012] - eth_getBlockByNumber
[2022/10/13 12:32:31.016] - eth_getBlockByNumber
[2022/10/13 12:32:31.023] - eth_getBlockByNumber
[2022/10/13 12:32:31.032] - eth_estimateGas
[2022/10/13 12:32:31.130] - eth_blockNumber
[2022/10/13 12:32:31.166] - eth_getBlockByNumber
[2022/10/13 12:32:31.179] - eth_blockNumber
[2022/10/13 12:32:31.215] - eth_getBlockByNumber
[2022/10/13 12:32:31.227] - eth_getBalance
[2022/10/13 12:32:31.242] - eth_getBalance
[2022/10/13 12:32:31.256] - eth_call
[2022/10/13 12:32:31.331] - eth_getBlockByNumber
[2022/10/13 12:32:31.337] - eth_estimateGas
[2022/10/13 12:32:31.905] - eth_getBlockByNumber
[2022/10/13 12:32:31.918] - eth_getBlockByNumber
[2022/10/13 12:32:31.920] - eth_getBlockByNumber
[2022/10/13 12:32:31.951] - eth_getBlockByNumber
[2022/10/13 12:32:32.042] - eth_getBlockByNumber
[2022/10/13 12:32:32.352] - eth_getBlockByNumber
[2022/10/13 12:32:32.354] - eth_gasPrice
[2022/10/13 12:32:32.354] - eth_getBlockByNumber
[2022/10/13 12:32:32.354] - eth_getBlockByNumber
[2022/10/13 12:32:32.354] - eth_getBlockByNumber
[2022/10/13 12:32:32.354] - eth_getBlockByNumber
[2022/10/13 12:32:32.365] - eth_getBlockByNumber
[2022/10/13 12:32:32.365] - eth_sendTransaction
[2022/10/13 12:32:32.847] - 
[2022/10/13 12:32:32.847] -   Transaction: 0x909332fd0345aa775bf9a1b1a784b255635a29eee619afed038f4350f9cc1186
[2022/10/13 12:32:32.849] -   Gas usage: 317348
[2022/10/13 12:32:32.849] -   Block Number: 32
[2022/10/13 12:32:32.851] -   Block Time: Thu Oct 13 2022 12:32:32 GMT+0530 (India Standard Time)
[2022/10/13 12:32:32.851] - 
[2022/10/13 12:32:32.851] - eth_getBlockByNumber
[2022/10/13 12:32:32.854] - eth_getTransactionReceipt
[2022/10/13 12:32:32.859] - eth_getBalance
[2022/10/13 12:32:32.863] - eth_getBalance
[2022/10/13 12:32:32.863] - eth_getTransactionCount
[2022/10/13 12:32:32.863] - eth_getBalance
[2022/10/13 12:32:32.873] - eth_getBalance
[2022/10/13 12:32:32.878] - eth_call
[2022/10/13 12:32:32.880] - eth_getTransactionCount
[2022/10/13 12:32:32.894] - eth_getBalance
[2022/10/13 12:32:32.894] - eth_getTransactionCount
[2022/10/13 12:32:32.894] - eth_getBalance
[2022/10/13 12:32:32.912] - eth_getTransactionCount
[2022/10/13 12:32:32.917] - eth_getBalance
[2022/10/13 12:32:32.932] - eth_getBlockByNumber
[2022/10/13 12:32:32.934] - eth_getBlockByNumber
[2022/10/13 12:32:32.935] - eth_getBlockByNumber
[2022/10/13 12:32:32.937] - eth_getTransactionCount
[2022/10/13 12:32:32.939] - eth_blockNumber
[2022/10/13 12:32:32.960] - eth_getBlockByNumber
[2022/10/13 12:32:32.975] - eth_getBlockByNumber
[2022/10/13 12:32:32.980] - eth_getBlockByNumber
[2022/10/13 12:32:32.982] - eth_getBlockByNumber
[2022/10/13 12:32:33.000] - eth_getBlockByNumber
[2022/10/13 12:32:33.001] - eth_getBlockByNumber
[2022/10/13 12:32:33.007] - eth_getBalance
[2022/10/13 12:32:33.022] - eth_getBlockByNumber
[2022/10/13 12:32:33.023] - eth_getBalance
[2022/10/13 12:32:33.029] - eth_getBlockByNumber
[2022/10/13 12:32:33.032] - eth_call
[2022/10/13 12:32:33.084] - eth_getBlockByNumber
[2022/10/13 12:32:33.099] - eth_getLogs
[2022/10/13 12:37:06.717] - eth_blockNumber
[2022/10/13 12:37:06.744] - net_version
[2022/10/13 12:37:06.753] - eth_accounts
[2022/10/13 12:37:06.782] - eth_blockNumber
[2022/10/13 12:37:06.789] - net_version
[2022/10/13 12:37:08.644] - eth_accounts
[2022/10/13 12:37:10.456] - eth_getBlockByNumber
[2022/10/13 12:37:10.469] - eth_accounts
[2022/10/13 12:37:10.506] - eth_getBlockByNumber
[2022/10/13 12:37:10.526] - eth_getBlockByNumber
[2022/10/13 12:37:10.548] - eth_getBlockByNumber
[2022/10/13 12:37:10.559] - eth_estimateGas
[2022/10/13 12:37:10.982] - eth_getBlockByNumber
[2022/10/13 12:37:10.982] - eth_blockNumber
[2022/10/13 12:37:10.998] - eth_estimateGas
[2022/10/13 12:37:11.224] - eth_getBlockByNumber
[2022/10/13 12:37:11.224] - eth_gasPrice
[2022/10/13 12:37:11.243] - eth_sendTransaction
[2022/10/13 12:37:11.420] - 
[2022/10/13 12:37:11.420] -   Transaction: 0xff23f9f6c905d27b772976c6d9188e68e888c2934d8ff0d916a9bc908bdd52d2
[2022/10/13 12:37:11.420] -   Contract created: 0xf9108394728b1428af2e440011c4f16eb336291a
[2022/10/13 12:37:11.420] -   Gas usage: 248854
[2022/10/13 12:37:11.420] -   Block Number: 33
[2022/10/13 12:37:11.435] -   Block Time: Thu Oct 13 2022 12:37:11 GMT+0530 (India Standard Time)
[2022/10/13 12:37:11.435] - 
[2022/10/13 12:37:11.435] - eth_getBlockByNumber
[2022/10/13 12:37:11.442] - eth_getTransactionReceipt
[2022/10/13 12:37:11.451] - eth_getBalance
[2022/10/13 12:37:11.461] - eth_getCode
[2022/10/13 12:37:11.468] - eth_getTransactionCount
[2022/10/13 12:37:11.475] - eth_getBlockByNumber
[2022/10/13 12:37:11.475] - eth_getBalance
[2022/10/13 12:37:11.487] - eth_getBlockByNumber
[2022/10/13 12:37:11.489] - eth_getTransactionCount
[2022/10/13 12:37:11.499] - eth_estimateGas
[2022/10/13 12:37:11.499] - eth_getBalance
[2022/10/13 12:37:11.519] - eth_getTransactionCount
[2022/10/13 12:37:11.531] - eth_getBalance
[2022/10/13 12:37:11.546] - eth_getTransactionCount
[2022/10/13 12:37:11.552] - eth_getBalance
[2022/10/13 12:37:11.562] - eth_getTransactionCount
[2022/10/13 12:37:11.675] - eth_getBlockByNumber
[2022/10/13 12:37:11.679] - eth_gasPrice
[2022/10/13 12:37:11.745] - eth_sendTransaction
[2022/10/13 12:37:11.876] - 
[2022/10/13 12:37:11.876] -   Transaction: 0xaaacc71af44ccf52e55adacd281ceb3e5072d471c41c25cb2e37ef50f70cf5e4
[2022/10/13 12:37:11.880] -   Gas usage: 42513
[2022/10/13 12:37:11.880] -   Block Number: 34
[2022/10/13 12:37:11.883] -   Block Time: Thu Oct 13 2022 12:37:11 GMT+0530 (India Standard Time)
[2022/10/13 12:37:11.883] - 
[2022/10/13 12:37:11.885] - eth_getBlockByNumber
[2022/10/13 12:37:11.885] - eth_getTransactionReceipt
[2022/10/13 12:37:11.917] - eth_getBlockByNumber
[2022/10/13 12:37:11.923] - eth_accounts
[2022/10/13 12:37:11.970] - eth_getBlockByNumber
[2022/10/13 12:37:11.992] - eth_getBlockByNumber
[2022/10/13 12:37:12.006] - eth_getBlockByNumber
[2022/10/13 12:37:12.018] - eth_estimateGas
[2022/10/13 12:37:12.331] - eth_getBalance
[2022/10/13 12:37:12.331] - eth_getTransactionCount
[2022/10/13 12:37:12.335] - eth_getBalance
[2022/10/13 12:37:12.336] - eth_getTransactionCount
[2022/10/13 12:37:12.336] - eth_getBalance
[2022/10/13 12:37:12.336] - eth_getTransactionCount
[2022/10/13 12:37:12.336] - eth_getBalance
[2022/10/13 12:37:12.336] - eth_getTransactionCount
[2022/10/13 12:37:12.336] - eth_getBalance
[2022/10/13 12:37:12.336] - eth_getTransactionCount
[2022/10/13 12:37:12.468] - eth_getBlockByNumber
[2022/10/13 12:37:12.923] - eth_getBlockByNumber
[2022/10/13 12:37:13.280] - eth_getBlockByNumber
[2022/10/13 12:37:13.283] - eth_blockNumber
[2022/10/13 12:37:13.427] - eth_getBlockByNumber
[2022/10/13 12:37:13.435] - eth_getBlockByNumber
[2022/10/13 12:37:13.438] - eth_estimateGas
[2022/10/13 12:37:13.679] - eth_getBlockByNumber
[2022/10/13 12:37:13.940] - eth_getBlockByNumber
[2022/10/13 12:37:14.490] - eth_getBlockByNumber
[2022/10/13 12:37:14.560] - eth_getBlockByNumber
[2022/10/13 12:37:14.560] - eth_getBlockByNumber
[2022/10/13 12:37:14.560] - eth_gasPrice
[2022/10/13 12:37:14.573] - eth_getBlockByNumber
[2022/10/13 12:37:14.573] - eth_getBlockByNumber
[2022/10/13 12:37:14.587] - eth_sendTransaction
[2022/10/13 12:37:14.963] - eth_getBlockByNumber
[2022/10/13 12:37:15.122] - 
[2022/10/13 12:37:15.124] -   Transaction: 0x81f839dfee43a83e11d056b9c5ba74dd1a380ec08d6fbaa35ad23b1391389e0f
[2022/10/13 12:37:15.124] -   Contract created: 0xcbd58ed768cb532a42a294a44b44bd09ca53c075
[2022/10/13 12:37:15.124] -   Gas usage: 1711177
[2022/10/13 12:37:15.124] -   Block Number: 35
[2022/10/13 12:37:15.124] -   Block Time: Thu Oct 13 2022 12:37:14 GMT+0530 (India Standard Time)
[2022/10/13 12:37:15.124] - 
[2022/10/13 12:37:15.124] - eth_getBlockByNumber
[2022/10/13 12:37:15.124] - eth_getTransactionReceipt
[2022/10/13 12:37:15.139] - eth_getBlockByNumber
[2022/10/13 12:37:15.141] - eth_getBalance
[2022/10/13 12:37:15.152] - eth_getCode
[2022/10/13 12:37:15.155] - eth_getTransactionCount
[2022/10/13 12:37:15.170] - eth_getBalance
[2022/10/13 12:37:15.170] - eth_getBlockByNumber
[2022/10/13 12:37:15.178] - eth_getTransactionCount
[2022/10/13 12:37:15.186] - eth_getBlockByNumber
[2022/10/13 12:37:15.186] - eth_getBalance
[2022/10/13 12:37:15.200] - eth_estimateGas
[2022/10/13 12:37:15.218] - eth_getTransactionCount
[2022/10/13 12:37:15.218] - eth_getBalance
[2022/10/13 12:37:15.234] - eth_getTransactionCount
[2022/10/13 12:37:15.248] - eth_getBalance
[2022/10/13 12:37:15.262] - eth_getTransactionCount
[2022/10/13 12:37:15.360] - eth_getBlockByNumber
[2022/10/13 12:37:15.360] - eth_gasPrice
[2022/10/13 12:37:15.430] - eth_sendTransaction
[2022/10/13 12:37:15.500] - eth_getBlockByNumber
[2022/10/13 12:37:15.537] - 
[2022/10/13 12:37:15.538] -   Transaction: 0x22090a8fae980aaae6d98b5ed9cc0edf754729a3ff2ad2be40d20adac134c6c8
[2022/10/13 12:37:15.539] -   Gas usage: 27513
[2022/10/13 12:37:15.540] -   Block Number: 36
[2022/10/13 12:37:15.541] -   Block Time: Thu Oct 13 2022 12:37:15 GMT+0530 (India Standard Time)
[2022/10/13 12:37:15.542] - 
[2022/10/13 12:37:15.545] - eth_getBlockByNumber
[2022/10/13 12:37:15.550] - eth_getTransactionReceipt
[2022/10/13 12:37:15.554] - eth_getBlockByNumber
[2022/10/13 12:37:15.614] - evm_snapshot
[2022/10/13 12:37:15.621] - Saved snapshot #6
[2022/10/13 12:37:15.707] - eth_blockNumber
[2022/10/13 12:37:15.739] - eth_getBlockByNumber
[2022/10/13 12:37:15.764] - eth_call
[2022/10/13 12:37:15.802] - eth_getBalance
[2022/10/13 12:37:15.826] - eth_getTransactionCount
[2022/10/13 12:37:15.834] - eth_getBalance
[2022/10/13 12:37:15.847] - eth_getTransactionCount
[2022/10/13 12:37:15.860] - eth_getBalance
[2022/10/13 12:37:15.866] - eth_getTransactionCount
[2022/10/13 12:37:15.881] - eth_getBalance
[2022/10/13 12:37:15.897] - eth_call
[2022/10/13 12:37:15.898] - eth_getTransactionCount
[2022/10/13 12:37:15.948] - eth_getBlockByNumber
[2022/10/13 12:37:16.065] - eth_call
[2022/10/13 12:37:16.070] - eth_getBlockByNumber
[2022/10/13 12:37:16.153] - eth_getBlockByNumber
[2022/10/13 12:37:16.199] - eth_blockNumber
[2022/10/13 12:37:16.201] - eth_getBlockByNumber
[2022/10/13 12:37:16.233] - eth_getBlockByNumber
[2022/10/13 12:37:16.255] - eth_getBalance
[2022/10/13 12:37:16.268] - eth_getBalance
[2022/10/13 12:37:16.295] - eth_call
[2022/10/13 12:37:16.388] - eth_getBlockByNumber
[2022/10/13 12:37:16.405] - eth_estimateGas
[2022/10/13 12:37:16.567] - eth_getBlockByNumber
[2022/10/13 12:37:16.567] - eth_getBlockByNumber
[2022/10/13 12:37:16.957] - eth_getBlockByNumber
[2022/10/13 12:37:17.156] - eth_getBlockByNumber
[2022/10/13 12:37:17.493] - eth_getBlockByNumber
[2022/10/13 12:37:17.493] - eth_gasPrice
[2022/10/13 12:37:17.505] - eth_getBlockByNumber
[2022/10/13 12:37:17.507] - eth_getBlockByNumber
[2022/10/13 12:37:17.510] - eth_getBlockByNumber
[2022/10/13 12:37:17.510] - eth_getBlockByNumber
[2022/10/13 12:37:17.510] - eth_getBlockByNumber
[2022/10/13 12:37:17.521] - eth_sendTransaction
[2022/10/13 12:37:17.521] - eth_getBlockByNumber
[2022/10/13 12:37:17.635] - eth_getBlockByNumber
[2022/10/13 12:37:17.960] - eth_getBlockByNumber
[2022/10/13 12:37:18.028] - 
[2022/10/13 12:37:18.028] -   Transaction: 0x48b2e3493ee93f0220a86080bc9936ebc7be67e93116e5de339c28553662698a
[2022/10/13 12:37:18.028] -   Gas usage: 318060
[2022/10/13 12:37:18.028] -   Block Number: 37
[2022/10/13 12:37:18.037] -   Block Time: Thu Oct 13 2022 12:37:17 GMT+0530 (India Standard Time)
[2022/10/13 12:37:18.037] - 
[2022/10/13 12:37:18.037] - eth_getBlockByNumber
[2022/10/13 12:37:18.037] - eth_getTransactionReceipt
[2022/10/13 12:37:18.046] - eth_getBlockByNumber
[2022/10/13 12:37:18.052] - eth_getBalance
[2022/10/13 12:37:18.052] - eth_getBlockByNumber
[2022/10/13 12:37:18.061] - eth_getBalance
[2022/10/13 12:37:18.065] - eth_getTransactionCount
[2022/10/13 12:37:18.065] - eth_getBalance
[2022/10/13 12:37:18.077] - eth_call
[2022/10/13 12:37:18.077] - eth_getBalance
[2022/10/13 12:37:18.077] - eth_getTransactionCount
[2022/10/13 12:37:18.101] - eth_getBalance
[2022/10/13 12:37:18.108] - eth_getTransactionCount
[2022/10/13 12:37:18.123] - eth_getBalance
[2022/10/13 12:37:18.164] - eth_getTransactionCount
[2022/10/13 12:37:18.170] - eth_getBlockByNumber
[2022/10/13 12:37:18.170] - eth_getBalance
[2022/10/13 12:37:18.196] - eth_blockNumber
[2022/10/13 12:37:18.198] - eth_getTransactionCount
[2022/10/13 12:37:18.268] - eth_getBlockByNumber
[2022/10/13 12:37:18.303] - eth_getBlockByNumber
[2022/10/13 12:37:18.306] - eth_getBlockByNumber
[2022/10/13 12:37:18.327] - eth_estimateGas
[2022/10/13 12:37:19.055] - eth_getBlockByNumber
[2022/10/13 12:37:19.057] - eth_getBlockByNumber
[2022/10/13 12:37:19.059] - eth_getBlockByNumber
[2022/10/13 12:37:19.063] - eth_blockNumber
[2022/10/13 12:37:19.065] - eth_getBlockByNumber
[2022/10/13 12:37:19.069] - eth_getBlockByNumber
[2022/10/13 12:37:19.074] - eth_getBlockByNumber
[2022/10/13 12:37:19.106] - eth_getBlockByNumber
[2022/10/13 12:37:19.112] - eth_getBlockByNumber
[2022/10/13 12:37:19.115] - eth_getBlockByNumber
[2022/10/13 12:37:19.124] - eth_getBlockByNumber
[2022/10/13 12:37:19.139] - eth_estimateGas
[2022/10/13 12:37:19.171] - eth_getBlockByNumber
[2022/10/13 12:37:19.224] - eth_getBlockByNumber
[2022/10/13 12:37:19.225] - eth_blockNumber
[2022/10/13 12:37:19.259] - eth_getBlockByNumber
[2022/10/13 12:37:19.278] - eth_blockNumber
[2022/10/13 12:37:19.310] - eth_getBlockByNumber
[2022/10/13 12:37:19.326] - eth_getBalance
[2022/10/13 12:37:19.340] - eth_getBalance
[2022/10/13 12:37:19.359] - eth_call
[2022/10/13 12:37:19.441] - eth_getBlockByNumber
[2022/10/13 12:37:19.461] - eth_estimateGas
[2022/10/13 12:37:20.048] - eth_getBlockByNumber
[2022/10/13 12:37:20.049] - eth_getBlockByNumber
[2022/10/13 12:37:20.051] - eth_getBlockByNumber
[2022/10/13 12:37:20.069] - eth_getBlockByNumber
[2022/10/13 12:37:20.180] - eth_getBlockByNumber
[2022/10/13 12:37:20.570] - eth_getBlockByNumber
[2022/10/13 12:37:20.572] - eth_gasPrice
[2022/10/13 12:37:20.572] - eth_getBlockByNumber
[2022/10/13 12:37:20.577] - eth_getBlockByNumber
[2022/10/13 12:37:20.579] - eth_getBlockByNumber
[2022/10/13 12:37:20.582] - eth_getBlockByNumber
[2022/10/13 12:37:20.593] - eth_getBlockByNumber
[2022/10/13 12:37:20.614] - eth_sendTransaction
[2022/10/13 12:37:21.050] - eth_getBlockByNumber
[2022/10/13 12:37:21.050] - eth_getBlockByNumber
[2022/10/13 12:37:21.050] - eth_getBlockByNumber
[2022/10/13 12:37:21.076] - eth_getBlockByNumber
[2022/10/13 12:37:21.082] - 
[2022/10/13 12:37:21.082] -   Transaction: 0x4b9892ee231d12790a829724010a47ae2a5c05a115c638f2de14fa95ef43a1bd
[2022/10/13 12:37:21.082] -   Gas usage: 317348
[2022/10/13 12:37:21.092] -   Block Number: 38
[2022/10/13 12:37:21.094] -   Block Time: Thu Oct 13 2022 12:37:20 GMT+0530 (India Standard Time)
[2022/10/13 12:37:21.094] - 
[2022/10/13 12:37:21.094] - eth_getBlockByNumber
[2022/10/13 12:37:21.099] - eth_getTransactionReceipt
[2022/10/13 12:37:21.103] - eth_getBlockByNumber
[2022/10/13 12:37:21.105] - eth_getBlockByNumber
[2022/10/13 12:37:21.113] - eth_getBlockByNumber
[2022/10/13 12:37:21.124] - eth_getBlockByNumber
[2022/10/13 12:37:21.126] - eth_getBalance
[2022/10/13 12:37:21.143] - eth_getBalance
[2022/10/13 12:37:21.148] - eth_getTransactionCount
[2022/10/13 12:37:21.148] - eth_getBalance
[2022/10/13 12:37:21.156] - eth_getBalance
[2022/10/13 12:37:21.156] - eth_call
[2022/10/13 12:37:21.163] - eth_getTransactionCount
[2022/10/13 12:37:21.174] - eth_getBalance
[2022/10/13 12:37:21.180] - eth_getTransactionCount
[2022/10/13 12:37:21.188] - eth_getBlockByNumber
[2022/10/13 12:37:21.190] - eth_getBalance
[2022/10/13 12:37:21.190] - eth_getTransactionCount
[2022/10/13 12:37:21.211] - eth_getBalance
[2022/10/13 12:37:21.211] - eth_getTransactionCount
[2022/10/13 12:37:21.246] - eth_blockNumber
[2022/10/13 12:37:21.271] - eth_getBlockByNumber
[2022/10/13 12:37:21.340] - eth_getBlockByNumber
[2022/10/13 12:37:21.360] - eth_getBalance
[2022/10/13 12:37:21.374] - eth_getBalance
[2022/10/13 12:37:21.390] - eth_call
[2022/10/13 12:37:21.490] - eth_call
[2022/10/13 12:37:22.032] - eth_getBalance
[2022/10/13 12:37:22.053] - eth_getBlockByNumber
[2022/10/13 12:37:22.055] - eth_getBlockByNumber
[2022/10/13 12:37:22.055] - eth_getBlockByNumber
[2022/10/13 12:37:22.055] - eth_getBalance
[2022/10/13 12:37:22.055] - eth_getBlockByNumber
[2022/10/13 12:37:22.064] - eth_getBlockByNumber
[2022/10/13 12:37:22.064] - eth_getBlockByNumber
[2022/10/13 12:37:22.074] - eth_call
[2022/10/13 12:37:22.076] - eth_getBlockByNumber
[2022/10/13 12:37:22.144] - eth_getBlockByNumber
[2022/10/13 12:37:22.188] - eth_getBlockByNumber
[2022/10/13 12:37:22.191] - eth_getBlockByNumber
[2022/10/13 12:37:22.203] - eth_getBlockByNumber
[2022/10/13 12:37:22.204] - eth_getBlockByNumber
[2022/10/13 12:37:22.208] - eth_getLogs
[2022/10/13 12:37:22.215] - eth_getBlockByNumber
[2022/10/13 12:38:20.759] - eth_blockNumber
[2022/10/13 12:38:20.780] - net_version
[2022/10/13 12:38:20.799] - eth_accounts
[2022/10/13 12:38:20.830] - eth_blockNumber
[2022/10/13 12:38:20.848] - net_version
[2022/10/13 12:38:22.553] - eth_accounts
[2022/10/13 12:38:24.040] - eth_getBlockByNumber
[2022/10/13 12:38:24.061] - eth_accounts
[2022/10/13 12:38:24.088] - eth_getBlockByNumber
[2022/10/13 12:38:24.103] - eth_getBlockByNumber
[2022/10/13 12:38:24.118] - eth_getBlockByNumber
[2022/10/13 12:38:24.145] - eth_estimateGas
[2022/10/13 12:38:24.502] - eth_getBlockByNumber
[2022/10/13 12:38:24.502] - eth_blockNumber
[2022/10/13 12:38:24.514] - eth_estimateGas
[2022/10/13 12:38:24.758] - eth_getBlockByNumber
[2022/10/13 12:38:24.758] - eth_gasPrice
[2022/10/13 12:38:24.769] - eth_sendTransaction
[2022/10/13 12:38:24.951] - 
[2022/10/13 12:38:24.963] -   Transaction: 0x7bd8cdb3a1706193b0581abfb04327099fde71962e5b58ed63d955499d95f902
[2022/10/13 12:38:24.964] -   Contract created: 0x95aa328ac44c29a8fba48e728c6b4cf310b8b1d9
[2022/10/13 12:38:24.966] -   Gas usage: 248854
[2022/10/13 12:38:24.967] -   Block Number: 39
[2022/10/13 12:38:24.968] -   Block Time: Thu Oct 13 2022 12:38:24 GMT+0530 (India Standard Time)
[2022/10/13 12:38:24.968] - 
[2022/10/13 12:38:24.970] - eth_getBlockByNumber
[2022/10/13 12:38:24.975] - eth_getTransactionReceipt
[2022/10/13 12:38:24.991] - eth_getCode
[2022/10/13 12:38:24.994] - eth_getBalance
[2022/10/13 12:38:24.998] - eth_getBlockByNumber
[2022/10/13 12:38:24.998] - eth_getTransactionCount
[2022/10/13 12:38:25.014] - eth_getBlockByNumber
[2022/10/13 12:38:25.020] - eth_getBalance
[2022/10/13 12:38:25.030] - eth_estimateGas
[2022/10/13 12:38:25.034] - eth_getTransactionCount
[2022/10/13 12:38:25.052] - eth_getBalance
[2022/10/13 12:38:25.052] - eth_getTransactionCount
[2022/10/13 12:38:25.073] - eth_getBalance
[2022/10/13 12:38:25.082] - eth_getTransactionCount
[2022/10/13 12:38:25.091] - eth_getBalance
[2022/10/13 12:38:25.104] - eth_getTransactionCount
[2022/10/13 12:38:25.300] - eth_getBlockByNumber
[2022/10/13 12:38:25.300] - eth_gasPrice
[2022/10/13 12:38:25.409] - eth_sendTransaction
[2022/10/13 12:38:25.645] - 
[2022/10/13 12:38:25.645] -   Transaction: 0x0ef2216a266a785e47e751ed4ce4cd9607a600bf9740de0f50c025833b2e685a
[2022/10/13 12:38:25.645] -   Gas usage: 42513
[2022/10/13 12:38:25.645] -   Block Number: 40
[2022/10/13 12:38:25.645] -   Block Time: Thu Oct 13 2022 12:38:25 GMT+0530 (India Standard Time)
[2022/10/13 12:38:25.645] - 
[2022/10/13 12:38:25.645] - eth_getBlockByNumber
[2022/10/13 12:38:25.645] - eth_getTransactionReceipt
[2022/10/13 12:38:25.677] - eth_getBalance
[2022/10/13 12:38:25.686] - eth_getBlockByNumber
[2022/10/13 12:38:25.686] - eth_getTransactionCount
[2022/10/13 12:38:25.692] - eth_accounts
[2022/10/13 12:38:25.697] - eth_getBalance
[2022/10/13 12:38:25.708] - eth_getTransactionCount
[2022/10/13 12:38:25.724] - eth_getBlockByNumber
[2022/10/13 12:38:25.724] - eth_getBalance
[2022/10/13 12:38:25.740] - eth_getBlockByNumber
[2022/10/13 12:38:25.756] - eth_getBlockByNumber
[2022/10/13 12:38:25.771] - eth_getTransactionCount
[2022/10/13 12:38:25.776] - eth_estimateGas
[2022/10/13 12:38:25.787] - eth_getBalance
[2022/10/13 12:38:25.798] - eth_getTransactionCount
[2022/10/13 12:38:26.112] - eth_getBalance
[2022/10/13 12:38:26.112] - eth_getTransactionCount
[2022/10/13 12:38:26.112] - eth_getBlockByNumber
[2022/10/13 12:38:26.691] - eth_getBlockByNumber
[2022/10/13 12:38:27.014] - eth_getBlockByNumber
[2022/10/13 12:38:27.038] - eth_getBlockByNumber
[2022/10/13 12:38:27.044] - eth_blockNumber
[2022/10/13 12:38:27.052] - eth_getBlockByNumber
[2022/10/13 12:38:27.062] - eth_getBlockByNumber
[2022/10/13 12:38:27.083] - eth_getBlockByNumber
[2022/10/13 12:38:27.105] - eth_estimateGas
[2022/10/13 12:38:27.697] - eth_getBlockByNumber
[2022/10/13 12:38:28.012] - eth_getBlockByNumber
[2022/10/13 12:38:28.220] - eth_getBlockByNumber
[2022/10/13 12:38:28.220] - eth_gasPrice
[2022/10/13 12:38:28.224] - eth_getBlockByNumber
[2022/10/13 12:38:28.230] - eth_getBlockByNumber
[2022/10/13 12:38:28.236] - eth_sendTransaction
[2022/10/13 12:38:28.682] - eth_getBlockByNumber
[2022/10/13 12:38:28.853] - 
[2022/10/13 12:38:28.854] -   Transaction: 0xff007277f228095ffb477255d48580dd975a4b01f679255e0fa278627ce50d42
[2022/10/13 12:38:28.856] -   Contract created: 0x208c1a4007380ec6d5c4301b98a9b43512745fa9
[2022/10/13 12:38:28.856] -   Gas usage: 1711177
[2022/10/13 12:38:28.857] -   Block Number: 41
[2022/10/13 12:38:28.857] -   Block Time: Thu Oct 13 2022 12:38:28 GMT+0530 (India Standard Time)
[2022/10/13 12:38:28.860] - 
[2022/10/13 12:38:28.863] - eth_getBlockByNumber
[2022/10/13 12:38:28.863] - eth_getTransactionReceipt
[2022/10/13 12:38:28.863] - eth_getBlockByNumber
[2022/10/13 12:38:28.879] - eth_getBalance
[2022/10/13 12:38:28.879] - eth_getCode
[2022/10/13 12:38:28.891] - eth_getTransactionCount
[2022/10/13 12:38:28.905] - eth_getBalance
[2022/10/13 12:38:28.906] - eth_getBlockByNumber
[2022/10/13 12:38:28.906] - eth_getTransactionCount
[2022/10/13 12:38:28.932] - eth_getBlockByNumber
[2022/10/13 12:38:28.932] - eth_getBalance
[2022/10/13 12:38:28.932] - eth_getTransactionCount
[2022/10/13 12:38:28.946] - eth_estimateGas
[2022/10/13 12:38:28.946] - eth_getBalance
[2022/10/13 12:38:28.971] - eth_getTransactionCount
[2022/10/13 12:38:28.987] - eth_getBalance
[2022/10/13 12:38:29.009] - eth_getBlockByNumber
[2022/10/13 12:38:29.009] - eth_getTransactionCount
[2022/10/13 12:38:29.169] - eth_getBlockByNumber
[2022/10/13 12:38:29.169] - eth_gasPrice
[2022/10/13 12:38:29.216] - eth_getBlockByNumber
[2022/10/13 12:38:29.227] - eth_sendTransaction
[2022/10/13 12:38:29.369] - 
[2022/10/13 12:38:29.369] -   Transaction: 0x8b7d61cc6ece149f9cecc6ebbd989461dc29f1f438dd006364d0873b3ee0f9a7
[2022/10/13 12:38:29.369] -   Gas usage: 27513
[2022/10/13 12:38:29.369] -   Block Number: 42
[2022/10/13 12:38:29.378] -   Block Time: Thu Oct 13 2022 12:38:29 GMT+0530 (India Standard Time)
[2022/10/13 12:38:29.378] - 
[2022/10/13 12:38:29.378] - eth_getBlockByNumber
[2022/10/13 12:38:29.378] - eth_getTransactionReceipt
[2022/10/13 12:38:29.463] - evm_snapshot
[2022/10/13 12:38:29.475] - Saved snapshot #7
[2022/10/13 12:38:29.560] - eth_blockNumber
[2022/10/13 12:38:29.567] - eth_getBalance
[2022/10/13 12:38:29.585] - eth_getTransactionCount
[2022/10/13 12:38:29.599] - eth_getBlockByNumber
[2022/10/13 12:38:29.599] - eth_getBalance
[2022/10/13 12:38:29.605] - eth_getTransactionCount
[2022/10/13 12:38:29.620] - eth_call
[2022/10/13 12:38:29.620] - eth_getBalance
[2022/10/13 12:38:29.632] - eth_getTransactionCount
[2022/10/13 12:38:29.632] - eth_getBalance
[2022/10/13 12:38:29.701] - eth_getBlockByNumber
[2022/10/13 12:38:29.765] - eth_call
[2022/10/13 12:38:29.799] - eth_getBlockByNumber
[2022/10/13 12:38:29.885] - eth_getBlockByNumber
[2022/10/13 12:38:29.916] - eth_call
[2022/10/13 12:38:29.916] - eth_getBlockByNumber
[2022/10/13 12:38:30.015] - eth_getBlockByNumber
[2022/10/13 12:38:30.034] - eth_blockNumber
[2022/10/13 12:38:30.038] - eth_getBlockByNumber
[2022/10/13 12:38:30.065] - eth_getBlockByNumber
[2022/10/13 12:38:30.084] - eth_getBalance
[2022/10/13 12:38:30.098] - eth_getBalance
[2022/10/13 12:38:30.114] - eth_call
[2022/10/13 12:38:30.222] - eth_getBlockByNumber
[2022/10/13 12:38:30.238] - eth_estimateGas
[2022/10/13 12:38:30.398] - eth_getBlockByNumber
[2022/10/13 12:38:30.701] - eth_getBlockByNumber
[2022/10/13 12:38:30.896] - eth_getBlockByNumber
[2022/10/13 12:38:31.022] - eth_getBlockByNumber
[2022/10/13 12:38:31.251] - eth_getBlockByNumber
[2022/10/13 12:38:31.255] - eth_gasPrice
[2022/10/13 12:38:31.258] - eth_getBlockByNumber
[2022/10/13 12:38:31.261] - eth_getBlockByNumber
[2022/10/13 12:38:31.265] - eth_getBlockByNumber
[2022/10/13 12:38:31.270] - eth_getBlockByNumber
[2022/10/13 12:38:31.272] - eth_sendTransaction
[2022/10/13 12:38:31.399] - eth_getBlockByNumber
[2022/10/13 12:38:31.716] - eth_getBlockByNumber
[2022/10/13 12:38:31.803] - 
[2022/10/13 12:38:31.803] -   Transaction: 0xd6ef1e8e3e82a0e06d06ce02ee906f27714bf58b98b78d8132699cab53a76f6d
[2022/10/13 12:38:31.803] -   Gas usage: 318060
[2022/10/13 12:38:31.803] -   Block Number: 43
[2022/10/13 12:38:31.809] -   Block Time: Thu Oct 13 2022 12:38:31 GMT+0530 (India Standard Time)
[2022/10/13 12:38:31.810] - 
[2022/10/13 12:38:31.812] - eth_getBlockByNumber
[2022/10/13 12:38:31.812] - eth_getTransactionReceipt
[2022/10/13 12:38:31.818] - eth_getBlockByNumber
[2022/10/13 12:38:31.818] - eth_getBlockByNumber
[2022/10/13 12:38:31.818] - eth_getBalance
[2022/10/13 12:38:31.828] - eth_getBalance
[2022/10/13 12:38:31.841] - eth_getBalance
[2022/10/13 12:38:31.843] - eth_getTransactionCount
[2022/10/13 12:38:31.850] - eth_call
[2022/10/13 12:38:31.853] - eth_getBalance
[2022/10/13 12:38:31.866] - eth_getTransactionCount
[2022/10/13 12:38:31.871] - eth_getBalance
[2022/10/13 12:38:31.898] - eth_getTransactionCount
[2022/10/13 12:38:31.898] - eth_getBlockByNumber
[2022/10/13 12:38:31.934] - eth_getBalance
[2022/10/13 12:38:31.946] - eth_blockNumber
[2022/10/13 12:38:31.965] - eth_getTransactionCount
[2022/10/13 12:38:31.969] - eth_getBlockByNumber
[2022/10/13 12:38:31.978] - eth_getBalance
[2022/10/13 12:38:31.992] - eth_getTransactionCount
[2022/10/13 12:38:32.002] - eth_getBlockByNumber
[2022/10/13 12:38:32.040] - eth_getBlockByNumber
[2022/10/13 12:38:32.047] - eth_getBlockByNumber
[2022/10/13 12:38:32.051] - eth_getBlockByNumber
[2022/10/13 12:38:32.051] - eth_estimateGas
[2022/10/13 12:38:32.699] - eth_getBlockByNumber
[2022/10/13 12:38:32.701] - eth_blockNumber
[2022/10/13 12:38:32.728] - eth_getBlockByNumber
[2022/10/13 12:38:32.731] - eth_getBlockByNumber
[2022/10/13 12:38:32.732] - eth_getBlockByNumber
[2022/10/13 12:38:32.745] - eth_getBlockByNumber
[2022/10/13 12:38:32.750] - eth_getBlockByNumber
[2022/10/13 12:38:32.762] - eth_estimateGas
[2022/10/13 12:38:32.823] - eth_getBlockByNumber
[2022/10/13 12:38:32.836] - eth_blockNumber
[2022/10/13 12:38:32.839] - eth_getBlockByNumber
[2022/10/13 12:38:32.862] - eth_getBlockByNumber
[2022/10/13 12:38:32.875] - eth_blockNumber
[2022/10/13 12:38:32.910] - eth_getBlockByNumber
[2022/10/13 12:38:32.913] - eth_getBlockByNumber
[2022/10/13 12:38:32.920] - eth_getBalance
[2022/10/13 12:38:32.924] - eth_getBlockByNumber
[2022/10/13 12:38:32.928] - eth_getBalance
[2022/10/13 12:38:32.935] - eth_call
[2022/10/13 12:38:33.018] - eth_getBlockByNumber
[2022/10/13 12:38:33.038] - eth_estimateGas
[2022/10/13 12:38:33.040] - eth_getBlockByNumber
[2022/10/13 12:38:33.689] - eth_getBlockByNumber
[2022/10/13 12:38:33.736] - eth_getBlockByNumber
[2022/10/13 12:38:33.836] - eth_getBlockByNumber
[2022/10/13 12:38:33.919] - eth_getBlockByNumber
[2022/10/13 12:38:34.006] - eth_getBlockByNumber
[2022/10/13 12:38:34.006] - eth_gasPrice
[2022/10/13 12:38:34.006] - eth_getBlockByNumber
[2022/10/13 12:38:34.006] - eth_getBlockByNumber
[2022/10/13 12:38:34.015] - eth_getBlockByNumber
[2022/10/13 12:38:34.023] - eth_getBlockByNumber
[2022/10/13 12:38:34.023] - eth_getBlockByNumber
[2022/10/13 12:38:34.031] - eth_sendTransaction
[2022/10/13 12:38:34.115] - eth_getBlockByNumber
[2022/10/13 12:38:34.690] - eth_getBlockByNumber
[2022/10/13 12:38:34.704] - 
[2022/10/13 12:38:34.704] -   Transaction: 0x18dbb3cbbc01e3331e7f3c05cfb8e22751fce0f37677470e3af28a08adce70d8
[2022/10/13 12:38:34.704] -   Gas usage: 317348
[2022/10/13 12:38:34.704] -   Block Number: 44
[2022/10/13 12:38:34.704] -   Block Time: Thu Oct 13 2022 12:38:34 GMT+0530 (India Standard Time)
[2022/10/13 12:38:34.704] - 
[2022/10/13 12:38:34.704] - eth_getBlockByNumber
[2022/10/13 12:38:34.719] - eth_getTransactionReceipt
[2022/10/13 12:38:34.722] - eth_getBlockByNumber
[2022/10/13 12:38:34.726] - eth_getBlockByNumber
[2022/10/13 12:38:34.726] - eth_getBalance
[2022/10/13 12:38:34.737] - eth_getBlockByNumber
[2022/10/13 12:38:34.741] - eth_getBalance
[2022/10/13 12:38:34.741] - eth_getBalance
[2022/10/13 12:38:34.741] - eth_getBlockByNumber
[2022/10/13 12:38:34.752] - eth_call
[2022/10/13 12:38:34.768] - eth_getTransactionCount
[2022/10/13 12:38:34.777] - eth_getBalance
[2022/10/13 12:38:34.784] - eth_getTransactionCount
[2022/10/13 12:38:34.784] - eth_getBalance
[2022/10/13 12:38:34.804] - eth_getTransactionCount
[2022/10/13 12:38:34.817] - eth_blockNumber
[2022/10/13 12:38:34.819] - eth_getBalance
[2022/10/13 12:38:34.820] - eth_getTransactionCount
[2022/10/13 12:38:34.834] - eth_getBalance
[2022/10/13 12:38:34.836] - eth_getBlockByNumber
[2022/10/13 12:38:34.840] - eth_getTransactionCount
[2022/10/13 12:38:34.866] - eth_getBlockByNumber
[2022/10/13 12:38:34.887] - eth_getBlockByNumber
[2022/10/13 12:38:34.894] - eth_getBalance
[2022/10/13 12:38:34.900] - eth_getBalance
[2022/10/13 12:38:34.918] - eth_call
[2022/10/13 12:38:34.920] - eth_getBlockByNumber
[2022/10/13 12:38:34.991] - eth_call
[2022/10/13 12:38:34.991] - eth_getBlockByNumber
[2022/10/13 12:38:35.076] - eth_getBlockByNumber
[2022/10/13 12:38:35.440] - eth_getBalance
[2022/10/13 12:38:35.441] - eth_getBlockByNumber
[2022/10/13 12:38:35.445] - eth_getBalance
[2022/10/13 12:38:35.457] - eth_call
[2022/10/13 12:38:35.560] - eth_getBlockByNumber
[2022/10/13 12:38:35.571] - eth_getLogs
[2022/10/13 12:39:06.780] - eth_getBlockByNumber
[2022/10/13 12:39:06.835] - eth_getTransactionReceipt
[2022/10/13 12:39:06.879] - eth_getBlockByNumber
[2022/10/13 12:39:06.904] - eth_getTransactionReceipt
[2022/10/13 12:39:06.940] - eth_getBlockByNumber
[2022/10/13 12:39:06.981] - eth_getTransactionReceipt
[2022/10/13 12:39:07.016] - eth_getBlockByNumber
[2022/10/13 12:39:07.040] - eth_getTransactionReceipt
[2022/10/13 12:39:07.084] - eth_getBlockByNumber
[2022/10/13 12:39:07.121] - eth_getTransactionReceipt
[2022/10/13 12:39:07.157] - eth_getBlockByNumber
[2022/10/13 12:39:07.191] - eth_getTransactionReceipt
[2022/10/13 12:39:07.236] - eth_getBlockByNumber
[2022/10/13 12:39:07.273] - eth_getTransactionReceipt
[2022/10/13 12:39:07.311] - eth_getBlockByNumber
[2022/10/13 12:39:07.343] - eth_getTransactionReceipt
[2022/10/13 12:39:07.385] - eth_getBlockByNumber
[2022/10/13 12:39:07.425] - eth_getTransactionReceipt
[2022/10/13 12:39:07.458] - eth_getBlockByNumber
[2022/10/13 12:39:07.482] - eth_getTransactionReceipt
[2022/10/13 12:39:07.524] - eth_getBlockByNumber
[2022/10/13 12:39:07.562] - eth_getTransactionReceipt
[2022/10/13 12:42:54.782] - eth_unsubscribe
[2022/10/13 12:42:54.783] - eth_unsubscribe
