[2022/10/13 12:10:09.543] - Starting server with initial configuration: {"gasLimit":6721975,"gasPrice":20000000000,"hardfork":"muirGlacier","hostname":"127.0.0.1","port":7545,"network_id":5777,"default_balance_ether":100,"total_accounts":10,"unlocked_accounts":[],"locked":true,"vmErrorsOnRPCResponse":true,"verbose":false,"db_path":"C:\\Users\\Tanis\\AppData\\Roaming\\Ganache\\workspaces\\wallet_nofunds\\chaindata","logDirectory":"C:\\Users\\Tanis\\Desktop\\Files\\projects\\wallet\\logs"}
[2022/10/13 12:10:09.645] - eth_getCode
[2022/10/13 12:10:09.647] - eth_subscribe
[2022/10/13 12:10:09.649] - eth_getLogs
[2022/10/13 12:10:09.650] - eth_subscribe
[2022/10/13 12:10:09.663] - eth_getCode
[2022/10/13 12:10:09.743] - eth_getCode
[2022/10/13 12:10:09.746] - eth_subscribe
[2022/10/13 12:10:09.747] - eth_getLogs
[2022/10/13 12:10:09.748] - eth_subscribe
[2022/10/13 12:10:09.752] - eth_getCode
[2022/10/13 12:10:09.937] - eth_blockNumber
[2022/10/13 12:10:09.937] - eth_accounts
[2022/10/13 12:10:09.937] - eth_blockNumber
[2022/10/13 12:10:09.937] - eth_gasPrice
[2022/10/13 12:10:09.937] - eth_accounts
[2022/10/13 12:10:09.937] - eth_getBlockByNumber
[2022/10/13 12:10:09.937] - eth_gasPrice
[2022/10/13 12:10:09.937] - eth_subscribe
[2022/10/13 12:10:09.937] - eth_getBlockByNumber
[2022/10/13 12:10:09.937] - eth_subscribe
[2022/10/13 12:10:09.968] - eth_accounts
[2022/10/13 12:10:10.037] - eth_getBalance
[2022/10/13 12:10:10.037] - eth_getTransactionCount
[2022/10/13 12:10:10.051] - eth_getBalance
[2022/10/13 12:10:10.059] - eth_getTransactionCount
[2022/10/13 12:10:10.070] - eth_getBalance
[2022/10/13 12:10:10.070] - eth_getTransactionCount
[2022/10/13 12:10:10.084] - eth_getBalance
[2022/10/13 12:10:10.091] - eth_getTransactionCount
[2022/10/13 12:10:10.099] - eth_getBalance
[2022/10/13 12:10:10.099] - eth_getTransactionCount
[2022/10/13 12:10:10.114] - eth_getBalance
[2022/10/13 12:10:10.114] - eth_getTransactionCount
[2022/10/13 12:10:10.139] - eth_getBalance
[2022/10/13 12:10:10.145] - eth_getTransactionCount
[2022/10/13 12:10:10.155] - eth_getBalance
[2022/10/13 12:10:10.163] - eth_getTransactionCount
[2022/10/13 12:10:10.175] - eth_getBalance
[2022/10/13 12:10:10.183] - eth_getTransactionCount
[2022/10/13 12:10:10.191] - eth_getBalance
[2022/10/13 12:10:10.199] - eth_getTransactionCount
[2022/10/13 12:10:10.222] - eth_getBalance
[2022/10/13 12:10:10.226] - eth_getTransactionCount
[2022/10/13 12:10:10.237] - eth_getBalance
[2022/10/13 12:10:10.243] - eth_getTransactionCount
[2022/10/13 12:10:10.243] - eth_getBalance
[2022/10/13 12:10:10.257] - eth_getTransactionCount
[2022/10/13 12:10:10.257] - eth_getBalance
[2022/10/13 12:10:10.273] - eth_getTransactionCount
[2022/10/13 12:10:10.273] - eth_getBalance
[2022/10/13 12:10:10.288] - eth_getTransactionCount
[2022/10/13 12:10:10.293] - eth_getBalance
[2022/10/13 12:10:10.304] - eth_getTransactionCount
[2022/10/13 12:10:10.307] - eth_getBalance
[2022/10/13 12:10:10.322] - eth_getTransactionCount
[2022/10/13 12:10:10.326] - eth_getBalance
[2022/10/13 12:10:10.336] - eth_getTransactionCount
[2022/10/13 12:10:10.352] - eth_getBalance
[2022/10/13 12:10:10.352] - eth_getTransactionCount
[2022/10/13 12:10:10.354] - eth_getBalance
[2022/10/13 12:10:10.354] - eth_getTransactionCount
[2022/10/13 12:10:10.370] - eth_getBalance
[2022/10/13 12:10:10.370] - eth_getTransactionCount
[2022/10/13 12:10:10.384] - eth_getBalance
[2022/10/13 12:10:10.392] - eth_getTransactionCount
[2022/10/13 12:10:10.403] - eth_getBalance
[2022/10/13 12:10:10.406] - eth_getTransactionCount
[2022/10/13 12:10:10.415] - eth_getBalance
[2022/10/13 12:10:10.423] - eth_getTransactionCount
[2022/10/13 12:10:10.431] - eth_getBalance
[2022/10/13 12:10:10.431] - eth_getTransactionCount
[2022/10/13 12:10:10.447] - eth_getBalance
[2022/10/13 12:10:10.462] - eth_getTransactionCount
[2022/10/13 12:10:10.466] - eth_getBalance
[2022/10/13 12:10:10.478] - eth_getTransactionCount
[2022/10/13 12:10:10.487] - eth_getBalance
[2022/10/13 12:10:10.493] - eth_getTransactionCount
[2022/10/13 12:10:10.493] - eth_getBalance
[2022/10/13 12:10:10.509] - eth_getTransactionCount
[2022/10/13 12:10:10.509] - eth_getBalance
[2022/10/13 12:10:10.525] - eth_getTransactionCount
[2022/10/13 12:10:10.654] - eth_getTransactionCount
[2022/10/13 12:10:10.659] - eth_getBalance
[2022/10/13 12:10:10.659] - eth_getTransactionCount
[2022/10/13 12:10:10.676] - eth_getBalance
[2022/10/13 12:10:10.679] - eth_getTransactionCount
[2022/10/13 12:10:10.687] - eth_getBalance
[2022/10/13 12:10:10.687] - eth_getTransactionCount
[2022/10/13 12:10:10.702] - eth_getBalance
[2022/10/13 12:10:10.702] - eth_getTransactionCount
[2022/10/13 12:10:10.720] - eth_getBalance
[2022/10/13 12:10:10.724] - eth_getTransactionCount
[2022/10/13 12:10:10.734] - eth_getBalance
[2022/10/13 12:10:10.734] - eth_getTransactionCount
[2022/10/13 12:10:10.749] - eth_getBalance
[2022/10/13 12:10:10.749] - eth_getTransactionCount
[2022/10/13 12:10:10.765] - eth_getBalance
[2022/10/13 12:10:10.765] - eth_getTransactionCount
[2022/10/13 12:10:10.781] - eth_getBalance
[2022/10/13 12:10:10.781] - eth_getTransactionCount
[2022/10/13 12:10:16.049] - eth_unsubscribe
[2022/10/13 12:10:16.051] - eth_unsubscribe
